[IPKernelApp] WARNING | Kernel is running over TCP without encryption. All communication (including code and outputs) is sent in plain text and is susceptible to eavesdropping. Use IPC transport or launch with kernel manager-provisioned CurveZMQ keys to enable transport encryption.
WARNING: All log messages before absl::InitializeLog() is called are written to STDERR
I0000 00:00:1782461855.061671 2751372 port.cc:153] oneDNN custom operations are on. You may see slightly different numerical results due to floating-point round-off errors from different computation orders. To turn them off, set the environment variable `TF_ENABLE_ONEDNN_OPTS=0`.
I0000 00:00:1782461855.062048 2751372 cudart_stub.cc:31] Could not find cuda drivers on your machine, GPU will not be used.
I0000 00:00:1782461855.088510 2751372 cpu_feature_guard.cc:227] This TensorFlow binary is optimized to use available CPU instructions in performance-critical operations.
To enable the following instructions: AVX2 AVX512F AVX512_VNNI AVX512_BF16 AVX_VNNI FMA, in other operations, rebuild TensorFlow with the appropriate compiler flags.
WARNING: All log messages before absl::InitializeLog() is called are written to STDERR
I0000 00:00:1782461856.159308 2751372 port.cc:153] oneDNN custom operations are on. You may see slightly different numerical results due to floating-point round-off errors from different computation orders. To turn them off, set the environment variable `TF_ENABLE_ONEDNN_OPTS=0`.
I0000 00:00:1782461856.159687 2751372 cudart_stub.cc:31] Could not find cuda drivers on your machine, GPU will not be used.
E0000 00:00:1782461856.290791 2751372 cuda_platform.cc:52] failed call to cuInit: INTERNAL: CUDA error: Failed call to cuInit: CUDA_ERROR_NO_DEVICE: no CUDA-capable device is detected
I0000 00:00:1782461856.290825 2751372 cuda_diagnostics.cc:160] env: CUDA_VISIBLE_DEVICES=""
I0000 00:00:1782461856.290835 2751372 cuda_diagnostics.cc:163] CUDA_VISIBLE_DEVICES is set to an empty string - this hides all GPUs from CUDA
I0000 00:00:1782461856.290844 2751372 cuda_diagnostics.cc:171] verbose logging is disabled. Rerun with verbose logging (usually --v=1 or --vmodule=cuda_diagnostics=1) to get more diagnostic output from this module
I0000 00:00:1782461856.290845 2751372 cuda_diagnostics.cc:176] retrieving CUDA diagnostic information for host: orion
I0000 00:00:1782461856.290847 2751372 cuda_diagnostics.cc:183] hostname: orion
I0000 00:00:1782461856.290927 2751372 cuda_diagnostics.cc:190] libcuda reported version is: 580.95.5
I0000 00:00:1782461856.290938 2751372 cuda_diagnostics.cc:194] kernel reported version is: 580.95.5
I0000 00:00:1782461856.290939 2751372 cuda_diagnostics.cc:284] kernel version seems to match DSO: 580.95.5
EXEC 32_cnc_qz_binned_counts_Y500c_vs_Y5R500c.ipynb
RESULT OK
