layout=L1_m9 snaps 17..77 (61 snapshots, z <= 3.0)
snap 0017: 347,607,912 lightcone rows
layout=L1_m9 snaps 17..77 (61 snapshots, z <= 3.0)
snap 0017: 347,607,912 lightcone rows
layout=L1_m9 snaps 17..77 (61 to process after prefilter, z <= 3.0)
snap 0017: 14,458 rows (186.7s)
snap 0018: 32,381 rows (74.9s)
snap 0019: 37,516 rows (105.0s)
snap 0020: 43,177 rows (101.2s)
snap 0021: 49,154 rows (124.0s)
snap 0022: 55,292 rows (121.4s)
snap 0023: 62,455 rows (126.3s)
snap 0024: 69,671 rows (132.7s)
snap 0025: 79,674 rows (132.6s)
snap 0026: 89,729 rows (122.7s)
snap 0027: 100,461 rows (138.8s)
snap 0028: 111,814 rows (123.6s)
snap 0029: 123,921 rows (147.4s)
snap 0030: 136,779 rows (136.0s)
snap 0031: 151,550 rows (158.9s)
snap 0032: 165,456 rows (130.5s)
snap 0033: 181,364 rows (144.0s)
snap 0034: 199,711 rows (184.7s)
snap 0035: 220,058 rows (158.4s)
snap 0036: 241,666 rows (166.3s)
snap 0037: 266,610 rows (181.5s)
snap 0038: 289,015 rows (158.3s)
snap 0039: 313,027 rows (185.4s)
snap 0040: 339,840 rows (174.7s)
snap 0041: 367,109 rows (238.6s)
snap 0042: 395,584 rows (152.8s)
snap 0043: 426,243 rows (153.2s)
snap 0044: 456,773 rows (186.7s)
snap 0045: 487,446 rows (191.0s)
snap 0046: 517,636 rows (260.1s)
snap 0047: 548,122 rows (191.7s)
snap 0048: 584,359 rows (168.8s)
snap 0049: 615,650 rows (169.8s)
snap 0050: 647,233 rows (160.8s)
snap 0051: 679,721 rows (188.3s)
snap 0052: 705,109 rows (182.8s)
snap 0053: 732,633 rows (227.1s)
snap 0054: 760,234 rows (219.9s)
snap 0055: 779,410 rows (226.1s)
snap 0056: 795,771 rows (213.4s)
snap 0057: 806,536 rows (168.0s)
snap 0058: 812,999 rows (186.9s)
snap 0059: 815,797 rows (178.9s)
snap 0060: 810,430 rows (184.2s)
snap 0061: 799,940 rows (174.5s)
snap 0062: 780,965 rows (159.6s)
snap 0063: 753,295 rows (144.9s)
snap 0064: 718,617 rows (184.5s)
snap 0065: 672,330 rows (146.9s)
snap 0066: 624,628 rows (132.7s)
snap 0067: 568,453 rows (129.8s)
snap 0068: 503,396 rows (122.4s)
snap 0069: 435,067 rows (173.5s)
snap 0070: 361,704 rows (113.6s)
snap 0071: 290,738 rows (88.7s)
snap 0072: 215,701 rows (104.2s)
snap 0073: 151,108 rows (78.5s)
snap 0074: 92,406 rows (83.9s)
snap 0075: 43,639 rows (44.5s)
snap 0076: 12,348 rows (45.5s)
snap 0077: 525 rows (9.7s)
wrote 23,144,434 rows -> /rds/rds-lxu/flamingo/L1_m9/catalogues/halo_catalogue_M500c_1e13_zlt3_fgas-4sigma_yang26rot.csv (153.4 min)
