layout=L1_m9 snaps 17..77 (61 snapshots, z <= 3.0)
snap 0017: 347,513,325 lightcone rows
layout=L1_m9 snaps 17..77 (61 snapshots, z <= 3.0)
snap 0017: 347,513,325 lightcone rows
layout=L1_m9 snaps 17..77 (61 to process after prefilter, z <= 3.0)
snap 0017: 14,938 rows (184.4s)
snap 0018: 33,686 rows (78.7s)
snap 0019: 38,989 rows (129.4s)
snap 0020: 44,559 rows (115.2s)
snap 0021: 50,901 rows (114.1s)
snap 0022: 57,554 rows (91.0s)
snap 0023: 65,173 rows (172.6s)
snap 0024: 73,217 rows (113.0s)
snap 0025: 82,627 rows (115.7s)
snap 0026: 93,329 rows (115.2s)
snap 0027: 103,362 rows (152.1s)
snap 0028: 116,650 rows (108.4s)
snap 0029: 128,324 rows (156.6s)
snap 0030: 141,025 rows (127.3s)
snap 0031: 156,782 rows (158.3s)
snap 0032: 171,851 rows (165.6s)
snap 0033: 187,061 rows (144.2s)
snap 0034: 207,176 rows (154.9s)
snap 0035: 228,122 rows (187.8s)
snap 0036: 248,630 rows (134.5s)
snap 0037: 274,310 rows (179.1s)
snap 0038: 296,752 rows (164.7s)
snap 0039: 322,748 rows (194.3s)
snap 0040: 349,630 rows (160.3s)
snap 0041: 379,113 rows (176.4s)
snap 0042: 407,237 rows (190.4s)
snap 0043: 437,531 rows (168.9s)
snap 0044: 469,316 rows (180.2s)
snap 0045: 501,586 rows (195.4s)
snap 0046: 530,270 rows (180.5s)
snap 0047: 561,929 rows (177.3s)
snap 0048: 598,337 rows (187.8s)
snap 0049: 630,188 rows (222.1s)
snap 0050: 662,114 rows (171.2s)
snap 0051: 693,988 rows (192.3s)
snap 0052: 722,156 rows (172.5s)
snap 0053: 750,548 rows (252.7s)
snap 0054: 776,199 rows (217.6s)
snap 0055: 795,916 rows (223.0s)
snap 0056: 812,532 rows (201.5s)
snap 0057: 821,086 rows (182.7s)
snap 0058: 828,362 rows (178.9s)
snap 0059: 830,477 rows (187.2s)
snap 0060: 825,022 rows (199.1s)
snap 0061: 814,274 rows (163.8s)
snap 0062: 793,780 rows (169.2s)
snap 0063: 766,314 rows (166.5s)
snap 0064: 730,454 rows (167.8s)
snap 0065: 683,370 rows (139.9s)
snap 0066: 633,834 rows (127.3s)
snap 0067: 576,332 rows (133.5s)
snap 0068: 510,803 rows (119.3s)
snap 0069: 441,053 rows (173.7s)
snap 0070: 366,611 rows (114.1s)
snap 0071: 294,747 rows (86.9s)
snap 0072: 218,475 rows (107.2s)
snap 0073: 153,122 rows (74.5s)
snap 0074: 93,439 rows (83.9s)
snap 0075: 44,266 rows (48.8s)
snap 0076: 12,528 rows (42.6s)
snap 0077: 531 rows (7.4s)
wrote 23,655,236 rows -> /rds/rds-lxu/flamingo/L1_m9/catalogues/halo_catalogue_M500c_1e13_zlt3_fgas-2sigma_yang26rot.csv (153.4 min)
