layout=L1_m9 snaps 17..77 (61 snapshots, z <= 3.0)
snap 0017: 347,756,020 lightcone rows
layout=L1_m9 snaps 17..77 (61 snapshots, z <= 3.0)
snap 0017: 347,756,020 lightcone rows
layout=L1_m9 snaps 17..77 (61 snapshots, z <= 3.0)
snap 0017: 13,588 rows (217.4s)
snap 0018: 30,836 rows (144.4s)
snap 0019: 35,660 rows (110.6s)
snap 0020: 40,737 rows (135.6s)
snap 0021: 46,582 rows (137.8s)
snap 0022: 52,604 rows (115.3s)
snap 0023: 59,603 rows (156.4s)
snap 0024: 66,819 rows (152.5s)
snap 0025: 75,554 rows (140.7s)
snap 0026: 85,362 rows (161.5s)
snap 0027: 95,677 rows (218.7s)
snap 0028: 107,372 rows (154.7s)
snap 0029: 119,017 rows (158.7s)
snap 0030: 130,725 rows (151.7s)
snap 0031: 144,766 rows (162.2s)
snap 0032: 158,456 rows (148.3s)
snap 0033: 173,299 rows (203.7s)
snap 0034: 192,904 rows (201.7s)
snap 0035: 212,372 rows (269.8s)
snap 0036: 232,401 rows (165.4s)
snap 0037: 257,666 rows (194.8s)
snap 0038: 280,002 rows (192.6s)
snap 0039: 303,625 rows (201.0s)
snap 0040: 330,513 rows (184.1s)
snap 0041: 355,581 rows (194.0s)
snap 0042: 384,428 rows (212.4s)
snap 0043: 413,529 rows (280.1s)
snap 0044: 445,350 rows (207.3s)
snap 0045: 474,567 rows (205.8s)
snap 0046: 502,935 rows (230.1s)
snap 0047: 534,897 rows (210.7s)
snap 0048: 570,846 rows (216.2s)
snap 0049: 601,971 rows (213.8s)
snap 0050: 632,480 rows (228.4s)
snap 0051: 664,498 rows (195.2s)
snap 0052: 690,450 rows (185.3s)
snap 0053: 717,242 rows (200.9s)
snap 0054: 744,987 rows (238.2s)
snap 0055: 766,452 rows (254.0s)
snap 0056: 780,340 rows (189.8s)
snap 0057: 789,419 rows (253.8s)
snap 0058: 796,780 rows (191.8s)
snap 0059: 801,706 rows (200.9s)
snap 0060: 796,484 rows (175.3s)
snap 0061: 785,248 rows (180.6s)
snap 0062: 767,042 rows (206.1s)
snap 0063: 741,718 rows (173.8s)
snap 0064: 706,498 rows (185.4s)
snap 0065: 661,474 rows (192.0s)
snap 0066: 614,976 rows (148.6s)
snap 0067: 559,195 rows (140.4s)
snap 0068: 495,149 rows (119.7s)
snap 0069: 427,429 rows (101.8s)
snap 0070: 355,584 rows (178.2s)
snap 0071: 286,043 rows (178.0s)
snap 0072: 212,263 rows (158.7s)
snap 0073: 148,827 rows (111.6s)
snap 0074: 91,068 rows (86.7s)
snap 0075: 42,931 rows (138.3s)
snap 0076: 12,162 rows (91.4s)
snap 0077: 517 rows (31.3s)
wrote 22,619,206 rows -> /rds/rds-lxu/flamingo/L1_m9/catalogues/halo_catalogue_M500c_1e13_zlt3_Mstar-1sigma_fgas-4sigma_yang26rot.csv (179.8 min)
