layout=L1_m9 snaps 17..77 (61 snapshots, z <= 3.0)
snap 0017: 347,650,076 lightcone rows
layout=L1_m9 snaps 17..77 (61 snapshots, z <= 3.0)
snap 0017: 347,650,076 lightcone rows
layout=L1_m9 snaps 17..77 (61 snapshots, z <= 3.0)
snap 0017: 14,669 rows (172.3s)
snap 0018: 33,277 rows (111.9s)
snap 0019: 38,146 rows (91.5s)
snap 0020: 43,699 rows (104.9s)
snap 0021: 50,027 rows (84.1s)
snap 0022: 56,188 rows (89.0s)
snap 0023: 63,496 rows (97.3s)
snap 0024: 72,306 rows (234.3s)
snap 0025: 81,129 rows (150.1s)
snap 0026: 91,400 rows (106.9s)
snap 0027: 103,259 rows (138.2s)
snap 0028: 115,062 rows (138.2s)
snap 0029: 126,799 rows (182.1s)
snap 0030: 139,823 rows (162.3s)
snap 0031: 155,428 rows (194.8s)
snap 0032: 169,210 rows (185.5s)
snap 0033: 185,272 rows (219.1s)
snap 0034: 205,842 rows (190.1s)
snap 0035: 226,592 rows (144.2s)
snap 0036: 247,944 rows (192.1s)
snap 0037: 274,248 rows (175.4s)
snap 0038: 294,990 rows (192.9s)
snap 0039: 321,473 rows (190.4s)
snap 0040: 347,493 rows (195.7s)
snap 0041: 376,553 rows (243.6s)
snap 0042: 404,567 rows (214.2s)
snap 0043: 436,085 rows (181.7s)
snap 0044: 466,624 rows (174.7s)
snap 0045: 498,565 rows (271.6s)
snap 0046: 527,738 rows (222.3s)
snap 0047: 559,598 rows (283.7s)
snap 0048: 596,825 rows (254.0s)
snap 0049: 628,320 rows (186.2s)
snap 0050: 660,615 rows (197.3s)
snap 0051: 692,056 rows (220.3s)
snap 0052: 719,771 rows (212.7s)
snap 0053: 746,165 rows (237.6s)
snap 0054: 771,737 rows (257.7s)
snap 0055: 794,387 rows (240.2s)
snap 0056: 810,020 rows (180.5s)
snap 0057: 820,362 rows (196.7s)
snap 0058: 825,983 rows (265.1s)
snap 0059: 827,732 rows (215.3s)
snap 0060: 822,216 rows (203.2s)
snap 0061: 811,036 rows (192.2s)
snap 0062: 790,665 rows (249.5s)
snap 0063: 763,694 rows (184.7s)
snap 0064: 727,794 rows (144.5s)
snap 0065: 680,675 rows (167.9s)
snap 0066: 631,981 rows (176.3s)
snap 0067: 574,573 rows (190.5s)
snap 0068: 508,936 rows (181.6s)
snap 0069: 438,830 rows (155.3s)
snap 0070: 364,567 rows (113.5s)
snap 0071: 293,003 rows (140.2s)
snap 0072: 217,526 rows (112.4s)
snap 0073: 152,614 rows (87.7s)
snap 0074: 92,886 rows (88.3s)
snap 0075: 43,924 rows (77.3s)
snap 0076: 12,481 rows (54.7s)
snap 0077: 529 rows (32.9s)
wrote 23,549,405 rows -> /rds/rds-lxu/flamingo/L1_m9/catalogues/halo_catalogue_M500c_1e13_zlt3_Mstar-1sigma_yang26rot.csv (175.9 min)
