layout=L1_m9 snaps 17..77 (61 snapshots, z <= 3.0)
snap 0017: 344,403,664 lightcone rows
layout=L1_m9 snaps 17..77 (61 snapshots, z <= 3.0)
snap 0017: 344,403,664 lightcone rows
layout=L1_m9 snaps 17..77 (61 snapshots, z <= 3.0)
snap 0017: 12,815 rows (201.1s)
snap 0018: 29,250 rows (95.8s)
snap 0019: 33,732 rows (114.3s)
snap 0020: 38,017 rows (116.9s)
snap 0021: 43,827 rows (135.8s)
snap 0022: 50,132 rows (163.0s)
snap 0023: 56,648 rows (211.4s)
snap 0024: 62,464 rows (97.7s)
snap 0025: 71,537 rows (116.1s)
snap 0026: 80,463 rows (118.7s)
snap 0027: 90,072 rows (144.2s)
snap 0028: 100,593 rows (124.2s)
snap 0029: 111,605 rows (144.9s)
snap 0030: 123,253 rows (142.0s)
snap 0031: 135,670 rows (161.1s)
snap 0032: 149,304 rows (129.2s)
snap 0033: 164,689 rows (174.2s)
snap 0034: 182,421 rows (170.0s)
snap 0035: 198,751 rows (133.9s)
snap 0036: 219,775 rows (138.1s)
snap 0037: 241,243 rows (155.1s)
snap 0038: 263,018 rows (144.2s)
snap 0039: 285,193 rows (183.6s)
snap 0040: 312,041 rows (166.3s)
snap 0041: 337,901 rows (172.3s)
snap 0042: 363,151 rows (187.8s)
snap 0043: 393,026 rows (153.8s)
snap 0044: 423,442 rows (447.6s)
snap 0045: 452,234 rows (366.0s)
snap 0046: 477,848 rows (344.4s)
snap 0047: 507,986 rows (388.5s)
snap 0048: 544,436 rows (367.0s)
snap 0049: 575,156 rows (502.0s)
snap 0050: 606,216 rows (528.2s)
snap 0051: 636,754 rows (375.8s)
snap 0052: 662,484 rows (492.4s)
snap 0053: 691,269 rows (421.8s)
snap 0054: 718,555 rows (493.6s)
snap 0055: 739,399 rows (513.5s)
snap 0056: 755,602 rows (504.6s)
snap 0057: 765,912 rows (549.9s)
snap 0058: 776,605 rows (544.2s)
snap 0059: 782,502 rows (475.2s)
snap 0060: 778,973 rows (504.3s)
snap 0061: 769,348 rows (474.7s)
snap 0062: 754,030 rows (514.6s)
snap 0063: 730,140 rows (573.8s)
snap 0064: 697,591 rows (487.2s)
snap 0065: 653,719 rows (579.7s)
snap 0066: 610,643 rows (452.6s)
snap 0067: 555,972 rows (356.3s)
snap 0068: 493,958 rows (567.2s)
snap 0069: 426,952 rows (490.5s)
snap 0070: 355,809 rows (525.8s)
snap 0071: 286,428 rows (365.1s)
snap 0072: 212,916 rows (396.1s)
snap 0073: 149,856 rows (331.0s)
snap 0074: 91,498 rows (517.9s)
snap 0075: 43,322 rows (345.0s)
snap 0076: 12,306 rows (377.9s)
snap 0077: 525 rows (208.6s)
wrote 21,890,977 rows -> /rds/rds-lxu/flamingo/L1_m9/catalogues/halo_catalogue_M500c_1e13_zlt3_Jet_fgas-4sigma_yang26rot.csv (323.0 min)
