layout=L2p8_m9 snaps 18..78 (61 snapshots, z <= 3.0)
snap 0018: 350,772,786 lightcone rows
layout=L2p8_m9 snaps 18..78 (61 snapshots, z <= 3.0)
snap 0018: 350,772,786 lightcone rows
layout=L2p8_m9 snaps 18..78 (61 snapshots, z <= 3.0)
snap 0018: 16,507 rows (550.4s)
snap 0019: 38,270 rows (757.1s)
snap 0020: 43,558 rows (612.0s)
snap 0021: 48,885 rows (654.0s)
snap 0022: 54,635 rows (536.2s)
snap 0023: 62,088 rows (572.9s)
snap 0024: 70,305 rows (606.9s)
snap 0025: 78,467 rows (757.0s)
snap 0026: 88,344 rows (719.1s)
snap 0027: 98,472 rows (675.3s)
snap 0028: 109,283 rows (710.6s)
snap 0029: 121,323 rows (776.9s)
snap 0030: 135,116 rows (615.7s)
snap 0031: 150,490 rows (752.6s)
snap 0032: 167,039 rows (783.5s)
snap 0033: 184,161 rows (900.0s)
snap 0034: 201,363 rows (801.9s)
snap 0035: 222,917 rows (955.5s)
snap 0036: 242,540 rows (752.9s)
snap 0037: 268,338 rows (1034.3s)
snap 0038: 292,356 rows (905.3s)
snap 0039: 317,357 rows (836.6s)
snap 0040: 342,760 rows (1001.9s)
snap 0041: 369,517 rows (905.7s)
snap 0042: 400,064 rows (1037.2s)
snap 0043: 430,330 rows (934.6s)
snap 0044: 464,253 rows (789.6s)
snap 0045: 497,137 rows (669.0s)
snap 0046: 528,823 rows (814.7s)
snap 0047: 565,065 rows (840.9s)
snap 0048: 602,148 rows (813.4s)
snap 0049: 633,179 rows (668.5s)
snap 0050: 667,736 rows (693.6s)
snap 0051: 697,275 rows (692.5s)
snap 0052: 729,536 rows (783.0s)
snap 0053: 754,075 rows (606.8s)
snap 0054: 785,601 rows (1060.1s)
snap 0055: 811,238 rows (684.9s)
snap 0056: 828,956 rows (578.6s)
snap 0057: 845,496 rows (694.9s)
snap 0058: 860,284 rows (810.5s)
snap 0059: 864,484 rows (662.5s)
snap 0060: 862,953 rows (774.4s)
snap 0061: 859,183 rows (620.2s)
snap 0062: 844,136 rows (710.9s)
snap 0063: 824,125 rows (669.5s)
snap 0064: 793,290 rows (670.6s)
snap 0065: 760,238 rows (592.1s)
snap 0066: 702,755 rows (643.0s)
snap 0067: 654,615 rows (629.6s)
snap 0068: 591,759 rows (637.8s)
snap 0069: 528,157 rows (656.8s)
snap 0070: 454,578 rows (283.9s)
snap 0071: 377,294 rows (407.5s)
snap 0072: 299,975 rows (391.5s)
snap 0073: 227,557 rows (435.8s)
snap 0074: 156,580 rows (242.6s)
snap 0075: 94,835 rows (192.3s)
snap 0076: 46,389 rows (104.0s)
snap 0077: 12,864 rows (32.9s)
snap 0078: 403 rows (7.5s)
wrote 24,781,457 rows -> /rds/rds-lxu/flamingo/L2p8_m9/lightcone7/catalogues/halo_catalogue_M500c_1e13_zlt3_L2p8_m9_yang26rot.csv (678.6 min)
