layout=L2p8_m9 snaps 18..78 (61 snapshots, z <= 3.0)
snap 0018: 351,450,019 lightcone rows
layout=L2p8_m9 snaps 18..78 (61 snapshots, z <= 3.0)
snap 0018: 351,450,019 lightcone rows
layout=L2p8_m9 snaps 18..78 (61 snapshots, z <= 3.0)
snap 0018: 16,682 rows (422.4s)
snap 0019: 38,068 rows (701.7s)
snap 0020: 42,862 rows (646.4s)
snap 0021: 48,360 rows (519.4s)
snap 0022: 54,974 rows (691.9s)
snap 0023: 61,751 rows (634.0s)
snap 0024: 69,962 rows (658.2s)
snap 0025: 77,920 rows (600.3s)
snap 0026: 87,798 rows (715.1s)
snap 0027: 98,841 rows (668.4s)
snap 0028: 109,630 rows (734.4s)
snap 0029: 122,351 rows (890.2s)
snap 0030: 136,176 rows (739.6s)
snap 0031: 150,307 rows (754.3s)
snap 0032: 166,619 rows (803.4s)
snap 0033: 185,131 rows (876.8s)
snap 0034: 202,848 rows (810.7s)
snap 0035: 222,623 rows (905.8s)
snap 0036: 244,643 rows (776.4s)
snap 0037: 266,375 rows (806.6s)
snap 0038: 293,070 rows (844.1s)
snap 0039: 317,999 rows (729.0s)
snap 0040: 341,988 rows (912.2s)
snap 0041: 371,758 rows (988.9s)
snap 0042: 401,115 rows (764.2s)
snap 0043: 432,189 rows (805.7s)
snap 0044: 461,625 rows (875.2s)
snap 0045: 496,558 rows (810.5s)
snap 0046: 528,067 rows (997.2s)
snap 0047: 563,250 rows (856.2s)
snap 0048: 594,813 rows (806.2s)
snap 0049: 628,500 rows (738.5s)
snap 0050: 667,922 rows (779.1s)
snap 0051: 696,857 rows (698.2s)
snap 0052: 730,807 rows (774.7s)
snap 0053: 759,606 rows (743.8s)
snap 0054: 787,699 rows (804.8s)
snap 0055: 811,647 rows (757.7s)
snap 0056: 828,709 rows (666.9s)
snap 0057: 849,192 rows (607.0s)
snap 0058: 863,672 rows (794.3s)
snap 0059: 868,943 rows (843.3s)
snap 0060: 870,116 rows (918.5s)
snap 0061: 856,831 rows (666.2s)
snap 0062: 836,015 rows (744.9s)
snap 0063: 822,407 rows (601.4s)
snap 0064: 791,169 rows (712.0s)
snap 0065: 752,424 rows (757.9s)
snap 0066: 705,852 rows (680.3s)
snap 0067: 651,812 rows (648.0s)
snap 0068: 598,135 rows (621.9s)
snap 0069: 528,674 rows (527.1s)
snap 0070: 454,141 rows (352.2s)
snap 0071: 379,193 rows (481.7s)
snap 0072: 301,639 rows (278.1s)
snap 0073: 227,446 rows (423.3s)
snap 0074: 154,984 rows (222.1s)
snap 0075: 94,739 rows (213.1s)
snap 0076: 47,123 rows (133.5s)
snap 0077: 12,174 rows (35.2s)
snap 0078: 567 rows (8.3s)
wrote 24,785,348 rows -> /rds/rds-lxu/flamingo/L2p8_m9/lightcone5/catalogues/halo_catalogue_M500c_1e13_zlt3_L2p8_m9_yang26rot.csv (683.0 min)
