layout=L2p8_m9 snaps 18..78 (61 snapshots, z <= 3.0)
snap 0018: 350,773,407 lightcone rows
layout=L2p8_m9 snaps 18..78 (61 snapshots, z <= 3.0)
snap 0018: 350,773,407 lightcone rows
layout=L2p8_m9 snaps 18..78 (61 snapshots, z <= 3.0)
snap 0018: 16,690 rows (599.6s)
snap 0019: 37,904 rows (619.3s)
snap 0020: 43,162 rows (573.2s)
snap 0021: 48,512 rows (608.8s)
snap 0022: 54,715 rows (691.6s)
snap 0023: 62,427 rows (648.5s)
snap 0024: 70,635 rows (759.8s)
snap 0025: 78,466 rows (658.7s)
snap 0026: 87,576 rows (708.7s)
snap 0027: 98,553 rows (684.7s)
snap 0028: 109,055 rows (808.6s)
snap 0029: 120,790 rows (699.7s)
snap 0030: 135,648 rows (663.7s)
snap 0031: 150,837 rows (853.4s)
snap 0032: 166,047 rows (778.4s)
snap 0033: 183,928 rows (852.2s)
snap 0034: 204,220 rows (664.8s)
snap 0035: 221,691 rows (842.3s)
snap 0036: 242,511 rows (742.2s)
snap 0037: 266,306 rows (719.7s)
snap 0038: 291,695 rows (808.7s)
snap 0039: 317,328 rows (748.2s)
snap 0040: 343,801 rows (930.9s)
snap 0041: 371,117 rows (873.7s)
snap 0042: 400,954 rows (762.1s)
snap 0043: 434,000 rows (894.6s)
snap 0044: 464,645 rows (865.7s)
snap 0045: 498,471 rows (833.6s)
snap 0046: 529,256 rows (1047.6s)
snap 0047: 563,531 rows (760.6s)
snap 0048: 597,921 rows (697.5s)
snap 0049: 633,675 rows (649.6s)
snap 0050: 664,421 rows (890.0s)
snap 0051: 700,131 rows (588.7s)
snap 0052: 726,557 rows (720.3s)
snap 0053: 757,735 rows (723.7s)
snap 0054: 785,127 rows (877.5s)
snap 0055: 809,577 rows (814.7s)
snap 0056: 833,026 rows (568.9s)
snap 0057: 845,244 rows (739.1s)
snap 0058: 860,236 rows (798.2s)
snap 0059: 864,238 rows (788.5s)
snap 0060: 860,870 rows (894.5s)
snap 0061: 853,378 rows (756.0s)
snap 0062: 849,606 rows (766.0s)
snap 0063: 825,088 rows (717.8s)
snap 0064: 787,766 rows (741.6s)
snap 0065: 756,664 rows (637.4s)
snap 0066: 710,975 rows (634.1s)
snap 0067: 656,986 rows (698.6s)
snap 0068: 592,197 rows (382.9s)
snap 0069: 528,191 rows (671.2s)
snap 0070: 453,646 rows (442.6s)
snap 0071: 378,661 rows (314.3s)
snap 0072: 299,523 rows (341.2s)
snap 0073: 224,246 rows (382.6s)
snap 0074: 157,967 rows (284.4s)
snap 0075: 94,472 rows (213.6s)
snap 0076: 46,002 rows (134.3s)
snap 0077: 13,456 rows (64.4s)
snap 0078: 563 rows (42.9s)
wrote 24,782,616 rows -> /rds/rds-lxu/flamingo/L2p8_m9/lightcone6/catalogues/halo_catalogue_M500c_1e13_zlt3_L2p8_m9_yang26rot.csv (678.0 min)
