layout=L2p8_m9 snaps 18..78 (61 snapshots, z <= 3.0)
snap 0018: 350,631,428 lightcone rows
layout=L2p8_m9 snaps 18..78 (61 snapshots, z <= 3.0)
snap 0018: 350,631,428 lightcone rows
layout=L2p8_m9 snaps 18..78 (61 snapshots, z <= 3.0)
snap 0018: 16,695 rows (644.1s)
snap 0019: 38,123 rows (601.7s)
snap 0020: 43,031 rows (676.7s)
snap 0021: 48,825 rows (663.0s)
snap 0022: 54,775 rows (640.0s)
snap 0023: 61,995 rows (729.8s)
snap 0024: 69,830 rows (653.0s)
snap 0025: 78,356 rows (632.3s)
snap 0026: 87,849 rows (644.2s)
snap 0027: 97,931 rows (699.7s)
snap 0028: 109,422 rows (611.2s)
snap 0029: 122,889 rows (596.0s)
snap 0030: 136,208 rows (742.4s)
snap 0031: 150,845 rows (670.3s)
snap 0032: 166,819 rows (645.3s)
snap 0033: 181,912 rows (763.2s)
snap 0034: 201,886 rows (1104.9s)
snap 0035: 222,411 rows (671.4s)
snap 0036: 242,473 rows (727.4s)
snap 0037: 266,665 rows (790.5s)
snap 0038: 290,714 rows (754.7s)
snap 0039: 315,705 rows (850.7s)
snap 0040: 344,314 rows (803.1s)
snap 0041: 371,879 rows (977.8s)
snap 0042: 402,970 rows (981.5s)
snap 0043: 431,723 rows (853.2s)
snap 0044: 464,183 rows (863.8s)
snap 0045: 498,605 rows (797.2s)
snap 0046: 530,786 rows (900.7s)
snap 0047: 563,709 rows (793.2s)
snap 0048: 597,514 rows (875.6s)
snap 0049: 634,021 rows (911.8s)
snap 0050: 666,125 rows (729.3s)
snap 0051: 699,854 rows (781.4s)
snap 0052: 728,288 rows (870.6s)
snap 0053: 756,456 rows (968.8s)
snap 0054: 787,158 rows (853.4s)
snap 0055: 810,338 rows (868.9s)
snap 0056: 826,865 rows (960.3s)
snap 0057: 844,936 rows (1083.1s)
snap 0058: 861,826 rows (903.9s)
snap 0059: 862,818 rows (983.0s)
snap 0060: 860,555 rows (804.0s)
snap 0061: 859,598 rows (1023.9s)
snap 0062: 846,719 rows (874.6s)
snap 0063: 827,742 rows (979.3s)
snap 0064: 790,573 rows (903.5s)
snap 0065: 755,330 rows (794.8s)
snap 0066: 709,508 rows (789.3s)
snap 0067: 651,890 rows (903.7s)
snap 0068: 593,586 rows (1039.7s)
snap 0069: 527,025 rows (816.4s)
snap 0070: 451,908 rows (870.4s)
snap 0071: 376,106 rows (819.3s)
snap 0072: 303,890 rows (745.2s)
snap 0073: 228,121 rows (585.0s)
snap 0074: 154,809 rows (571.5s)
snap 0075: 94,863 rows (561.6s)
snap 0076: 46,236 rows (425.4s)
snap 0077: 13,202 rows (479.4s)
snap 0078: 492 rows (203.4s)
wrote 24,781,880 rows -> /rds/rds-lxu/flamingo/L2p8_m9/lightcone4/catalogues/halo_catalogue_M500c_1e13_zlt3_L2p8_m9_yang26rot.csv (791.1 min)
