resuming: 10 groups already folded in (mean so far 1.244e-06)
variant=fgas+2sigma parent=L1_m9 lc0 shell_max=60 -> 13 angle-groups; NSIDE=4096, NPIX=201,326,592
group 1/13 (shells 0..1) already done, skip
group 2/13 (shells 2..4) already done, skip
group 3/13 (shells 5..6) already done, skip
group 4/13 (shells 7..9) already done, skip
group 5/13 (shells 10..13) already done, skip
group 6/13 (shells 14..16) already done, skip
group 7/13 (shells 17..20) already done, skip
group 8/13 (shells 21..24) already done, skip
group 9/13 (shells 25..29) already done, skip
group 10/13 (shells 30..35) already done, skip
[L1_m9_fgas+2sigma obs0] group 11/13 (theta=4.95779, phi=1.85187) stream shell_36…
    shell_36 folded in (18s)
[L1_m9_fgas+2sigma obs0] group 11/13 (theta=4.95779, phi=1.85187) stream shell_37…
    shell_37 folded in (23s)
[L1_m9_fgas+2sigma obs0] group 11/13 (theta=4.95779, phi=1.85187) stream shell_38…
    shell_38 folded in (41s)
[L1_m9_fgas+2sigma obs0] group 11/13 (theta=4.95779, phi=1.85187) stream shell_39…
    shell_39 folded in (48s)
[L1_m9_fgas+2sigma obs0] group 11/13 (theta=4.95779, phi=1.85187) stream shell_40…
    shell_40 folded in (21s)
[L1_m9_fgas+2sigma obs0] group 11/13 (theta=4.95779, phi=1.85187) stream shell_41…
    shell_41 folded in (81s)
[L1_m9_fgas+2sigma obs0] group 11/13 (theta=4.95779, phi=1.85187) stream shell_42…
    shell_42 folded in (23s)
  group 11: rotating summed map once (alm)…
  group 11: rotated (1253s)
  checkpoint saved after group 11 (1509s, mean(y)=1.337e-06)
[L1_m9_fgas+2sigma obs0] group 12/13 (theta=2.52360, phi=1.36014) stream shell_43…
    shell_43 folded in (37s)
[L1_m9_fgas+2sigma obs0] group 12/13 (theta=2.52360, phi=1.36014) stream shell_44…
    shell_44 folded in (47s)
[L1_m9_fgas+2sigma obs0] group 12/13 (theta=2.52360, phi=1.36014) stream shell_45…
    shell_45 folded in (49s)
[L1_m9_fgas+2sigma obs0] group 12/13 (theta=2.52360, phi=1.36014) stream shell_46…
    shell_46 folded in (32s)
[L1_m9_fgas+2sigma obs0] group 12/13 (theta=2.52360, phi=1.36014) stream shell_47…
    shell_47 folded in (35s)
[L1_m9_fgas+2sigma obs0] group 12/13 (theta=2.52360, phi=1.36014) stream shell_48…
    shell_48 folded in (33s)
[L1_m9_fgas+2sigma obs0] group 12/13 (theta=2.52360, phi=1.36014) stream shell_49…
    shell_49 folded in (36s)
[L1_m9_fgas+2sigma obs0] group 12/13 (theta=2.52360, phi=1.36014) stream shell_50…
    shell_50 folded in (38s)
  group 12: rotating summed map once (alm)…
  group 12: rotated (1264s)
  checkpoint saved after group 12 (1572s, mean(y)=1.409e-06)
[L1_m9_fgas+2sigma obs0] group 13/13 (theta=2.69302, phi=2.35895) stream shell_51…
    shell_51 folded in (17s)
[L1_m9_fgas+2sigma obs0] group 13/13 (theta=2.69302, phi=2.35895) stream shell_52…
    shell_52 folded in (28s)
[L1_m9_fgas+2sigma obs0] group 13/13 (theta=2.69302, phi=2.35895) stream shell_53…
    shell_53 folded in (29s)
[L1_m9_fgas+2sigma obs0] group 13/13 (theta=2.69302, phi=2.35895) stream shell_54…
    shell_54 folded in (28s)
[L1_m9_fgas+2sigma obs0] group 13/13 (theta=2.69302, phi=2.35895) stream shell_55…
    shell_55 folded in (22s)
[L1_m9_fgas+2sigma obs0] group 13/13 (theta=2.69302, phi=2.35895) stream shell_56…
    shell_56 folded in (28s)
[L1_m9_fgas+2sigma obs0] group 13/13 (theta=2.69302, phi=2.35895) stream shell_57…
    shell_57 folded in (24s)
[L1_m9_fgas+2sigma obs0] group 13/13 (theta=2.69302, phi=2.35895) stream shell_58…
    shell_58 folded in (34s)
[L1_m9_fgas+2sigma obs0] group 13/13 (theta=2.69302, phi=2.35895) stream shell_59…
    shell_59 folded in (31s)
  group 13: rotating summed map once (alm)…
  group 13: rotated (1299s)
  checkpoint saved after group 13 (1540s, mean(y)=1.462e-06)

Wrote /rds/rds-lxu/flamingo/L1_m9/maps/y_unlensed_fgas+2sigma_lc0_nside4096.fits  mean(y)=1.462e-06  NSIDE=4096 (RING)
Build complete. Checkpoint files can be deleted: /scratch/scratch-lxu/flamingo_map_build/ckpt_y_L1_m9_fgas+2sigma_lc0_nside4096.npy /scratch/scratch-lxu/flamingo_map_build/ckpt_meta_L1_m9_fgas+2sigma_lc0_nside4096.json
