layout=L1_m9 snaps 17..77 (61 snapshots, z <= 3.0)
snap 0017: 344,101,421 lightcone rows
layout=L1_m9 snaps 17..77 (61 snapshots, z <= 3.0)
snap 0017: 344,101,421 lightcone rows
layout=L1_m9 snaps 17..77 (61 snapshots, z <= 3.0)
snap 0017: 17,598 rows (216.6s)
snap 0018: 39,926 rows (144.2s)
snap 0019: 46,119 rows (111.7s)
snap 0020: 52,581 rows (141.3s)
snap 0021: 59,684 rows (134.1s)
snap 0022: 67,212 rows (113.2s)
snap 0023: 76,155 rows (154.5s)
snap 0024: 86,003 rows (154.7s)
snap 0025: 97,622 rows (124.9s)
snap 0026: 108,755 rows (173.3s)
snap 0027: 121,917 rows (219.1s)
snap 0028: 136,418 rows (155.5s)
snap 0029: 150,473 rows (124.8s)
snap 0030: 165,807 rows (184.9s)
snap 0031: 184,033 rows (173.5s)
snap 0032: 200,750 rows (159.5s)
snap 0033: 221,987 rows (191.6s)
snap 0034: 244,602 rows (213.7s)
snap 0035: 269,193 rows (261.8s)
snap 0036: 294,738 rows (172.1s)
snap 0037: 325,548 rows (188.7s)
snap 0038: 351,919 rows (183.9s)
snap 0039: 380,190 rows (203.6s)
snap 0040: 413,294 rows (185.1s)
snap 0041: 444,382 rows (196.8s)
snap 0042: 477,353 rows (212.0s)
snap 0043: 514,103 rows (271.0s)
snap 0044: 550,032 rows (215.7s)
snap 0045: 586,873 rows (207.0s)
snap 0046: 622,343 rows (213.0s)
snap 0047: 659,440 rows (230.8s)
snap 0048: 701,887 rows (223.9s)
snap 0049: 739,606 rows (197.9s)
snap 0050: 774,822 rows (255.1s)
snap 0051: 813,261 rows (190.3s)
snap 0052: 843,096 rows (171.4s)
snap 0053: 872,868 rows (177.0s)
snap 0054: 899,043 rows (222.2s)
snap 0055: 923,384 rows (206.4s)
snap 0056: 940,088 rows (214.5s)
snap 0057: 948,596 rows (216.0s)
snap 0058: 954,301 rows (248.8s)
snap 0059: 958,026 rows (176.3s)
snap 0060: 949,133 rows (213.5s)
snap 0061: 934,900 rows (195.3s)
snap 0062: 910,098 rows (208.7s)
snap 0063: 875,666 rows (198.3s)
snap 0064: 833,728 rows (162.5s)
snap 0065: 776,512 rows (202.6s)
snap 0066: 718,093 rows (150.9s)
snap 0067: 652,590 rows (147.6s)
snap 0068: 574,724 rows (114.4s)
snap 0069: 494,383 rows (112.1s)
snap 0070: 409,888 rows (173.0s)
snap 0071: 328,478 rows (197.7s)
snap 0072: 242,751 rows (123.0s)
snap 0073: 169,870 rows (110.8s)
snap 0074: 103,298 rows (124.7s)
snap 0075: 48,646 rows (137.1s)
snap 0076: 13,730 rows (71.7s)
snap 0077: 586 rows (10.2s)
wrote 27,373,102 rows -> /rds/rds-lxu/flamingo/L1_m9/catalogues/halo_catalogue_M500c_1e13_zlt3_Jet_yang26rot.csv (179.8 min)
