layout=L1_m9 snaps 17..77 (61 snapshots, z <= 3.0)
snap 0017: 347,560,959 lightcone rows
layout=L1_m9 snaps 17..77 (61 snapshots, z <= 3.0)
snap 0017: 347,560,959 lightcone rows
layout=L1_m9 snaps 17..77 (61 snapshots, z <= 3.0)
snap 0017: 13,660 rows (227.1s)
snap 0018: 31,100 rows (90.5s)
snap 0019: 35,846 rows (126.8s)
snap 0020: 40,815 rows (88.7s)
snap 0021: 47,033 rows (129.4s)
snap 0022: 52,726 rows (155.8s)
snap 0023: 60,087 rows (125.4s)
snap 0024: 66,629 rows (120.5s)
snap 0025: 75,736 rows (144.7s)
snap 0026: 85,639 rows (115.4s)
snap 0027: 95,883 rows (123.8s)
snap 0028: 107,092 rows (148.5s)
snap 0029: 118,787 rows (148.8s)
snap 0030: 130,740 rows (132.2s)
snap 0031: 145,010 rows (138.4s)
snap 0032: 157,845 rows (128.2s)
snap 0033: 174,273 rows (161.9s)
snap 0034: 191,718 rows (136.0s)
snap 0035: 211,493 rows (129.4s)
snap 0036: 231,070 rows (135.2s)
snap 0037: 256,323 rows (129.0s)
snap 0038: 278,655 rows (176.2s)
snap 0039: 300,368 rows (169.7s)
snap 0040: 327,043 rows (147.1s)
snap 0041: 353,215 rows (166.9s)
snap 0042: 380,798 rows (312.6s)
snap 0043: 410,960 rows (196.3s)
snap 0044: 442,262 rows (219.0s)
snap 0045: 472,099 rows (242.5s)
snap 0046: 500,172 rows (166.1s)
snap 0047: 530,761 rows (229.1s)
snap 0048: 567,601 rows (225.9s)
snap 0049: 597,804 rows (254.0s)
snap 0050: 628,253 rows (212.0s)
snap 0051: 658,190 rows (207.8s)
snap 0052: 685,989 rows (230.1s)
snap 0053: 713,204 rows (224.3s)
snap 0054: 740,466 rows (180.4s)
snap 0055: 762,108 rows (220.4s)
snap 0056: 777,912 rows (208.7s)
snap 0057: 788,723 rows (212.4s)
snap 0058: 794,900 rows (253.8s)
snap 0059: 799,692 rows (223.8s)
snap 0060: 795,602 rows (254.9s)
snap 0061: 785,584 rows (254.0s)
snap 0062: 766,979 rows (231.1s)
snap 0063: 740,394 rows (199.9s)
snap 0064: 705,633 rows (143.3s)
snap 0065: 661,411 rows (192.5s)
snap 0066: 614,459 rows (199.9s)
snap 0067: 559,689 rows (211.7s)
snap 0068: 495,444 rows (120.9s)
snap 0069: 427,881 rows (132.2s)
snap 0070: 356,157 rows (175.5s)
snap 0071: 286,512 rows (203.1s)
snap 0072: 212,737 rows (120.8s)
snap 0073: 149,050 rows (132.1s)
snap 0074: 91,126 rows (107.1s)
snap 0075: 43,115 rows (55.2s)
snap 0076: 12,255 rows (61.1s)
snap 0077: 510 rows (70.0s)
wrote 22,545,218 rows -> /rds/rds-lxu/flamingo/L1_m9/catalogues/halo_catalogue_M500c_1e13_zlt3_fgas-8sigma_yang26rot.csv (173.0 min)
