resuming: 8 groups already folded in (mean so far 1.028e-06)
variant=L1_m9 parent=L1_m9 lc0 shell_max=60 -> 13 angle-groups; NSIDE=4096, NPIX=201,326,592
group 1/13 (shells 0..1) already done, skip
group 2/13 (shells 2..4) already done, skip
group 3/13 (shells 5..6) already done, skip
group 4/13 (shells 7..9) already done, skip
group 5/13 (shells 10..13) already done, skip
group 6/13 (shells 14..16) already done, skip
group 7/13 (shells 17..20) already done, skip
group 8/13 (shells 21..24) already done, skip
[L1_m9_L1_m9 obs0] group 9/13 (theta=2.77675, phi=2.01363) stream shell_25…
    shell_25 folded in (18s)
[L1_m9_L1_m9 obs0] group 9/13 (theta=2.77675, phi=2.01363) stream shell_26…
    shell_26 folded in (18s)
[L1_m9_L1_m9 obs0] group 9/13 (theta=2.77675, phi=2.01363) stream shell_27…
    shell_27 folded in (18s)
[L1_m9_L1_m9 obs0] group 9/13 (theta=2.77675, phi=2.01363) stream shell_28…
    shell_28 folded in (18s)
[L1_m9_L1_m9 obs0] group 9/13 (theta=2.77675, phi=2.01363) stream shell_29…
    shell_29 folded in (19s)
  group 9: rotating summed map once (alm)…
  group 9: rotated (967s)
  checkpoint saved after group 9 (1058s, mean(y)=1.154e-06)
[L1_m9_L1_m9 obs0] group 10/13 (theta=0.83245, phi=2.25357) stream shell_30…
    shell_30 folded in (18s)
[L1_m9_L1_m9 obs0] group 10/13 (theta=0.83245, phi=2.25357) stream shell_31…
    shell_31 folded in (18s)
[L1_m9_L1_m9 obs0] group 10/13 (theta=0.83245, phi=2.25357) stream shell_32…
    shell_32 folded in (19s)
[L1_m9_L1_m9 obs0] group 10/13 (theta=0.83245, phi=2.25357) stream shell_33…
    shell_33 folded in (18s)
[L1_m9_L1_m9 obs0] group 10/13 (theta=0.83245, phi=2.25357) stream shell_34…
    shell_34 folded in (17s)
[L1_m9_L1_m9 obs0] group 10/13 (theta=0.83245, phi=2.25357) stream shell_35…
    shell_35 folded in (18s)
  group 10: rotating summed map once (alm)…
  group 10: rotated (955s)
  checkpoint saved after group 10 (1064s, mean(y)=1.271e-06)
[L1_m9_L1_m9 obs0] group 11/13 (theta=4.95779, phi=1.85187) stream shell_36…
    shell_36 folded in (18s)
[L1_m9_L1_m9 obs0] group 11/13 (theta=4.95779, phi=1.85187) stream shell_37…
    shell_37 folded in (19s)
[L1_m9_L1_m9 obs0] group 11/13 (theta=4.95779, phi=1.85187) stream shell_38…
    shell_38 folded in (18s)
[L1_m9_L1_m9 obs0] group 11/13 (theta=4.95779, phi=1.85187) stream shell_39…
    shell_39 folded in (18s)
[L1_m9_L1_m9 obs0] group 11/13 (theta=4.95779, phi=1.85187) stream shell_40…
    shell_40 folded in (18s)
[L1_m9_L1_m9 obs0] group 11/13 (theta=4.95779, phi=1.85187) stream shell_41…
    shell_41 folded in (18s)
[L1_m9_L1_m9 obs0] group 11/13 (theta=4.95779, phi=1.85187) stream shell_42…
    shell_42 folded in (18s)
  group 11: rotating summed map once (alm)…
  group 11: rotated (941s)
  checkpoint saved after group 11 (1067s, mean(y)=1.370e-06)
[L1_m9_L1_m9 obs0] group 12/13 (theta=2.52360, phi=1.36014) stream shell_43…
    shell_43 folded in (18s)
[L1_m9_L1_m9 obs0] group 12/13 (theta=2.52360, phi=1.36014) stream shell_44…
    shell_44 folded in (18s)
[L1_m9_L1_m9 obs0] group 12/13 (theta=2.52360, phi=1.36014) stream shell_45…
    shell_45 folded in (18s)
[L1_m9_L1_m9 obs0] group 12/13 (theta=2.52360, phi=1.36014) stream shell_46…
    shell_46 folded in (19s)
[L1_m9_L1_m9 obs0] group 12/13 (theta=2.52360, phi=1.36014) stream shell_47…
    shell_47 folded in (18s)
[L1_m9_L1_m9 obs0] group 12/13 (theta=2.52360, phi=1.36014) stream shell_48…
    shell_48 folded in (19s)
[L1_m9_L1_m9 obs0] group 12/13 (theta=2.52360, phi=1.36014) stream shell_49…
    shell_49 folded in (18s)
[L1_m9_L1_m9 obs0] group 12/13 (theta=2.52360, phi=1.36014) stream shell_50…
    shell_50 folded in (18s)
  group 12: rotating summed map once (alm)…
  group 12: rotated (955s)
  checkpoint saved after group 12 (1102s, mean(y)=1.447e-06)
[L1_m9_L1_m9 obs0] group 13/13 (theta=2.69302, phi=2.35895) stream shell_51…
    shell_51 folded in (18s)
[L1_m9_L1_m9 obs0] group 13/13 (theta=2.69302, phi=2.35895) stream shell_52…
    shell_52 folded in (18s)
[L1_m9_L1_m9 obs0] group 13/13 (theta=2.69302, phi=2.35895) stream shell_53…
    shell_53 folded in (18s)
[L1_m9_L1_m9 obs0] group 13/13 (theta=2.69302, phi=2.35895) stream shell_54…
    shell_54 folded in (18s)
[L1_m9_L1_m9 obs0] group 13/13 (theta=2.69302, phi=2.35895) stream shell_55…
    shell_55 folded in (18s)
[L1_m9_L1_m9 obs0] group 13/13 (theta=2.69302, phi=2.35895) stream shell_56…
    shell_56 folded in (18s)
[L1_m9_L1_m9 obs0] group 13/13 (theta=2.69302, phi=2.35895) stream shell_57…
    shell_57 folded in (17s)
[L1_m9_L1_m9 obs0] group 13/13 (theta=2.69302, phi=2.35895) stream shell_58…
    shell_58 folded in (19s)
[L1_m9_L1_m9 obs0] group 13/13 (theta=2.69302, phi=2.35895) stream shell_59…
    shell_59 folded in (18s)
  group 13: rotating summed map once (alm)…
  group 13: rotated (952s)
  checkpoint saved after group 13 (1113s, mean(y)=1.503e-06)

Wrote /rds/rds-lxu/flamingo/L1_m9/maps/y_unlensed_L1_m9_lc0_nside4096.fits  mean(y)=1.503e-06  NSIDE=4096 (RING)
Build complete. Checkpoint files can be deleted: /scratch/scratch-lxu/flamingo_map_build/ckpt_y_L1_m9_L1_m9_lc0_nside4096.npy /scratch/scratch-lxu/flamingo_map_build/ckpt_meta_L1_m9_L1_m9_lc0_nside4096.json
