layout=L2p8_m9 snaps 18..78 (61 snapshots, z <= 3.0)
snap 0018: 350,941,779 lightcone rows
layout=L2p8_m9 snaps 18..78 (61 snapshots, z <= 3.0)
snap 0018: 350,941,779 lightcone rows
layout=L2p8_m9 snaps 18..78 (61 snapshots, z <= 3.0)
snap 0018: 16,669 rows (454.0s)
snap 0019: 38,152 rows (411.5s)
snap 0020: 43,345 rows (432.4s)
snap 0021: 48,759 rows (471.4s)
snap 0022: 55,239 rows (544.4s)
snap 0023: 62,135 rows (544.7s)
snap 0024: 69,760 rows (397.7s)
snap 0025: 78,182 rows (591.9s)
snap 0026: 88,073 rows (679.8s)
snap 0027: 98,704 rows (439.0s)
snap 0028: 109,655 rows (495.3s)
snap 0029: 122,053 rows (663.5s)
snap 0030: 135,682 rows (632.2s)
snap 0031: 150,472 rows (492.1s)
snap 0032: 165,535 rows (600.5s)
snap 0033: 184,311 rows (652.2s)
snap 0034: 204,250 rows (627.7s)
snap 0035: 222,636 rows (672.0s)
snap 0036: 242,778 rows (601.2s)
snap 0037: 264,906 rows (645.6s)
snap 0038: 288,904 rows (697.3s)
snap 0039: 317,440 rows (561.9s)
snap 0040: 341,888 rows (659.0s)
snap 0041: 373,408 rows (559.9s)
snap 0042: 402,368 rows (558.0s)
snap 0043: 433,464 rows (571.3s)
snap 0044: 461,334 rows (538.2s)
snap 0045: 493,202 rows (649.6s)
snap 0046: 531,229 rows (878.5s)
snap 0047: 565,321 rows (822.4s)
snap 0048: 598,965 rows (927.0s)
snap 0049: 629,288 rows (975.3s)
snap 0050: 667,327 rows (869.8s)
snap 0051: 698,289 rows (806.6s)
snap 0052: 727,374 rows (911.4s)
snap 0053: 757,121 rows (1023.1s)
snap 0054: 789,308 rows (933.9s)
snap 0055: 810,035 rows (917.1s)
snap 0056: 827,357 rows (934.6s)
snap 0057: 853,791 rows (937.2s)
snap 0058: 860,154 rows (834.6s)
snap 0059: 862,808 rows (886.9s)
snap 0060: 859,262 rows (982.9s)
snap 0061: 859,431 rows (946.8s)
snap 0062: 844,883 rows (993.0s)
snap 0063: 821,133 rows (809.2s)
snap 0064: 793,636 rows (759.7s)
snap 0065: 758,518 rows (790.8s)
snap 0066: 707,429 rows (739.6s)
snap 0067: 653,990 rows (647.3s)
snap 0068: 595,654 rows (788.2s)
snap 0069: 524,087 rows (635.5s)
snap 0070: 455,001 rows (555.9s)
snap 0071: 379,003 rows (467.1s)
snap 0072: 299,543 rows (556.0s)
snap 0073: 224,607 rows (460.9s)
snap 0074: 157,054 rows (615.4s)
snap 0075: 96,430 rows (433.9s)
snap 0076: 45,918 rows (393.0s)
snap 0077: 12,920 rows (264.4s)
snap 0078: 478 rows (30.1s)
wrote 24,780,648 rows -> /rds/rds-lxu/flamingo/L2p8_m9/lightcone3/catalogues/halo_catalogue_M500c_1e13_zlt3_L2p8_m9_yang26rot.csv (672.9 min)
