variant=fgas-8sigma parent=L1_m9 lc0 shell_max=60 -> 13 angle-groups; NSIDE=4096, NPIX=201,326,592, lmax=12287 (alm-accumulation: one alm2map at the end)
[L1_m9_fgas-8sigma obs0] group 1/13 (theta=0.00000, phi=0.00000) stream shell_0…
    shell_0 folded in (72s)
[L1_m9_fgas-8sigma obs0] group 1/13 (theta=0.00000, phi=0.00000) stream shell_1…
    shell_1 folded in (91s)
  group 1: no rotation (identity)
  checkpoint saved after group 1 (164s)
[L1_m9_fgas-8sigma obs0] group 2/13 (theta=3.26758, phi=1.41519) stream shell_2…
    shell_2 folded in (53s)
[L1_m9_fgas-8sigma obs0] group 2/13 (theta=3.26758, phi=1.41519) stream shell_3…
    shell_3 folded in (49s)
[L1_m9_fgas-8sigma obs0] group 2/13 (theta=3.26758, phi=1.41519) stream shell_4…
    shell_4 folded in (201s)
  group 2: map2alm + rotate_alm (accumulate)…
  group 2: alm folded (1259s)
  checkpoint saved after group 2 (1562s)
[L1_m9_fgas-8sigma obs0] group 3/13 (theta=1.51290, phi=0.80580) stream shell_5…
    shell_5 folded in (78s)
[L1_m9_fgas-8sigma obs0] group 3/13 (theta=1.51290, phi=0.80580) stream shell_6…
    shell_6 folded in (99s)
  group 3: map2alm + rotate_alm (accumulate)…
  group 3: alm folded (1260s)
  checkpoint saved after group 3 (1438s)
[L1_m9_fgas-8sigma obs0] group 4/13 (theta=3.13886, phi=0.71831) stream shell_7…
    shell_7 folded in (22s)
[L1_m9_fgas-8sigma obs0] group 4/13 (theta=3.13886, phi=0.71831) stream shell_8…
    shell_8 folded in (95s)
[L1_m9_fgas-8sigma obs0] group 4/13 (theta=3.13886, phi=0.71831) stream shell_9…
    shell_9 folded in (70s)
  group 4: map2alm + rotate_alm (accumulate)…
  group 4: alm folded (1261s)
  checkpoint saved after group 4 (1448s)
[L1_m9_fgas-8sigma obs0] group 5/13 (theta=2.17061, phi=1.77537) stream shell_10…
    shell_10 folded in (68s)
[L1_m9_fgas-8sigma obs0] group 5/13 (theta=2.17061, phi=1.77537) stream shell_11…
    shell_11 folded in (66s)
[L1_m9_fgas-8sigma obs0] group 5/13 (theta=2.17061, phi=1.77537) stream shell_12…
    shell_12 folded in (120s)
[L1_m9_fgas-8sigma obs0] group 5/13 (theta=2.17061, phi=1.77537) stream shell_13…
    shell_13 folded in (112s)
  group 5: map2alm + rotate_alm (accumulate)…
  group 5: alm folded (1276s)
  checkpoint saved after group 5 (1643s)
[L1_m9_fgas-8sigma obs0] group 6/13 (theta=4.59421, phi=0.62435) stream shell_14…
    shell_14 folded in (78s)
[L1_m9_fgas-8sigma obs0] group 6/13 (theta=4.59421, phi=0.62435) stream shell_15…
    shell_15 folded in (123s)
[L1_m9_fgas-8sigma obs0] group 6/13 (theta=4.59421, phi=0.62435) stream shell_16…
    shell_16 folded in (104s)
  group 6: map2alm + rotate_alm (accumulate)…
  group 6: alm folded (1259s)
  checkpoint saved after group 6 (1565s)
[L1_m9_fgas-8sigma obs0] group 7/13 (theta=1.14274, phi=2.14077) stream shell_17…
    shell_17 folded in (145s)
[L1_m9_fgas-8sigma obs0] group 7/13 (theta=1.14274, phi=2.14077) stream shell_18…
    shell_18 folded in (97s)
[L1_m9_fgas-8sigma obs0] group 7/13 (theta=1.14274, phi=2.14077) stream shell_19…
    shell_19 folded in (82s)
[L1_m9_fgas-8sigma obs0] group 7/13 (theta=1.14274, phi=2.14077) stream shell_20…
    shell_20 folded in (140s)
  group 7: map2alm + rotate_alm (accumulate)…
  group 7: alm folded (1264s)
  checkpoint saved after group 7 (1729s)
[L1_m9_fgas-8sigma obs0] group 8/13 (theta=2.02717, phi=0.49841) stream shell_21…
    shell_21 folded in (66s)
[L1_m9_fgas-8sigma obs0] group 8/13 (theta=2.02717, phi=0.49841) stream shell_22…
    shell_22 folded in (85s)
[L1_m9_fgas-8sigma obs0] group 8/13 (theta=2.02717, phi=0.49841) stream shell_23…
    shell_23 folded in (89s)
[L1_m9_fgas-8sigma obs0] group 8/13 (theta=2.02717, phi=0.49841) stream shell_24…
    shell_24 folded in (88s)
  group 8: map2alm + rotate_alm (accumulate)…
  group 8: alm folded (1272s)
  checkpoint saved after group 8 (1601s)
[L1_m9_fgas-8sigma obs0] group 9/13 (theta=2.77675, phi=2.01363) stream shell_25…
    shell_25 folded in (92s)
[L1_m9_fgas-8sigma obs0] group 9/13 (theta=2.77675, phi=2.01363) stream shell_26…
    shell_26 folded in (129s)
[L1_m9_fgas-8sigma obs0] group 9/13 (theta=2.77675, phi=2.01363) stream shell_27…
    shell_27 folded in (81s)
[L1_m9_fgas-8sigma obs0] group 9/13 (theta=2.77675, phi=2.01363) stream shell_28…
    shell_28 folded in (114s)
[L1_m9_fgas-8sigma obs0] group 9/13 (theta=2.77675, phi=2.01363) stream shell_29…
    shell_29 folded in (55s)
  group 9: map2alm + rotate_alm (accumulate)…
  group 9: alm folded (1288s)
  checkpoint saved after group 9 (1759s)
[L1_m9_fgas-8sigma obs0] group 10/13 (theta=0.83245, phi=2.25357) stream shell_30…
    shell_30 folded in (23s)
[L1_m9_fgas-8sigma obs0] group 10/13 (theta=0.83245, phi=2.25357) stream shell_31…
    shell_31 folded in (63s)
[L1_m9_fgas-8sigma obs0] group 10/13 (theta=0.83245, phi=2.25357) stream shell_32…
    shell_32 folded in (129s)
[L1_m9_fgas-8sigma obs0] group 10/13 (theta=0.83245, phi=2.25357) stream shell_33…
    shell_33 folded in (116s)
[L1_m9_fgas-8sigma obs0] group 10/13 (theta=0.83245, phi=2.25357) stream shell_34…
    shell_34 folded in (122s)
[L1_m9_fgas-8sigma obs0] group 10/13 (theta=0.83245, phi=2.25357) stream shell_35…
    shell_35 folded in (53s)
  group 10: map2alm + rotate_alm (accumulate)…
  group 10: alm folded (1268s)
  checkpoint saved after group 10 (1775s)
[L1_m9_fgas-8sigma obs0] group 11/13 (theta=4.95779, phi=1.85187) stream shell_36…
    shell_36 folded in (110s)
[L1_m9_fgas-8sigma obs0] group 11/13 (theta=4.95779, phi=1.85187) stream shell_37…
    shell_37 folded in (123s)
[L1_m9_fgas-8sigma obs0] group 11/13 (theta=4.95779, phi=1.85187) stream shell_38…
    shell_38 folded in (92s)
[L1_m9_fgas-8sigma obs0] group 11/13 (theta=4.95779, phi=1.85187) stream shell_39…
    shell_39 folded in (72s)
[L1_m9_fgas-8sigma obs0] group 11/13 (theta=4.95779, phi=1.85187) stream shell_40…
    shell_40 folded in (96s)
[L1_m9_fgas-8sigma obs0] group 11/13 (theta=4.95779, phi=1.85187) stream shell_41…
    shell_41 folded in (111s)
[L1_m9_fgas-8sigma obs0] group 11/13 (theta=4.95779, phi=1.85187) stream shell_42…
    shell_42 folded in (107s)
  group 11: map2alm + rotate_alm (accumulate)…
  group 11: alm folded (1267s)
  checkpoint saved after group 11 (1980s)
[L1_m9_fgas-8sigma obs0] group 12/13 (theta=2.52360, phi=1.36014) stream shell_43…
    shell_43 folded in (38s)
[L1_m9_fgas-8sigma obs0] group 12/13 (theta=2.52360, phi=1.36014) stream shell_44…
    shell_44 folded in (104s)
[L1_m9_fgas-8sigma obs0] group 12/13 (theta=2.52360, phi=1.36014) stream shell_45…
    shell_45 folded in (70s)
[L1_m9_fgas-8sigma obs0] group 12/13 (theta=2.52360, phi=1.36014) stream shell_46…
    shell_46 folded in (65s)
[L1_m9_fgas-8sigma obs0] group 12/13 (theta=2.52360, phi=1.36014) stream shell_47…
    shell_47 folded in (97s)
[L1_m9_fgas-8sigma obs0] group 12/13 (theta=2.52360, phi=1.36014) stream shell_48…
    shell_48 folded in (94s)
[L1_m9_fgas-8sigma obs0] group 12/13 (theta=2.52360, phi=1.36014) stream shell_49…
    shell_49 folded in (139s)
[L1_m9_fgas-8sigma obs0] group 12/13 (theta=2.52360, phi=1.36014) stream shell_50…
    shell_50 folded in (73s)
  group 12: map2alm + rotate_alm (accumulate)…
  group 12: alm folded (1271s)
  checkpoint saved after group 12 (1952s)
[L1_m9_fgas-8sigma obs0] group 13/13 (theta=2.69302, phi=2.35895) stream shell_51…
    shell_51 folded in (98s)
[L1_m9_fgas-8sigma obs0] group 13/13 (theta=2.69302, phi=2.35895) stream shell_52…
    shell_52 folded in (62s)
[L1_m9_fgas-8sigma obs0] group 13/13 (theta=2.69302, phi=2.35895) stream shell_53…
    shell_53 folded in (75s)
[L1_m9_fgas-8sigma obs0] group 13/13 (theta=2.69302, phi=2.35895) stream shell_54…
    shell_54 folded in (101s)
[L1_m9_fgas-8sigma obs0] group 13/13 (theta=2.69302, phi=2.35895) stream shell_55…
    shell_55 folded in (28s)
[L1_m9_fgas-8sigma obs0] group 13/13 (theta=2.69302, phi=2.35895) stream shell_56…
    shell_56 folded in (74s)
[L1_m9_fgas-8sigma obs0] group 13/13 (theta=2.69302, phi=2.35895) stream shell_57…
    shell_57 folded in (89s)
[L1_m9_fgas-8sigma obs0] group 13/13 (theta=2.69302, phi=2.35895) stream shell_58…
    shell_58 folded in (80s)
[L1_m9_fgas-8sigma obs0] group 13/13 (theta=2.69302, phi=2.35895) stream shell_59…
    shell_59 folded in (83s)
  group 13: map2alm + rotate_alm (accumulate)…
  group 13: alm folded (1272s)
  checkpoint saved after group 13 (1964s)
synthesising final map (single alm2map)…
  alm2map done (3s)

Wrote /rds/rds-lxu/flamingo/L1_m9/maps/y_unlensed_fgas-8sigma_lc0_nside4096.fits  mean(y)=1.754e-06  NSIDE=4096 (RING)
Build complete. Checkpoint files can be deleted: /scratch/scratch-lxu/flamingo_map_build/ckpt_alm_L1_m9_fgas-8sigma_lc0_nside4096.npy /scratch/scratch-lxu/flamingo_map_build/ckpt_yident_L1_m9_fgas-8sigma_lc0_nside4096.npy /scratch/scratch-lxu/flamingo_map_build/ckpt_meta_L1_m9_fgas-8sigma_lc0_nside4096.json
