layout=L2p8_m9 snaps 18..78 (61 snapshots, z <= 3.0)
snap 0018: 350,048,700 lightcone rows
layout=L2p8_m9 snaps 18..78 (61 snapshots, z <= 3.0)
snap 0018: 350,048,700 lightcone rows
layout=L2p8_m9 snaps 18..78 (61 snapshots, z <= 3.0)
snap 0018: 16,436 rows (464.0s)
snap 0019: 37,468 rows (460.3s)
snap 0020: 42,793 rows (385.0s)
snap 0021: 48,736 rows (498.6s)
snap 0022: 55,151 rows (523.8s)
snap 0023: 62,371 rows (566.2s)
snap 0024: 69,421 rows (435.2s)
snap 0025: 78,368 rows (568.9s)
snap 0026: 87,803 rows (640.2s)
snap 0027: 98,076 rows (484.5s)
snap 0028: 108,941 rows (689.3s)
snap 0029: 121,134 rows (585.0s)
snap 0030: 135,556 rows (651.2s)
snap 0031: 151,105 rows (733.5s)
snap 0032: 167,843 rows (577.3s)
snap 0033: 183,992 rows (791.4s)
snap 0034: 203,128 rows (592.9s)
snap 0035: 221,689 rows (721.1s)
snap 0036: 244,998 rows (557.2s)
snap 0037: 266,777 rows (514.6s)
snap 0038: 290,591 rows (907.7s)
snap 0039: 316,632 rows (606.7s)
snap 0040: 343,343 rows (701.1s)
snap 0041: 373,721 rows (753.6s)
snap 0042: 402,522 rows (672.7s)
snap 0043: 430,768 rows (569.3s)
snap 0044: 465,189 rows (776.7s)
snap 0045: 494,254 rows (806.4s)
snap 0046: 527,418 rows (868.4s)
snap 0047: 562,124 rows (828.8s)
snap 0048: 597,076 rows (847.4s)
snap 0049: 632,643 rows (980.2s)
snap 0050: 671,205 rows (726.3s)
snap 0051: 696,835 rows (933.7s)
snap 0052: 726,188 rows (777.7s)
snap 0053: 755,238 rows (870.1s)
snap 0054: 785,591 rows (973.5s)
snap 0055: 809,739 rows (911.5s)
snap 0056: 833,336 rows (839.2s)
snap 0057: 846,979 rows (950.1s)
snap 0058: 859,825 rows (840.8s)
snap 0059: 866,021 rows (930.8s)
snap 0060: 867,449 rows (917.4s)
snap 0061: 858,908 rows (808.8s)
snap 0062: 842,794 rows (958.0s)
snap 0063: 823,433 rows (675.0s)
snap 0064: 789,876 rows (912.5s)
snap 0065: 750,608 rows (785.5s)
snap 0066: 706,441 rows (723.7s)
snap 0067: 654,340 rows (776.0s)
snap 0068: 596,905 rows (665.3s)
snap 0069: 525,535 rows (701.0s)
snap 0070: 455,199 rows (572.7s)
snap 0071: 381,568 rows (561.1s)
snap 0072: 302,360 rows (526.4s)
snap 0073: 226,603 rows (418.5s)
snap 0074: 156,689 rows (420.7s)
snap 0075: 94,430 rows (354.7s)
snap 0076: 43,892 rows (134.5s)
snap 0077: 12,756 rows (187.8s)
snap 0078: 657 rows (145.3s)
wrote 24,779,467 rows -> /rds/rds-lxu/flamingo/L2p8_m9/lightcone2/catalogues/halo_catalogue_M500c_1e13_zlt3_L2p8_m9_yang26rot.csv (679.3 min)
