layout=L1_m9 snaps 17..77 (61 snapshots, z <= 3.0)
resuming: 28 snapshots done, 5,411,564 rows written
snap 0017: already complete
snap 0018: already complete
snap 0019: already complete
snap 0020: already complete
snap 0021: already complete
snap 0022: already complete
snap 0023: already complete
snap 0024: already complete
snap 0025: already complete
snap 0026: already complete
snap 0027: already complete
snap 0028: already complete
snap 0029: already complete
snap 0030: already complete
snap 0031: already complete
snap 0032: already complete
snap 0033: already complete
snap 0034: already complete
snap 0035: already complete
snap 0036: already complete
snap 0037: already complete
snap 0038: already complete
snap 0039: already complete
snap 0040: already complete
snap 0041: already complete
snap 0042: already complete
snap 0043: already complete
snap 0044: already complete
snap 0045: 215,293,150 lightcone rows
    wrote 5,500,317 rows total
    wrote 5,601,863 rows total
    wrote 5,701,876 rows total
    wrote 5,801,513 rows total
    wrote 5,900,095 rows total
snap 0045: wrote 520,687 rows (28.1 min total)
snap 0046: 215,431,691 lightcone rows
    wrote 6,001,833 rows total
    wrote 6,102,184 rows total
    wrote 6,202,099 rows total
    wrote 6,301,377 rows total
    wrote 6,400,601 rows total
snap 0046: wrote 550,721 rows (51.8 min total)
snap 0047: 214,047,320 lightcone rows
    wrote 6,502,045 rows total
    wrote 6,600,754 rows total
    wrote 6,701,763 rows total
    wrote 6,802,516 rows total
    wrote 6,902,684 rows total
    wrote 7,002,380 rows total
snap 0047: wrote 582,475 rows (76.9 min total)
snap 0048: 214,043,926 lightcone rows
    wrote 7,100,120 rows total
    wrote 7,201,360 rows total
    wrote 7,301,883 rows total
    wrote 7,400,437 rows total
    wrote 7,502,266 rows total
    wrote 7,601,212 rows total
snap 0048: wrote 620,680 rows (114.5 min total)
snap 0049: 212,770,783 lightcone rows
    wrote 7,701,308 rows total
    wrote 7,802,122 rows total
layout=L1_m9 snaps 17..77 (61 snapshots, z <= 3.0)
resuming: 32 snapshots done, 7,686,127 rows written
snap 0017: already complete
snap 0018: already complete
snap 0019: already complete
snap 0020: already complete
snap 0021: already complete
snap 0022: already complete
snap 0023: already complete
snap 0024: already complete
snap 0025: already complete
snap 0026: already complete
snap 0027: already complete
snap 0028: already complete
snap 0029: already complete
snap 0030: already complete
snap 0031: already complete
snap 0032: already complete
snap 0033: already complete
snap 0034: already complete
snap 0035: already complete
snap 0036: already complete
snap 0037: already complete
snap 0038: already complete
snap 0039: already complete
snap 0040: already complete
snap 0041: already complete
snap 0042: already complete
snap 0043: already complete
snap 0044: already complete
snap 0045: already complete
snap 0046: already complete
snap 0047: already complete
snap 0048: already complete
snap 0049: 212,770,783 lightcone rows
    wrote 7,701,308 rows total
    wrote 7,802,122 rows total
    wrote 7,900,876 rows total
layout=L1_m9 snaps 17..77 (61 snapshots, z <= 3.0)
resuming: 32 snapshots done, 7,686,127 rows written
snap 0017: already complete
snap 0018: already complete
snap 0019: already complete
snap 0020: already complete
snap 0021: already complete
snap 0022: already complete
snap 0023: already complete
snap 0024: already complete
snap 0025: already complete
snap 0026: already complete
snap 0027: already complete
snap 0028: already complete
snap 0029: already complete
snap 0030: already complete
snap 0031: already complete
snap 0032: already complete
snap 0033: already complete
snap 0034: already complete
snap 0035: already complete
snap 0036: already complete
snap 0037: already complete
snap 0038: already complete
snap 0039: already complete
snap 0040: already complete
snap 0041: already complete
snap 0042: already complete
snap 0043: already complete
snap 0044: already complete
snap 0045: already complete
snap 0046: already complete
snap 0047: already complete
snap 0048: already complete
snap 0049: 212,770,783 lightcone rows
    wrote 7,701,308 rows total
resuming: 32 snapshots done, 7,686,127 rows written
layout=L1_m9 snaps 17..77 (29 to process after prefilter, z <= 3.0)
snap 0049: 651,514 rows (239.9s)
snap 0050: 685,224 rows (232.4s)
snap 0051: 718,575 rows (347.8s)
snap 0052: 744,639 rows (223.3s)
snap 0053: 772,011 rows (231.5s)
snap 0054: 798,570 rows (248.5s)
snap 0055: 820,997 rows (268.9s)
snap 0056: 837,717 rows (261.6s)
snap 0057: 845,655 rows (251.2s)
snap 0058: 851,517 rows (320.6s)
snap 0059: 854,566 rows (202.9s)
snap 0060: 847,792 rows (266.6s)
snap 0061: 835,296 rows (263.7s)
snap 0062: 814,414 rows (305.9s)
snap 0063: 784,629 rows (233.0s)
snap 0064: 748,163 rows (267.2s)
snap 0065: 699,431 rows (246.0s)
snap 0066: 648,915 rows (207.3s)
snap 0067: 590,733 rows (238.5s)
snap 0068: 521,908 rows (219.7s)
snap 0069: 450,616 rows (196.4s)
snap 0070: 373,998 rows (186.4s)
snap 0071: 300,075 rows (185.8s)
snap 0072: 222,398 rows (188.7s)
snap 0073: 156,036 rows (63.5s)
snap 0074: 95,122 rows (150.3s)
snap 0075: 44,973 rows (56.8s)
snap 0076: 12,718 rows (113.8s)
snap 0077: 547 rows (4.1s)
wrote 24,414,876 rows -> /rds/rds-lxu/flamingo/L1_m9/catalogues/halo_catalogue_M500c_1e13_zlt3_L1_m9_yang26rot.csv (103.7 min)
