=== lc0 ===
  loading map y_unlensed_L2p8_m9_lc0.fits
  loading catalogue halo_catalogue_M500c_5e13_zlt3_L2p8_m9_yang26rot_qfrommz.csv
  full sky (NaMaster)...
  q>50 mask + NaMaster...
    N(q>50)=3  f_sky=0.9992
  q>20 mask + NaMaster...
    N(q>20)=53  f_sky=0.9679
  q>10 mask + NaMaster...
    N(q>10)=285  f_sky=0.9342
  q>5 mask + NaMaster...
    N(q>5)=1,155  f_sky=0.8772
  done in 235s
=== lc1 ===
  loading map y_unlensed_L2p8_m9_lc1.fits
  loading catalogue halo_catalogue_M500c_5e13_zlt3_L2p8_m9_yang26rot_qfrommz.csv
  full sky (NaMaster)...
  q>50 mask + NaMaster...
    N(q>50)=5  f_sky=0.9928
  q>20 mask + NaMaster...
    N(q>20)=61  f_sky=0.9822
  q>10 mask + NaMaster...
    N(q>10)=283  f_sky=0.9614
  q>5 mask + NaMaster...
    N(q>5)=1,201  f_sky=0.9140
  done in 233s
=== lc2 ===
  loading map y_unlensed_L2p8_m9_lc2.fits
  loading catalogue halo_catalogue_M500c_5e13_zlt3_L2p8_m9_yang26rot_qfrommz.csv
  full sky (NaMaster)...
  q>50 mask + NaMaster...
    N(q>50)=5  f_sky=0.9977
  q>20 mask + NaMaster...
    N(q>20)=46  f_sky=0.9866
  q>10 mask + NaMaster...
    N(q>10)=281  f_sky=0.9500
  q>5 mask + NaMaster...
    N(q>5)=1,121  f_sky=0.9080
  done in 234s
=== lc3 ===
  loading map y_unlensed_L2p8_m9_lc3.fits
  loading catalogue halo_catalogue_M500c_5e13_zlt3_L2p8_m9_yang26rot_qfrommz.csv
  full sky (NaMaster)...
  q>50 mask + NaMaster...
    N(q>50)=5  f_sky=0.9980
  q>20 mask + NaMaster...
    N(q>20)=48  f_sky=0.9907
  q>10 mask + NaMaster...
    N(q>10)=267  f_sky=0.9692
  q>5 mask + NaMaster...
    N(q>5)=1,165  f_sky=0.9246
  done in 233s
=== lc4 ===
  loading map y_unlensed_L2p8_m9_lc4.fits
  loading catalogue halo_catalogue_M500c_5e13_zlt3_L2p8_m9_yang26rot_qfrommz.csv
  full sky (NaMaster)...
  q>50 mask + NaMaster...
    N(q>50)=3  f_sky=0.9974
  q>20 mask + NaMaster...
    N(q>20)=49  f_sky=0.9909
  q>10 mask + NaMaster...
    N(q>10)=283  f_sky=0.9648
  q>5 mask + NaMaster...
    N(q>5)=1,116  f_sky=0.9218
  done in 234s
=== lc5 ===
  loading map y_unlensed_L2p8_m9_lc5.fits
  loading catalogue halo_catalogue_M500c_5e13_zlt3_L2p8_m9_yang26rot_qfrommz.csv
  full sky (NaMaster)...
  q>50 mask + NaMaster...
    N(q>50)=3  f_sky=0.9997
  q>20 mask + NaMaster...
    N(q>20)=49  f_sky=0.9864
  q>10 mask + NaMaster...
    N(q>10)=290  f_sky=0.9632
  q>5 mask + NaMaster...
    N(q>5)=1,155  f_sky=0.9245
  done in 234s
=== lc6 ===
  loading map y_unlensed_L2p8_m9_lc6.fits
  loading catalogue halo_catalogue_M500c_5e13_zlt3_L2p8_m9_yang26rot_qfrommz.csv
  full sky (NaMaster)...
  q>50 mask + NaMaster...
    N(q>50)=9  f_sky=0.9951
  q>20 mask + NaMaster...
    N(q>20)=59  f_sky=0.9815
  q>10 mask + NaMaster...
    N(q>10)=260  f_sky=0.9598
  q>5 mask + NaMaster...
    N(q>5)=1,135  f_sky=0.9180
  done in 235s
=== lc7 ===
  loading map y_unlensed_L2p8_m9_lc7.fits
  loading catalogue halo_catalogue_M500c_5e13_zlt3_L2p8_m9_yang26rot_qfrommz.csv
  full sky (NaMaster)...
  q>50 mask + NaMaster...
    N(q>50)=1  f_sky=0.9998
  q>20 mask + NaMaster...
    N(q>20)=57  f_sky=0.9939
  q>10 mask + NaMaster...
    N(q>10)=268  f_sky=0.9764
  q>5 mask + NaMaster...
    N(q>5)=1,097  f_sky=0.9416
  done in 234s

wrote /scratch/scratch-lxu/flamingo_repo/data/bandpowers_L2p8_m9_multilc/masked_tsz_ps.npz  shape dl_masked=(8, 4, 199)

=== summary N(q>cut) per lightcone ===
  lc0  q>50=   3  q>20=  53  q>10= 285  q>5=1155
  lc1  q>50=   5  q>20=  61  q>10= 283  q>5=1201
  lc2  q>50=   5  q>20=  46  q>10= 281  q>5=1121
  lc3  q>50=   5  q>20=  48  q>10= 267  q>5=1165
  lc4  q>50=   3  q>20=  49  q>10= 283  q>5=1116
  lc5  q>50=   3  q>20=  49  q>10= 290  q>5=1155
  lc6  q>50=   9  q>20=  59  q>10= 260  q>5=1135
  lc7  q>50=   1  q>20=  57  q>10= 268  q>5=1097
