skip lc0: already exists at /rds/rds-lxu/flamingo/L2p8_m9/lightcone0/healpix_map/y_unlensed_L2p8_m9_lc0.fits
=== building L2p8_m9 lc1 y-map -> /rds/rds-lxu/flamingo/L2p8_m9/lightcone1/healpix_map/y_unlensed_L2p8_m9_lc1.fits ===
variant=L2p8_m9 parent=None lc1 shell_max=60 -> 5 angle-groups; NSIDE=4096, NPIX=201,326,592
[L2p8_m9 obs1] group 1/5 (theta=0.00000, phi=0.00000) stream shell_0…
    shell_0 folded in (30s)
[L2p8_m9 obs1] group 1/5 (theta=0.00000, phi=0.00000) stream shell_1…
    shell_1 folded in (31s)
[L2p8_m9 obs1] group 1/5 (theta=0.00000, phi=0.00000) stream shell_2…
    shell_2 folded in (32s)
[L2p8_m9 obs1] group 1/5 (theta=0.00000, phi=0.00000) stream shell_3…
    shell_3 folded in (31s)
[L2p8_m9 obs1] group 1/5 (theta=0.00000, phi=0.00000) stream shell_4…
    shell_4 folded in (29s)
[L2p8_m9 obs1] group 1/5 (theta=0.00000, phi=0.00000) stream shell_5…
    shell_5 folded in (29s)
[L2p8_m9 obs1] group 1/5 (theta=0.00000, phi=0.00000) stream shell_6…
    shell_6 folded in (30s)
  group 1: no rotation (identity)
  checkpoint saved after group 1 (216s, mean(y)=3.371e-07)
[L2p8_m9 obs1] group 2/5 (theta=2.11833, phi=0.96440) stream shell_7…
    shell_7 folded in (32s)
[L2p8_m9 obs1] group 2/5 (theta=2.11833, phi=0.96440) stream shell_8…
    shell_8 folded in (32s)
[L2p8_m9 obs1] group 2/5 (theta=2.11833, phi=0.96440) stream shell_9…
    shell_9 folded in (28s)
[L2p8_m9 obs1] group 2/5 (theta=2.11833, phi=0.96440) stream shell_10…
    shell_10 folded in (30s)
[L2p8_m9 obs1] group 2/5 (theta=2.11833, phi=0.96440) stream shell_11…
    shell_11 folded in (29s)
[L2p8_m9 obs1] group 2/5 (theta=2.11833, phi=0.96440) stream shell_12…
    shell_12 folded in (28s)
[L2p8_m9 obs1] group 2/5 (theta=2.11833, phi=0.96440) stream shell_13…
    shell_13 folded in (27s)
[L2p8_m9 obs1] group 2/5 (theta=2.11833, phi=0.96440) stream shell_14…
    shell_14 folded in (26s)
[L2p8_m9 obs1] group 2/5 (theta=2.11833, phi=0.96440) stream shell_15…
    shell_15 folded in (25s)
  group 2: rotating summed map once (alm)…
