2026-06-27T17:18:18+01:00 === y-maps pipeline start ===
2026-06-27T17:18:18+01:00 === PHASE: L1_m9 y-maps ===
=== building L1_m9 -> /rds/rds-lxu/flamingo/L1_m9/maps/y_unlensed_L1_m9_lc0_nside4096.fits ===
resuming: 6 groups already folded in (mean so far 7.615e-07)
variant=L1_m9 parent=L1_m9 lc0 shell_max=60 -> 13 angle-groups; NSIDE=4096, NPIX=201,326,592
group 1/13 (shells 0..1) already done, skip
group 2/13 (shells 2..4) already done, skip
group 3/13 (shells 5..6) already done, skip
group 4/13 (shells 7..9) already done, skip
group 5/13 (shells 10..13) already done, skip
group 6/13 (shells 14..16) already done, skip
[L1_m9_L1_m9 obs0] group 7/13 (theta=1.14274, phi=2.14077) stream shell_17…
    shell_17 folded in (20s)
[L1_m9_L1_m9 obs0] group 7/13 (theta=1.14274, phi=2.14077) stream shell_18…
    shell_18 folded in (20s)
[L1_m9_L1_m9 obs0] group 7/13 (theta=1.14274, phi=2.14077) stream shell_19…
    shell_19 folded in (24s)
[L1_m9_L1_m9 obs0] group 7/13 (theta=1.14274, phi=2.14077) stream shell_20…
    shell_20 folded in (24s)
  group 7: rotating summed map once (alm)…
  group 7: rotated (964s)
  checkpoint saved after group 7 (1052s, mean(y)=9.049e-07)
[L1_m9_L1_m9 obs0] group 8/13 (theta=2.02717, phi=0.49841) stream shell_21…
    shell_21 folded in (18s)
[L1_m9_L1_m9 obs0] group 8/13 (theta=2.02717, phi=0.49841) stream shell_22…
    shell_22 folded in (18s)
[L1_m9_L1_m9 obs0] group 8/13 (theta=2.02717, phi=0.49841) stream shell_23…
    shell_23 folded in (18s)
[L1_m9_L1_m9 obs0] group 8/13 (theta=2.02717, phi=0.49841) stream shell_24…
    shell_24 folded in (19s)
  group 8: rotating summed map once (alm)…
  group 8: rotated (972s)
  checkpoint saved after group 8 (1045s, mean(y)=1.028e-06)
[L1_m9_L1_m9 obs0] group 9/13 (theta=2.77675, phi=2.01363) stream shell_25…
    shell_25 folded in (19s)
[L1_m9_L1_m9 obs0] group 9/13 (theta=2.77675, phi=2.01363) stream shell_26…
    shell_26 folded in (19s)
[L1_m9_L1_m9 obs0] group 9/13 (theta=2.77675, phi=2.01363) stream shell_27…
    shell_27 folded in (22s)
[L1_m9_L1_m9 obs0] group 9/13 (theta=2.77675, phi=2.01363) stream shell_28…
    shell_28 folded in (19s)
[L1_m9_L1_m9 obs0] group 9/13 (theta=2.77675, phi=2.01363) stream shell_29…
    shell_29 folded in (20s)
  group 9: rotating summed map once (alm)…
Terminated
2026-06-27T17:59:16+01:00 === y-maps pipeline start ===
2026-06-27T17:59:16+01:00 === PHASE: L1_m9 y-maps ===
=== building L1_m9 -> /rds/rds-lxu/flamingo/L1_m9/maps/y_unlensed_L1_m9_lc0_nside4096.fits ===
resuming: 8 groups already folded in (mean so far 1.028e-06)
variant=L1_m9 parent=L1_m9 lc0 shell_max=60 -> 13 angle-groups; NSIDE=4096, NPIX=201,326,592
group 1/13 (shells 0..1) already done, skip
group 2/13 (shells 2..4) already done, skip
group 3/13 (shells 5..6) already done, skip
group 4/13 (shells 7..9) already done, skip
group 5/13 (shells 10..13) already done, skip
group 6/13 (shells 14..16) already done, skip
group 7/13 (shells 17..20) already done, skip
group 8/13 (shells 21..24) already done, skip
[L1_m9_L1_m9 obs0] group 9/13 (theta=2.77675, phi=2.01363) stream shell_25…
    shell_25 folded in (18s)
[L1_m9_L1_m9 obs0] group 9/13 (theta=2.77675, phi=2.01363) stream shell_26…
    shell_26 folded in (18s)
[L1_m9_L1_m9 obs0] group 9/13 (theta=2.77675, phi=2.01363) stream shell_27…
    shell_27 folded in (18s)
[L1_m9_L1_m9 obs0] group 9/13 (theta=2.77675, phi=2.01363) stream shell_28…
    shell_28 folded in (18s)
[L1_m9_L1_m9 obs0] group 9/13 (theta=2.77675, phi=2.01363) stream shell_29…
    shell_29 folded in (19s)
  group 9: rotating summed map once (alm)…
  group 9: rotated (967s)
  checkpoint saved after group 9 (1058s, mean(y)=1.154e-06)
[L1_m9_L1_m9 obs0] group 10/13 (theta=0.83245, phi=2.25357) stream shell_30…
    shell_30 folded in (18s)
[L1_m9_L1_m9 obs0] group 10/13 (theta=0.83245, phi=2.25357) stream shell_31…
    shell_31 folded in (18s)
[L1_m9_L1_m9 obs0] group 10/13 (theta=0.83245, phi=2.25357) stream shell_32…
    shell_32 folded in (19s)
[L1_m9_L1_m9 obs0] group 10/13 (theta=0.83245, phi=2.25357) stream shell_33…
    shell_33 folded in (18s)
[L1_m9_L1_m9 obs0] group 10/13 (theta=0.83245, phi=2.25357) stream shell_34…
    shell_34 folded in (17s)
[L1_m9_L1_m9 obs0] group 10/13 (theta=0.83245, phi=2.25357) stream shell_35…
    shell_35 folded in (18s)
  group 10: rotating summed map once (alm)…
  group 10: rotated (955s)
  checkpoint saved after group 10 (1064s, mean(y)=1.271e-06)
[L1_m9_L1_m9 obs0] group 11/13 (theta=4.95779, phi=1.85187) stream shell_36…
    shell_36 folded in (18s)
[L1_m9_L1_m9 obs0] group 11/13 (theta=4.95779, phi=1.85187) stream shell_37…
    shell_37 folded in (19s)
[L1_m9_L1_m9 obs0] group 11/13 (theta=4.95779, phi=1.85187) stream shell_38…
    shell_38 folded in (18s)
[L1_m9_L1_m9 obs0] group 11/13 (theta=4.95779, phi=1.85187) stream shell_39…
    shell_39 folded in (18s)
[L1_m9_L1_m9 obs0] group 11/13 (theta=4.95779, phi=1.85187) stream shell_40…
    shell_40 folded in (18s)
[L1_m9_L1_m9 obs0] group 11/13 (theta=4.95779, phi=1.85187) stream shell_41…
    shell_41 folded in (18s)
[L1_m9_L1_m9 obs0] group 11/13 (theta=4.95779, phi=1.85187) stream shell_42…
    shell_42 folded in (18s)
  group 11: rotating summed map once (alm)…
  group 11: rotated (941s)
  checkpoint saved after group 11 (1067s, mean(y)=1.370e-06)
[L1_m9_L1_m9 obs0] group 12/13 (theta=2.52360, phi=1.36014) stream shell_43…
    shell_43 folded in (18s)
[L1_m9_L1_m9 obs0] group 12/13 (theta=2.52360, phi=1.36014) stream shell_44…
    shell_44 folded in (18s)
[L1_m9_L1_m9 obs0] group 12/13 (theta=2.52360, phi=1.36014) stream shell_45…
    shell_45 folded in (18s)
[L1_m9_L1_m9 obs0] group 12/13 (theta=2.52360, phi=1.36014) stream shell_46…
    shell_46 folded in (19s)
[L1_m9_L1_m9 obs0] group 12/13 (theta=2.52360, phi=1.36014) stream shell_47…
    shell_47 folded in (18s)
[L1_m9_L1_m9 obs0] group 12/13 (theta=2.52360, phi=1.36014) stream shell_48…
    shell_48 folded in (19s)
[L1_m9_L1_m9 obs0] group 12/13 (theta=2.52360, phi=1.36014) stream shell_49…
    shell_49 folded in (18s)
[L1_m9_L1_m9 obs0] group 12/13 (theta=2.52360, phi=1.36014) stream shell_50…
    shell_50 folded in (18s)
  group 12: rotating summed map once (alm)…
  group 12: rotated (955s)
  checkpoint saved after group 12 (1102s, mean(y)=1.447e-06)
[L1_m9_L1_m9 obs0] group 13/13 (theta=2.69302, phi=2.35895) stream shell_51…
    shell_51 folded in (18s)
[L1_m9_L1_m9 obs0] group 13/13 (theta=2.69302, phi=2.35895) stream shell_52…
    shell_52 folded in (18s)
[L1_m9_L1_m9 obs0] group 13/13 (theta=2.69302, phi=2.35895) stream shell_53…
    shell_53 folded in (18s)
[L1_m9_L1_m9 obs0] group 13/13 (theta=2.69302, phi=2.35895) stream shell_54…
    shell_54 folded in (18s)
[L1_m9_L1_m9 obs0] group 13/13 (theta=2.69302, phi=2.35895) stream shell_55…
    shell_55 folded in (18s)
[L1_m9_L1_m9 obs0] group 13/13 (theta=2.69302, phi=2.35895) stream shell_56…
    shell_56 folded in (18s)
[L1_m9_L1_m9 obs0] group 13/13 (theta=2.69302, phi=2.35895) stream shell_57…
    shell_57 folded in (17s)
[L1_m9_L1_m9 obs0] group 13/13 (theta=2.69302, phi=2.35895) stream shell_58…
    shell_58 folded in (19s)
[L1_m9_L1_m9 obs0] group 13/13 (theta=2.69302, phi=2.35895) stream shell_59…
    shell_59 folded in (18s)
  group 13: rotating summed map once (alm)…
  group 13: rotated (952s)
  checkpoint saved after group 13 (1113s, mean(y)=1.503e-06)

Wrote /rds/rds-lxu/flamingo/L1_m9/maps/y_unlensed_L1_m9_lc0_nside4096.fits  mean(y)=1.503e-06  NSIDE=4096 (RING)
Build complete. Checkpoint files can be deleted: /scratch/scratch-lxu/flamingo_map_build/ckpt_y_L1_m9_L1_m9_lc0_nside4096.npy /scratch/scratch-lxu/flamingo_map_build/ckpt_meta_L1_m9_L1_m9_lc0_nside4096.json
=== building fgas+2sigma -> /rds/rds-lxu/flamingo/L1_m9/maps/y_unlensed_fgas+2sigma_lc0_nside4096.fits ===
resuming: 2 groups already folded in (mean so far 2.249e-07)
variant=fgas+2sigma parent=L1_m9 lc0 shell_max=60 -> 13 angle-groups; NSIDE=4096, NPIX=201,326,592
group 1/13 (shells 0..1) already done, skip
group 2/13 (shells 2..4) already done, skip
[L1_m9_fgas+2sigma obs0] group 3/13 (theta=1.51290, phi=0.80580) stream shell_5…
    shell_5 folded in (17s)
[L1_m9_fgas+2sigma obs0] group 3/13 (theta=1.51290, phi=0.80580) stream shell_6…
    shell_6 folded in (18s)
  group 3: rotating summed map once (alm)…
  group 3: rotated (941s)
  checkpoint saved after group 3 (977s, mean(y)=3.202e-07)
[L1_m9_fgas+2sigma obs0] group 4/13 (theta=3.13886, phi=0.71831) stream shell_7…
    shell_7 folded in (18s)
[L1_m9_fgas+2sigma obs0] group 4/13 (theta=3.13886, phi=0.71831) stream shell_8…
    shell_8 folded in (18s)
[L1_m9_fgas+2sigma obs0] group 4/13 (theta=3.13886, phi=0.71831) stream shell_9…
    shell_9 folded in (18s)
  group 4: rotating summed map once (alm)…
  group 4: rotated (937s)
  checkpoint saved after group 4 (991s, mean(y)=4.604e-07)
[L1_m9_fgas+2sigma obs0] group 5/13 (theta=2.17061, phi=1.77537) stream shell_10…
    shell_10 folded in (18s)
[L1_m9_fgas+2sigma obs0] group 5/13 (theta=2.17061, phi=1.77537) stream shell_11…
    shell_11 folded in (17s)
[L1_m9_fgas+2sigma obs0] group 5/13 (theta=2.17061, phi=1.77537) stream shell_12…
    shell_12 folded in (18s)
[L1_m9_fgas+2sigma obs0] group 5/13 (theta=2.17061, phi=1.77537) stream shell_13…
    shell_13 folded in (17s)
  group 5: rotating summed map once (alm)…
Terminated
skip L1_m9: already exists at /rds/rds-lxu/flamingo/L1_m9/maps/y_unlensed_L1_m9_lc0_nside4096.fits
=== building fgas+2sigma -> /rds/rds-lxu/flamingo/L1_m9/maps/y_unlensed_fgas+2sigma_lc0_nside4096.fits ===
resuming: 4 groups already folded in (mean so far 4.604e-07)
variant=fgas+2sigma parent=L1_m9 lc0 shell_max=60 -> 13 angle-groups; NSIDE=4096, NPIX=201,326,592
group 1/13 (shells 0..1) already done, skip
group 2/13 (shells 2..4) already done, skip
group 3/13 (shells 5..6) already done, skip
group 4/13 (shells 7..9) already done, skip
[L1_m9_fgas+2sigma obs0] group 5/13 (theta=2.17061, phi=1.77537) stream shell_10…
    shell_10 folded in (26s)
[L1_m9_fgas+2sigma obs0] group 5/13 (theta=2.17061, phi=1.77537) stream shell_11…
    shell_11 folded in (61s)
[L1_m9_fgas+2sigma obs0] group 5/13 (theta=2.17061, phi=1.77537) stream shell_12…
    shell_12 folded in (24s)
[L1_m9_fgas+2sigma obs0] group 5/13 (theta=2.17061, phi=1.77537) stream shell_13…
    shell_13 folded in (59s)
  group 5: rotating summed map once (alm)…
  group 5: rotated (945s)
  checkpoint saved after group 5 (1115s, mean(y)=6.344e-07)
[L1_m9_fgas+2sigma obs0] group 6/13 (theta=4.59421, phi=0.62435) stream shell_14…
    shell_14 folded in (31s)
[L1_m9_fgas+2sigma obs0] group 6/13 (theta=4.59421, phi=0.62435) stream shell_15…
    shell_15 folded in (34s)
[L1_m9_fgas+2sigma obs0] group 6/13 (theta=4.59421, phi=0.62435) stream shell_16…
    shell_16 folded in (38s)
  group 6: rotating summed map once (alm)…
  group 6: rotated (946s)
  checkpoint saved after group 6 (1049s, mean(y)=7.530e-07)
[L1_m9_fgas+2sigma obs0] group 7/13 (theta=1.14274, phi=2.14077) stream shell_17…
    shell_17 folded in (37s)
[L1_m9_fgas+2sigma obs0] group 7/13 (theta=1.14274, phi=2.14077) stream shell_18…
    shell_18 folded in (24s)
[L1_m9_fgas+2sigma obs0] group 7/13 (theta=1.14274, phi=2.14077) stream shell_19…
    shell_19 folded in (25s)
[L1_m9_fgas+2sigma obs0] group 7/13 (theta=1.14274, phi=2.14077) stream shell_20…
    shell_20 folded in (39s)
  group 7: rotating summed map once (alm)…
  group 7: rotated (948s)
  checkpoint saved after group 7 (1073s, mean(y)=8.924e-07)
[L1_m9_fgas+2sigma obs0] group 8/13 (theta=2.02717, phi=0.49841) stream shell_21…
    shell_21 folded in (55s)
[L1_m9_fgas+2sigma obs0] group 8/13 (theta=2.02717, phi=0.49841) stream shell_22…
    shell_22 folded in (23s)
[L1_m9_fgas+2sigma obs0] group 8/13 (theta=2.02717, phi=0.49841) stream shell_23…
    shell_23 folded in (48s)
[L1_m9_fgas+2sigma obs0] group 8/13 (theta=2.02717, phi=0.49841) stream shell_24…
    shell_24 folded in (29s)
  group 8: rotating summed map once (alm)…
  group 8: rotated (949s)
  checkpoint saved after group 8 (1105s, mean(y)=1.011e-06)
[L1_m9_fgas+2sigma obs0] group 9/13 (theta=2.77675, phi=2.01363) stream shell_25…
    shell_25 folded in (37s)
[L1_m9_fgas+2sigma obs0] group 9/13 (theta=2.77675, phi=2.01363) stream shell_26…
    shell_26 folded in (25s)
[L1_m9_fgas+2sigma obs0] group 9/13 (theta=2.77675, phi=2.01363) stream shell_27…
    shell_27 folded in (46s)
[L1_m9_fgas+2sigma obs0] group 9/13 (theta=2.77675, phi=2.01363) stream shell_28…
    shell_28 folded in (49s)
[L1_m9_fgas+2sigma obs0] group 9/13 (theta=2.77675, phi=2.01363) stream shell_29…
    shell_29 folded in (25s)
  group 9: rotating summed map once (alm)…
  group 9: rotated (947s)
  checkpoint saved after group 9 (1129s, mean(y)=1.132e-06)
[L1_m9_fgas+2sigma obs0] group 10/13 (theta=0.83245, phi=2.25357) stream shell_30…
    shell_30 folded in (33s)
[L1_m9_fgas+2sigma obs0] group 10/13 (theta=0.83245, phi=2.25357) stream shell_31…
    shell_31 folded in (38s)
[L1_m9_fgas+2sigma obs0] group 10/13 (theta=0.83245, phi=2.25357) stream shell_32…
    shell_32 folded in (28s)
[L1_m9_fgas+2sigma obs0] group 10/13 (theta=0.83245, phi=2.25357) stream shell_33…
    shell_33 folded in (29s)
[L1_m9_fgas+2sigma obs0] group 10/13 (theta=0.83245, phi=2.25357) stream shell_34…
    shell_34 folded in (26s)
[L1_m9_fgas+2sigma obs0] group 10/13 (theta=0.83245, phi=2.25357) stream shell_35…
    shell_35 folded in (27s)
  group 10: rotating summed map once (alm)…
  group 10: rotated (1003s)
  checkpoint saved after group 10 (1186s, mean(y)=1.244e-06)
[L1_m9_fgas+2sigma obs0] group 11/13 (theta=4.95779, phi=1.85187) stream shell_36…
    shell_36 folded in (44s)
[L1_m9_fgas+2sigma obs0] group 11/13 (theta=4.95779, phi=1.85187) stream shell_37…
    shell_37 folded in (51s)
[L1_m9_fgas+2sigma obs0] group 11/13 (theta=4.95779, phi=1.85187) stream shell_38…
    shell_38 folded in (46s)
[L1_m9_fgas+2sigma obs0] group 11/13 (theta=4.95779, phi=1.85187) stream shell_39…
    shell_39 folded in (64s)
[L1_m9_fgas+2sigma obs0] group 11/13 (theta=4.95779, phi=1.85187) stream shell_40…
    shell_40 folded in (40s)
[L1_m9_fgas+2sigma obs0] group 11/13 (theta=4.95779, phi=1.85187) stream shell_41…
    shell_41 folded in (24s)
[L1_m9_fgas+2sigma obs0] group 11/13 (theta=4.95779, phi=1.85187) stream shell_42…
    shell_42 folded in (31s)
  group 11: rotating summed map once (alm)…
skip L1_m9: already exists at /rds/rds-lxu/flamingo/L1_m9/maps/y_unlensed_L1_m9_lc0_nside4096.fits
=== building fgas+2sigma -> /rds/rds-lxu/flamingo/L1_m9/maps/y_unlensed_fgas+2sigma_lc0_nside4096.fits ===
resuming: 10 groups already folded in (mean so far 1.244e-06)
variant=fgas+2sigma parent=L1_m9 lc0 shell_max=60 -> 13 angle-groups; NSIDE=4096, NPIX=201,326,592
group 1/13 (shells 0..1) already done, skip
group 2/13 (shells 2..4) already done, skip
group 3/13 (shells 5..6) already done, skip
group 4/13 (shells 7..9) already done, skip
group 5/13 (shells 10..13) already done, skip
group 6/13 (shells 14..16) already done, skip
group 7/13 (shells 17..20) already done, skip
group 8/13 (shells 21..24) already done, skip
group 9/13 (shells 25..29) already done, skip
group 10/13 (shells 30..35) already done, skip
[L1_m9_fgas+2sigma obs0] group 11/13 (theta=4.95779, phi=1.85187) stream shell_36…
    shell_36 folded in (18s)
[L1_m9_fgas+2sigma obs0] group 11/13 (theta=4.95779, phi=1.85187) stream shell_37…
    shell_37 folded in (23s)
[L1_m9_fgas+2sigma obs0] group 11/13 (theta=4.95779, phi=1.85187) stream shell_38…
    shell_38 folded in (41s)
[L1_m9_fgas+2sigma obs0] group 11/13 (theta=4.95779, phi=1.85187) stream shell_39…
    shell_39 folded in (48s)
[L1_m9_fgas+2sigma obs0] group 11/13 (theta=4.95779, phi=1.85187) stream shell_40…
    shell_40 folded in (21s)
[L1_m9_fgas+2sigma obs0] group 11/13 (theta=4.95779, phi=1.85187) stream shell_41…
    shell_41 folded in (81s)
[L1_m9_fgas+2sigma obs0] group 11/13 (theta=4.95779, phi=1.85187) stream shell_42…
    shell_42 folded in (23s)
  group 11: rotating summed map once (alm)…
  group 11: rotated (1253s)
  checkpoint saved after group 11 (1509s, mean(y)=1.337e-06)
[L1_m9_fgas+2sigma obs0] group 12/13 (theta=2.52360, phi=1.36014) stream shell_43…
    shell_43 folded in (37s)
[L1_m9_fgas+2sigma obs0] group 12/13 (theta=2.52360, phi=1.36014) stream shell_44…
    shell_44 folded in (47s)
[L1_m9_fgas+2sigma obs0] group 12/13 (theta=2.52360, phi=1.36014) stream shell_45…
    shell_45 folded in (49s)
[L1_m9_fgas+2sigma obs0] group 12/13 (theta=2.52360, phi=1.36014) stream shell_46…
    shell_46 folded in (32s)
[L1_m9_fgas+2sigma obs0] group 12/13 (theta=2.52360, phi=1.36014) stream shell_47…
    shell_47 folded in (35s)
[L1_m9_fgas+2sigma obs0] group 12/13 (theta=2.52360, phi=1.36014) stream shell_48…
    shell_48 folded in (33s)
[L1_m9_fgas+2sigma obs0] group 12/13 (theta=2.52360, phi=1.36014) stream shell_49…
    shell_49 folded in (36s)
[L1_m9_fgas+2sigma obs0] group 12/13 (theta=2.52360, phi=1.36014) stream shell_50…
    shell_50 folded in (38s)
  group 12: rotating summed map once (alm)…
  group 12: rotated (1264s)
  checkpoint saved after group 12 (1572s, mean(y)=1.409e-06)
[L1_m9_fgas+2sigma obs0] group 13/13 (theta=2.69302, phi=2.35895) stream shell_51…
    shell_51 folded in (17s)
[L1_m9_fgas+2sigma obs0] group 13/13 (theta=2.69302, phi=2.35895) stream shell_52…
    shell_52 folded in (28s)
[L1_m9_fgas+2sigma obs0] group 13/13 (theta=2.69302, phi=2.35895) stream shell_53…
    shell_53 folded in (29s)
[L1_m9_fgas+2sigma obs0] group 13/13 (theta=2.69302, phi=2.35895) stream shell_54…
    shell_54 folded in (28s)
[L1_m9_fgas+2sigma obs0] group 13/13 (theta=2.69302, phi=2.35895) stream shell_55…
    shell_55 folded in (22s)
[L1_m9_fgas+2sigma obs0] group 13/13 (theta=2.69302, phi=2.35895) stream shell_56…
    shell_56 folded in (28s)
[L1_m9_fgas+2sigma obs0] group 13/13 (theta=2.69302, phi=2.35895) stream shell_57…
    shell_57 folded in (24s)
[L1_m9_fgas+2sigma obs0] group 13/13 (theta=2.69302, phi=2.35895) stream shell_58…
    shell_58 folded in (34s)
[L1_m9_fgas+2sigma obs0] group 13/13 (theta=2.69302, phi=2.35895) stream shell_59…
    shell_59 folded in (31s)
  group 13: rotating summed map once (alm)…
  group 13: rotated (1299s)
  checkpoint saved after group 13 (1540s, mean(y)=1.462e-06)

Wrote /rds/rds-lxu/flamingo/L1_m9/maps/y_unlensed_fgas+2sigma_lc0_nside4096.fits  mean(y)=1.462e-06  NSIDE=4096 (RING)
Build complete. Checkpoint files can be deleted: /scratch/scratch-lxu/flamingo_map_build/ckpt_y_L1_m9_fgas+2sigma_lc0_nside4096.npy /scratch/scratch-lxu/flamingo_map_build/ckpt_meta_L1_m9_fgas+2sigma_lc0_nside4096.json
=== building fgas-2sigma -> /rds/rds-lxu/flamingo/L1_m9/maps/y_unlensed_fgas-2sigma_lc0_nside4096.fits ===
variant=fgas-2sigma parent=L1_m9 lc0 shell_max=60 -> 13 angle-groups; NSIDE=4096, NPIX=201,326,592, lmax=12287 (alm-accumulation: one alm2map at the end)
[L1_m9_fgas-2sigma obs0] group 1/13 (theta=0.00000, phi=0.00000) stream shell_0…
    shell_0 folded in (20s)
[L1_m9_fgas-2sigma obs0] group 1/13 (theta=0.00000, phi=0.00000) stream shell_1…
    shell_1 folded in (39s)
  group 1: no rotation (identity)
  checkpoint saved after group 1 (60s)
[L1_m9_fgas-2sigma obs0] group 2/13 (theta=3.26758, phi=1.41519) stream shell_2…
    shell_2 folded in (31s)
[L1_m9_fgas-2sigma obs0] group 2/13 (theta=3.26758, phi=1.41519) stream shell_3…
    shell_3 folded in (24s)
[L1_m9_fgas-2sigma obs0] group 2/13 (theta=3.26758, phi=1.41519) stream shell_4…
    shell_4 folded in (34s)
  group 2: map2alm + rotate_alm (accumulate)…
  group 2: alm folded (1263s)
  checkpoint saved after group 2 (1353s)
[L1_m9_fgas-2sigma obs0] group 3/13 (theta=1.51290, phi=0.80580) stream shell_5…
    shell_5 folded in (30s)
[L1_m9_fgas-2sigma obs0] group 3/13 (theta=1.51290, phi=0.80580) stream shell_6…
    shell_6 folded in (38s)
  group 3: map2alm + rotate_alm (accumulate)…
  group 3: alm folded (1272s)
  checkpoint saved after group 3 (1340s)
[L1_m9_fgas-2sigma obs0] group 4/13 (theta=3.13886, phi=0.71831) stream shell_7…
    shell_7 folded in (37s)
[L1_m9_fgas-2sigma obs0] group 4/13 (theta=3.13886, phi=0.71831) stream shell_8…
    shell_8 folded in (32s)
[L1_m9_fgas-2sigma obs0] group 4/13 (theta=3.13886, phi=0.71831) stream shell_9…
    shell_9 folded in (55s)
  group 4: map2alm + rotate_alm (accumulate)…
  group 4: alm folded (1277s)
  checkpoint saved after group 4 (1402s)
[L1_m9_fgas-2sigma obs0] group 5/13 (theta=2.17061, phi=1.77537) stream shell_10…
    shell_10 folded in (31s)
[L1_m9_fgas-2sigma obs0] group 5/13 (theta=2.17061, phi=1.77537) stream shell_11…
    shell_11 folded in (55s)
[L1_m9_fgas-2sigma obs0] group 5/13 (theta=2.17061, phi=1.77537) stream shell_12…
    shell_12 folded in (30s)
[L1_m9_fgas-2sigma obs0] group 5/13 (theta=2.17061, phi=1.77537) stream shell_13…
    shell_13 folded in (30s)
  group 5: map2alm + rotate_alm (accumulate)…
  group 5: alm folded (1294s)
  checkpoint saved after group 5 (1441s)
[L1_m9_fgas-2sigma obs0] group 6/13 (theta=4.59421, phi=0.62435) stream shell_14…
    shell_14 folded in (31s)
[L1_m9_fgas-2sigma obs0] group 6/13 (theta=4.59421, phi=0.62435) stream shell_15…
    shell_15 folded in (48s)
[L1_m9_fgas-2sigma obs0] group 6/13 (theta=4.59421, phi=0.62435) stream shell_16…
    shell_16 folded in (47s)
  group 6: map2alm + rotate_alm (accumulate)…
  group 6: alm folded (1296s)
  checkpoint saved after group 6 (1423s)
[L1_m9_fgas-2sigma obs0] group 7/13 (theta=1.14274, phi=2.14077) stream shell_17…
    shell_17 folded in (28s)
[L1_m9_fgas-2sigma obs0] group 7/13 (theta=1.14274, phi=2.14077) stream shell_18…
    shell_18 folded in (44s)
[L1_m9_fgas-2sigma obs0] group 7/13 (theta=1.14274, phi=2.14077) stream shell_19…
    shell_19 folded in (30s)
[L1_m9_fgas-2sigma obs0] group 7/13 (theta=1.14274, phi=2.14077) stream shell_20…
    shell_20 folded in (26s)
  group 7: map2alm + rotate_alm (accumulate)…
  group 7: alm folded (1280s)
  checkpoint saved after group 7 (1409s)
[L1_m9_fgas-2sigma obs0] group 8/13 (theta=2.02717, phi=0.49841) stream shell_21…
    shell_21 folded in (23s)
[L1_m9_fgas-2sigma obs0] group 8/13 (theta=2.02717, phi=0.49841) stream shell_22…
    shell_22 folded in (64s)
[L1_m9_fgas-2sigma obs0] group 8/13 (theta=2.02717, phi=0.49841) stream shell_23…
    shell_23 folded in (48s)
[L1_m9_fgas-2sigma obs0] group 8/13 (theta=2.02717, phi=0.49841) stream shell_24…
    shell_24 folded in (96s)
  group 8: map2alm + rotate_alm (accumulate)…
  group 8: alm folded (1268s)
  checkpoint saved after group 8 (1500s)
[L1_m9_fgas-2sigma obs0] group 9/13 (theta=2.77675, phi=2.01363) stream shell_25…
    shell_25 folded in (46s)
[L1_m9_fgas-2sigma obs0] group 9/13 (theta=2.77675, phi=2.01363) stream shell_26…
    shell_26 folded in (30s)
[L1_m9_fgas-2sigma obs0] group 9/13 (theta=2.77675, phi=2.01363) stream shell_27…
    shell_27 folded in (68s)
[L1_m9_fgas-2sigma obs0] group 9/13 (theta=2.77675, phi=2.01363) stream shell_28…
    shell_28 folded in (22s)
[L1_m9_fgas-2sigma obs0] group 9/13 (theta=2.77675, phi=2.01363) stream shell_29…
    shell_29 folded in (25s)
  group 9: map2alm + rotate_alm (accumulate)…
  group 9: alm folded (1274s)
  checkpoint saved after group 9 (1465s)
[L1_m9_fgas-2sigma obs0] group 10/13 (theta=0.83245, phi=2.25357) stream shell_30…
    shell_30 folded in (26s)
[L1_m9_fgas-2sigma obs0] group 10/13 (theta=0.83245, phi=2.25357) stream shell_31…
    shell_31 folded in (43s)
[L1_m9_fgas-2sigma obs0] group 10/13 (theta=0.83245, phi=2.25357) stream shell_32…
    shell_32 folded in (40s)
[L1_m9_fgas-2sigma obs0] group 10/13 (theta=0.83245, phi=2.25357) stream shell_33…
    shell_33 folded in (34s)
[L1_m9_fgas-2sigma obs0] group 10/13 (theta=0.83245, phi=2.25357) stream shell_34…
    shell_34 folded in (51s)
[L1_m9_fgas-2sigma obs0] group 10/13 (theta=0.83245, phi=2.25357) stream shell_35…
    shell_35 folded in (44s)
  group 10: map2alm + rotate_alm (accumulate)…
  group 10: alm folded (1275s)
  checkpoint saved after group 10 (1515s)
[L1_m9_fgas-2sigma obs0] group 11/13 (theta=4.95779, phi=1.85187) stream shell_36…
    shell_36 folded in (27s)
[L1_m9_fgas-2sigma obs0] group 11/13 (theta=4.95779, phi=1.85187) stream shell_37…
    shell_37 folded in (50s)
[L1_m9_fgas-2sigma obs0] group 11/13 (theta=4.95779, phi=1.85187) stream shell_38…
    shell_38 folded in (26s)
[L1_m9_fgas-2sigma obs0] group 11/13 (theta=4.95779, phi=1.85187) stream shell_39…
    shell_39 folded in (50s)
[L1_m9_fgas-2sigma obs0] group 11/13 (theta=4.95779, phi=1.85187) stream shell_40…
    shell_40 folded in (39s)
[L1_m9_fgas-2sigma obs0] group 11/13 (theta=4.95779, phi=1.85187) stream shell_41…
    shell_41 folded in (29s)
[L1_m9_fgas-2sigma obs0] group 11/13 (theta=4.95779, phi=1.85187) stream shell_42…
    shell_42 folded in (25s)
  group 11: map2alm + rotate_alm (accumulate)…
  group 11: alm folded (1295s)
  checkpoint saved after group 11 (1542s)
[L1_m9_fgas-2sigma obs0] group 12/13 (theta=2.52360, phi=1.36014) stream shell_43…
    shell_43 folded in (33s)
[L1_m9_fgas-2sigma obs0] group 12/13 (theta=2.52360, phi=1.36014) stream shell_44…
    shell_44 folded in (32s)
[L1_m9_fgas-2sigma obs0] group 12/13 (theta=2.52360, phi=1.36014) stream shell_45…
    shell_45 folded in (36s)
[L1_m9_fgas-2sigma obs0] group 12/13 (theta=2.52360, phi=1.36014) stream shell_46…
    shell_46 folded in (32s)
[L1_m9_fgas-2sigma obs0] group 12/13 (theta=2.52360, phi=1.36014) stream shell_47…
    shell_47 folded in (54s)
[L1_m9_fgas-2sigma obs0] group 12/13 (theta=2.52360, phi=1.36014) stream shell_48…
    shell_48 folded in (31s)
[L1_m9_fgas-2sigma obs0] group 12/13 (theta=2.52360, phi=1.36014) stream shell_49…
    shell_49 folded in (27s)
[L1_m9_fgas-2sigma obs0] group 12/13 (theta=2.52360, phi=1.36014) stream shell_50…
    shell_50 folded in (24s)
  group 12: map2alm + rotate_alm (accumulate)…
  group 12: alm folded (1280s)
  checkpoint saved after group 12 (1550s)
[L1_m9_fgas-2sigma obs0] group 13/13 (theta=2.69302, phi=2.35895) stream shell_51…
    shell_51 folded in (35s)
[L1_m9_fgas-2sigma obs0] group 13/13 (theta=2.69302, phi=2.35895) stream shell_52…
    shell_52 folded in (21s)
[L1_m9_fgas-2sigma obs0] group 13/13 (theta=2.69302, phi=2.35895) stream shell_53…
    shell_53 folded in (19s)
[L1_m9_fgas-2sigma obs0] group 13/13 (theta=2.69302, phi=2.35895) stream shell_54…
    shell_54 folded in (32s)
[L1_m9_fgas-2sigma obs0] group 13/13 (theta=2.69302, phi=2.35895) stream shell_55…
    shell_55 folded in (29s)
[L1_m9_fgas-2sigma obs0] group 13/13 (theta=2.69302, phi=2.35895) stream shell_56…
    shell_56 folded in (23s)
[L1_m9_fgas-2sigma obs0] group 13/13 (theta=2.69302, phi=2.35895) stream shell_57…
    shell_57 folded in (46s)
[L1_m9_fgas-2sigma obs0] group 13/13 (theta=2.69302, phi=2.35895) stream shell_58…
    shell_58 folded in (30s)
[L1_m9_fgas-2sigma obs0] group 13/13 (theta=2.69302, phi=2.35895) stream shell_59…
    shell_59 folded in (34s)
  group 13: map2alm + rotate_alm (accumulate)…
  group 13: alm folded (1273s)
  checkpoint saved after group 13 (1542s)
synthesising final map (single alm2map)…
  alm2map done (3s)

Wrote /rds/rds-lxu/flamingo/L1_m9/maps/y_unlensed_fgas-2sigma_lc0_nside4096.fits  mean(y)=1.549e-06  NSIDE=4096 (RING)
Build complete. Checkpoint files can be deleted: /scratch/scratch-lxu/flamingo_map_build/ckpt_alm_L1_m9_fgas-2sigma_lc0_nside4096.npy /scratch/scratch-lxu/flamingo_map_build/ckpt_yident_L1_m9_fgas-2sigma_lc0_nside4096.npy /scratch/scratch-lxu/flamingo_map_build/ckpt_meta_L1_m9_fgas-2sigma_lc0_nside4096.json
=== building fgas-4sigma -> /rds/rds-lxu/flamingo/L1_m9/maps/y_unlensed_fgas-4sigma_lc0_nside4096.fits ===
variant=fgas-4sigma parent=L1_m9 lc0 shell_max=60 -> 13 angle-groups; NSIDE=4096, NPIX=201,326,592, lmax=12287 (alm-accumulation: one alm2map at the end)
[L1_m9_fgas-4sigma obs0] group 1/13 (theta=0.00000, phi=0.00000) stream shell_0…
    shell_0 folded in (25s)
[L1_m9_fgas-4sigma obs0] group 1/13 (theta=0.00000, phi=0.00000) stream shell_1…
    shell_1 folded in (27s)
  group 1: no rotation (identity)
  checkpoint saved after group 1 (52s)
[L1_m9_fgas-4sigma obs0] group 2/13 (theta=3.26758, phi=1.41519) stream shell_2…
    shell_2 folded in (37s)
[L1_m9_fgas-4sigma obs0] group 2/13 (theta=3.26758, phi=1.41519) stream shell_3…
    shell_3 folded in (31s)
[L1_m9_fgas-4sigma obs0] group 2/13 (theta=3.26758, phi=1.41519) stream shell_4…
    shell_4 folded in (23s)
  group 2: map2alm + rotate_alm (accumulate)…
  group 2: alm folded (1282s)
  checkpoint saved after group 2 (1373s)
[L1_m9_fgas-4sigma obs0] group 3/13 (theta=1.51290, phi=0.80580) stream shell_5…
    shell_5 folded in (37s)
[L1_m9_fgas-4sigma obs0] group 3/13 (theta=1.51290, phi=0.80580) stream shell_6…
    shell_6 folded in (21s)
  group 3: map2alm + rotate_alm (accumulate)…
  group 3: alm folded (1283s)
  checkpoint saved after group 3 (1342s)
[L1_m9_fgas-4sigma obs0] group 4/13 (theta=3.13886, phi=0.71831) stream shell_7…
    shell_7 folded in (54s)
[L1_m9_fgas-4sigma obs0] group 4/13 (theta=3.13886, phi=0.71831) stream shell_8…
    shell_8 folded in (83s)
[L1_m9_fgas-4sigma obs0] group 4/13 (theta=3.13886, phi=0.71831) stream shell_9…
    shell_9 folded in (45s)
  group 4: map2alm + rotate_alm (accumulate)…
  group 4: alm folded (1265s)
  checkpoint saved after group 4 (1449s)
[L1_m9_fgas-4sigma obs0] group 5/13 (theta=2.17061, phi=1.77537) stream shell_10…
    shell_10 folded in (49s)
[L1_m9_fgas-4sigma obs0] group 5/13 (theta=2.17061, phi=1.77537) stream shell_11…
    shell_11 folded in (20s)
[L1_m9_fgas-4sigma obs0] group 5/13 (theta=2.17061, phi=1.77537) stream shell_12…
    shell_12 folded in (112s)
[L1_m9_fgas-4sigma obs0] group 5/13 (theta=2.17061, phi=1.77537) stream shell_13…
    shell_13 folded in (89s)
  group 5: map2alm + rotate_alm (accumulate)…
  group 5: alm folded (1287s)
  checkpoint saved after group 5 (1558s)
[L1_m9_fgas-4sigma obs0] group 6/13 (theta=4.59421, phi=0.62435) stream shell_14…
    shell_14 folded in (63s)
[L1_m9_fgas-4sigma obs0] group 6/13 (theta=4.59421, phi=0.62435) stream shell_15…
    shell_15 folded in (78s)
[L1_m9_fgas-4sigma obs0] group 6/13 (theta=4.59421, phi=0.62435) stream shell_16…
    shell_16 folded in (67s)
  group 6: map2alm + rotate_alm (accumulate)…
  group 6: alm folded (1274s)
  checkpoint saved after group 6 (1483s)
[L1_m9_fgas-4sigma obs0] group 7/13 (theta=1.14274, phi=2.14077) stream shell_17…
    shell_17 folded in (146s)
[L1_m9_fgas-4sigma obs0] group 7/13 (theta=1.14274, phi=2.14077) stream shell_18…
    shell_18 folded in (43s)
[L1_m9_fgas-4sigma obs0] group 7/13 (theta=1.14274, phi=2.14077) stream shell_19…
    shell_19 folded in (61s)
[L1_m9_fgas-4sigma obs0] group 7/13 (theta=1.14274, phi=2.14077) stream shell_20…
    shell_20 folded in (123s)
  group 7: map2alm + rotate_alm (accumulate)…
  group 7: alm folded (1276s)
  checkpoint saved after group 7 (1650s)
[L1_m9_fgas-4sigma obs0] group 8/13 (theta=2.02717, phi=0.49841) stream shell_21…
    shell_21 folded in (68s)
[L1_m9_fgas-4sigma obs0] group 8/13 (theta=2.02717, phi=0.49841) stream shell_22…
    shell_22 folded in (20s)
[L1_m9_fgas-4sigma obs0] group 8/13 (theta=2.02717, phi=0.49841) stream shell_23…
    shell_23 folded in (67s)
[L1_m9_fgas-4sigma obs0] group 8/13 (theta=2.02717, phi=0.49841) stream shell_24…
    shell_24 folded in (125s)
  group 8: map2alm + rotate_alm (accumulate)…
  group 8: alm folded (1282s)
  checkpoint saved after group 8 (1564s)
[L1_m9_fgas-4sigma obs0] group 9/13 (theta=2.77675, phi=2.01363) stream shell_25…
    shell_25 folded in (51s)
[L1_m9_fgas-4sigma obs0] group 9/13 (theta=2.77675, phi=2.01363) stream shell_26…
    shell_26 folded in (90s)
[L1_m9_fgas-4sigma obs0] group 9/13 (theta=2.77675, phi=2.01363) stream shell_27…
    shell_27 folded in (63s)
[L1_m9_fgas-4sigma obs0] group 9/13 (theta=2.77675, phi=2.01363) stream shell_28…
    shell_28 folded in (98s)
[L1_m9_fgas-4sigma obs0] group 9/13 (theta=2.77675, phi=2.01363) stream shell_29…
    shell_29 folded in (79s)
  group 9: map2alm + rotate_alm (accumulate)…
  group 9: alm folded (1265s)
  checkpoint saved after group 9 (1646s)
[L1_m9_fgas-4sigma obs0] group 10/13 (theta=0.83245, phi=2.25357) stream shell_30…
    shell_30 folded in (54s)
[L1_m9_fgas-4sigma obs0] group 10/13 (theta=0.83245, phi=2.25357) stream shell_31…
    shell_31 folded in (51s)
[L1_m9_fgas-4sigma obs0] group 10/13 (theta=0.83245, phi=2.25357) stream shell_32…
    shell_32 folded in (33s)
[L1_m9_fgas-4sigma obs0] group 10/13 (theta=0.83245, phi=2.25357) stream shell_33…
    shell_33 folded in (119s)
[L1_m9_fgas-4sigma obs0] group 10/13 (theta=0.83245, phi=2.25357) stream shell_34…
    shell_34 folded in (51s)
[L1_m9_fgas-4sigma obs0] group 10/13 (theta=0.83245, phi=2.25357) stream shell_35…
    shell_35 folded in (61s)
  group 10: map2alm + rotate_alm (accumulate)…
  group 10: alm folded (1263s)
  checkpoint saved after group 10 (1633s)
[L1_m9_fgas-4sigma obs0] group 11/13 (theta=4.95779, phi=1.85187) stream shell_36…
    shell_36 folded in (65s)
[L1_m9_fgas-4sigma obs0] group 11/13 (theta=4.95779, phi=1.85187) stream shell_37…
    shell_37 folded in (74s)
[L1_m9_fgas-4sigma obs0] group 11/13 (theta=4.95779, phi=1.85187) stream shell_38…
    shell_38 folded in (64s)
[L1_m9_fgas-4sigma obs0] group 11/13 (theta=4.95779, phi=1.85187) stream shell_39…
    shell_39 folded in (78s)
[L1_m9_fgas-4sigma obs0] group 11/13 (theta=4.95779, phi=1.85187) stream shell_40…
    shell_40 folded in (54s)
[L1_m9_fgas-4sigma obs0] group 11/13 (theta=4.95779, phi=1.85187) stream shell_41…
    shell_41 folded in (164s)
[L1_m9_fgas-4sigma obs0] group 11/13 (theta=4.95779, phi=1.85187) stream shell_42…
    shell_42 folded in (78s)
  group 11: map2alm + rotate_alm (accumulate)…
  group 11: alm folded (1289s)
  checkpoint saved after group 11 (1866s)
[L1_m9_fgas-4sigma obs0] group 12/13 (theta=2.52360, phi=1.36014) stream shell_43…
    shell_43 folded in (76s)
[L1_m9_fgas-4sigma obs0] group 12/13 (theta=2.52360, phi=1.36014) stream shell_44…
    shell_44 folded in (59s)
[L1_m9_fgas-4sigma obs0] group 12/13 (theta=2.52360, phi=1.36014) stream shell_45…
    shell_45 folded in (72s)
[L1_m9_fgas-4sigma obs0] group 12/13 (theta=2.52360, phi=1.36014) stream shell_46…
    shell_46 folded in (58s)
[L1_m9_fgas-4sigma obs0] group 12/13 (theta=2.52360, phi=1.36014) stream shell_47…
    shell_47 folded in (144s)
[L1_m9_fgas-4sigma obs0] group 12/13 (theta=2.52360, phi=1.36014) stream shell_48…
    shell_48 folded in (59s)
[L1_m9_fgas-4sigma obs0] group 12/13 (theta=2.52360, phi=1.36014) stream shell_49…
    shell_49 folded in (75s)
[L1_m9_fgas-4sigma obs0] group 12/13 (theta=2.52360, phi=1.36014) stream shell_50…
    shell_50 folded in (66s)
  group 12: map2alm + rotate_alm (accumulate)…
  group 12: alm folded (1265s)
  checkpoint saved after group 12 (1875s)
[L1_m9_fgas-4sigma obs0] group 13/13 (theta=2.69302, phi=2.35895) stream shell_51…
    shell_51 folded in (113s)
[L1_m9_fgas-4sigma obs0] group 13/13 (theta=2.69302, phi=2.35895) stream shell_52…
    shell_52 folded in (90s)
[L1_m9_fgas-4sigma obs0] group 13/13 (theta=2.69302, phi=2.35895) stream shell_53…
    shell_53 folded in (57s)
[L1_m9_fgas-4sigma obs0] group 13/13 (theta=2.69302, phi=2.35895) stream shell_54…
    shell_54 folded in (77s)
[L1_m9_fgas-4sigma obs0] group 13/13 (theta=2.69302, phi=2.35895) stream shell_55…
    shell_55 folded in (59s)
[L1_m9_fgas-4sigma obs0] group 13/13 (theta=2.69302, phi=2.35895) stream shell_56…
    shell_56 folded in (116s)
[L1_m9_fgas-4sigma obs0] group 13/13 (theta=2.69302, phi=2.35895) stream shell_57…
    shell_57 folded in (112s)
[L1_m9_fgas-4sigma obs0] group 13/13 (theta=2.69302, phi=2.35895) stream shell_58…
    shell_58 folded in (86s)
[L1_m9_fgas-4sigma obs0] group 13/13 (theta=2.69302, phi=2.35895) stream shell_59…
    shell_59 folded in (57s)
  group 13: map2alm + rotate_alm (accumulate)…
  group 13: alm folded (1265s)
  checkpoint saved after group 13 (2034s)
synthesising final map (single alm2map)…
  alm2map done (3s)

Wrote /rds/rds-lxu/flamingo/L1_m9/maps/y_unlensed_fgas-4sigma_lc0_nside4096.fits  mean(y)=1.607e-06  NSIDE=4096 (RING)
Build complete. Checkpoint files can be deleted: /scratch/scratch-lxu/flamingo_map_build/ckpt_alm_L1_m9_fgas-4sigma_lc0_nside4096.npy /scratch/scratch-lxu/flamingo_map_build/ckpt_yident_L1_m9_fgas-4sigma_lc0_nside4096.npy /scratch/scratch-lxu/flamingo_map_build/ckpt_meta_L1_m9_fgas-4sigma_lc0_nside4096.json
=== building fgas-8sigma -> /rds/rds-lxu/flamingo/L1_m9/maps/y_unlensed_fgas-8sigma_lc0_nside4096.fits ===
variant=fgas-8sigma parent=L1_m9 lc0 shell_max=60 -> 13 angle-groups; NSIDE=4096, NPIX=201,326,592, lmax=12287 (alm-accumulation: one alm2map at the end)
[L1_m9_fgas-8sigma obs0] group 1/13 (theta=0.00000, phi=0.00000) stream shell_0…
    shell_0 folded in (72s)
[L1_m9_fgas-8sigma obs0] group 1/13 (theta=0.00000, phi=0.00000) stream shell_1…
    shell_1 folded in (91s)
  group 1: no rotation (identity)
  checkpoint saved after group 1 (164s)
[L1_m9_fgas-8sigma obs0] group 2/13 (theta=3.26758, phi=1.41519) stream shell_2…
    shell_2 folded in (53s)
[L1_m9_fgas-8sigma obs0] group 2/13 (theta=3.26758, phi=1.41519) stream shell_3…
    shell_3 folded in (49s)
[L1_m9_fgas-8sigma obs0] group 2/13 (theta=3.26758, phi=1.41519) stream shell_4…
    shell_4 folded in (201s)
  group 2: map2alm + rotate_alm (accumulate)…
  group 2: alm folded (1259s)
  checkpoint saved after group 2 (1562s)
[L1_m9_fgas-8sigma obs0] group 3/13 (theta=1.51290, phi=0.80580) stream shell_5…
    shell_5 folded in (78s)
[L1_m9_fgas-8sigma obs0] group 3/13 (theta=1.51290, phi=0.80580) stream shell_6…
    shell_6 folded in (99s)
  group 3: map2alm + rotate_alm (accumulate)…
  group 3: alm folded (1260s)
  checkpoint saved after group 3 (1438s)
[L1_m9_fgas-8sigma obs0] group 4/13 (theta=3.13886, phi=0.71831) stream shell_7…
    shell_7 folded in (22s)
[L1_m9_fgas-8sigma obs0] group 4/13 (theta=3.13886, phi=0.71831) stream shell_8…
    shell_8 folded in (95s)
[L1_m9_fgas-8sigma obs0] group 4/13 (theta=3.13886, phi=0.71831) stream shell_9…
    shell_9 folded in (70s)
  group 4: map2alm + rotate_alm (accumulate)…
  group 4: alm folded (1261s)
  checkpoint saved after group 4 (1448s)
[L1_m9_fgas-8sigma obs0] group 5/13 (theta=2.17061, phi=1.77537) stream shell_10…
    shell_10 folded in (68s)
[L1_m9_fgas-8sigma obs0] group 5/13 (theta=2.17061, phi=1.77537) stream shell_11…
    shell_11 folded in (66s)
[L1_m9_fgas-8sigma obs0] group 5/13 (theta=2.17061, phi=1.77537) stream shell_12…
    shell_12 folded in (120s)
[L1_m9_fgas-8sigma obs0] group 5/13 (theta=2.17061, phi=1.77537) stream shell_13…
    shell_13 folded in (112s)
  group 5: map2alm + rotate_alm (accumulate)…
  group 5: alm folded (1276s)
  checkpoint saved after group 5 (1643s)
[L1_m9_fgas-8sigma obs0] group 6/13 (theta=4.59421, phi=0.62435) stream shell_14…
    shell_14 folded in (78s)
[L1_m9_fgas-8sigma obs0] group 6/13 (theta=4.59421, phi=0.62435) stream shell_15…
    shell_15 folded in (123s)
[L1_m9_fgas-8sigma obs0] group 6/13 (theta=4.59421, phi=0.62435) stream shell_16…
    shell_16 folded in (104s)
  group 6: map2alm + rotate_alm (accumulate)…
  group 6: alm folded (1259s)
  checkpoint saved after group 6 (1565s)
[L1_m9_fgas-8sigma obs0] group 7/13 (theta=1.14274, phi=2.14077) stream shell_17…
    shell_17 folded in (145s)
[L1_m9_fgas-8sigma obs0] group 7/13 (theta=1.14274, phi=2.14077) stream shell_18…
    shell_18 folded in (97s)
[L1_m9_fgas-8sigma obs0] group 7/13 (theta=1.14274, phi=2.14077) stream shell_19…
    shell_19 folded in (82s)
[L1_m9_fgas-8sigma obs0] group 7/13 (theta=1.14274, phi=2.14077) stream shell_20…
    shell_20 folded in (140s)
  group 7: map2alm + rotate_alm (accumulate)…
  group 7: alm folded (1264s)
  checkpoint saved after group 7 (1729s)
[L1_m9_fgas-8sigma obs0] group 8/13 (theta=2.02717, phi=0.49841) stream shell_21…
    shell_21 folded in (66s)
[L1_m9_fgas-8sigma obs0] group 8/13 (theta=2.02717, phi=0.49841) stream shell_22…
    shell_22 folded in (85s)
[L1_m9_fgas-8sigma obs0] group 8/13 (theta=2.02717, phi=0.49841) stream shell_23…
    shell_23 folded in (89s)
[L1_m9_fgas-8sigma obs0] group 8/13 (theta=2.02717, phi=0.49841) stream shell_24…
    shell_24 folded in (88s)
  group 8: map2alm + rotate_alm (accumulate)…
  group 8: alm folded (1272s)
  checkpoint saved after group 8 (1601s)
[L1_m9_fgas-8sigma obs0] group 9/13 (theta=2.77675, phi=2.01363) stream shell_25…
    shell_25 folded in (92s)
[L1_m9_fgas-8sigma obs0] group 9/13 (theta=2.77675, phi=2.01363) stream shell_26…
    shell_26 folded in (129s)
[L1_m9_fgas-8sigma obs0] group 9/13 (theta=2.77675, phi=2.01363) stream shell_27…
    shell_27 folded in (81s)
[L1_m9_fgas-8sigma obs0] group 9/13 (theta=2.77675, phi=2.01363) stream shell_28…
    shell_28 folded in (114s)
[L1_m9_fgas-8sigma obs0] group 9/13 (theta=2.77675, phi=2.01363) stream shell_29…
    shell_29 folded in (55s)
  group 9: map2alm + rotate_alm (accumulate)…
  group 9: alm folded (1288s)
  checkpoint saved after group 9 (1759s)
[L1_m9_fgas-8sigma obs0] group 10/13 (theta=0.83245, phi=2.25357) stream shell_30…
    shell_30 folded in (23s)
[L1_m9_fgas-8sigma obs0] group 10/13 (theta=0.83245, phi=2.25357) stream shell_31…
    shell_31 folded in (63s)
[L1_m9_fgas-8sigma obs0] group 10/13 (theta=0.83245, phi=2.25357) stream shell_32…
    shell_32 folded in (129s)
[L1_m9_fgas-8sigma obs0] group 10/13 (theta=0.83245, phi=2.25357) stream shell_33…
    shell_33 folded in (116s)
[L1_m9_fgas-8sigma obs0] group 10/13 (theta=0.83245, phi=2.25357) stream shell_34…
    shell_34 folded in (122s)
[L1_m9_fgas-8sigma obs0] group 10/13 (theta=0.83245, phi=2.25357) stream shell_35…
    shell_35 folded in (53s)
  group 10: map2alm + rotate_alm (accumulate)…
  group 10: alm folded (1268s)
  checkpoint saved after group 10 (1775s)
[L1_m9_fgas-8sigma obs0] group 11/13 (theta=4.95779, phi=1.85187) stream shell_36…
    shell_36 folded in (110s)
[L1_m9_fgas-8sigma obs0] group 11/13 (theta=4.95779, phi=1.85187) stream shell_37…
    shell_37 folded in (123s)
[L1_m9_fgas-8sigma obs0] group 11/13 (theta=4.95779, phi=1.85187) stream shell_38…
    shell_38 folded in (92s)
[L1_m9_fgas-8sigma obs0] group 11/13 (theta=4.95779, phi=1.85187) stream shell_39…
    shell_39 folded in (72s)
[L1_m9_fgas-8sigma obs0] group 11/13 (theta=4.95779, phi=1.85187) stream shell_40…
    shell_40 folded in (96s)
[L1_m9_fgas-8sigma obs0] group 11/13 (theta=4.95779, phi=1.85187) stream shell_41…
    shell_41 folded in (111s)
[L1_m9_fgas-8sigma obs0] group 11/13 (theta=4.95779, phi=1.85187) stream shell_42…
    shell_42 folded in (107s)
  group 11: map2alm + rotate_alm (accumulate)…
  group 11: alm folded (1267s)
  checkpoint saved after group 11 (1980s)
[L1_m9_fgas-8sigma obs0] group 12/13 (theta=2.52360, phi=1.36014) stream shell_43…
    shell_43 folded in (38s)
[L1_m9_fgas-8sigma obs0] group 12/13 (theta=2.52360, phi=1.36014) stream shell_44…
    shell_44 folded in (104s)
[L1_m9_fgas-8sigma obs0] group 12/13 (theta=2.52360, phi=1.36014) stream shell_45…
    shell_45 folded in (70s)
[L1_m9_fgas-8sigma obs0] group 12/13 (theta=2.52360, phi=1.36014) stream shell_46…
    shell_46 folded in (65s)
[L1_m9_fgas-8sigma obs0] group 12/13 (theta=2.52360, phi=1.36014) stream shell_47…
    shell_47 folded in (97s)
[L1_m9_fgas-8sigma obs0] group 12/13 (theta=2.52360, phi=1.36014) stream shell_48…
    shell_48 folded in (94s)
[L1_m9_fgas-8sigma obs0] group 12/13 (theta=2.52360, phi=1.36014) stream shell_49…
    shell_49 folded in (139s)
[L1_m9_fgas-8sigma obs0] group 12/13 (theta=2.52360, phi=1.36014) stream shell_50…
    shell_50 folded in (73s)
  group 12: map2alm + rotate_alm (accumulate)…
  group 12: alm folded (1271s)
  checkpoint saved after group 12 (1952s)
[L1_m9_fgas-8sigma obs0] group 13/13 (theta=2.69302, phi=2.35895) stream shell_51…
    shell_51 folded in (98s)
[L1_m9_fgas-8sigma obs0] group 13/13 (theta=2.69302, phi=2.35895) stream shell_52…
    shell_52 folded in (62s)
[L1_m9_fgas-8sigma obs0] group 13/13 (theta=2.69302, phi=2.35895) stream shell_53…
    shell_53 folded in (75s)
[L1_m9_fgas-8sigma obs0] group 13/13 (theta=2.69302, phi=2.35895) stream shell_54…
    shell_54 folded in (101s)
[L1_m9_fgas-8sigma obs0] group 13/13 (theta=2.69302, phi=2.35895) stream shell_55…
    shell_55 folded in (28s)
[L1_m9_fgas-8sigma obs0] group 13/13 (theta=2.69302, phi=2.35895) stream shell_56…
    shell_56 folded in (74s)
[L1_m9_fgas-8sigma obs0] group 13/13 (theta=2.69302, phi=2.35895) stream shell_57…
    shell_57 folded in (89s)
[L1_m9_fgas-8sigma obs0] group 13/13 (theta=2.69302, phi=2.35895) stream shell_58…
    shell_58 folded in (80s)
[L1_m9_fgas-8sigma obs0] group 13/13 (theta=2.69302, phi=2.35895) stream shell_59…
    shell_59 folded in (83s)
  group 13: map2alm + rotate_alm (accumulate)…
  group 13: alm folded (1272s)
  checkpoint saved after group 13 (1964s)
synthesising final map (single alm2map)…
  alm2map done (3s)

Wrote /rds/rds-lxu/flamingo/L1_m9/maps/y_unlensed_fgas-8sigma_lc0_nside4096.fits  mean(y)=1.754e-06  NSIDE=4096 (RING)
Build complete. Checkpoint files can be deleted: /scratch/scratch-lxu/flamingo_map_build/ckpt_alm_L1_m9_fgas-8sigma_lc0_nside4096.npy /scratch/scratch-lxu/flamingo_map_build/ckpt_yident_L1_m9_fgas-8sigma_lc0_nside4096.npy /scratch/scratch-lxu/flamingo_map_build/ckpt_meta_L1_m9_fgas-8sigma_lc0_nside4096.json
=== building Mstar-1sigma -> /rds/rds-lxu/flamingo/L1_m9/maps/y_unlensed_Mstar-1sigma_lc0_nside4096.fits ===
variant=Mstar-1sigma parent=L1_m9 lc0 shell_max=60 -> 13 angle-groups; NSIDE=4096, NPIX=201,326,592, lmax=12287 (alm-accumulation: one alm2map at the end)
[L1_m9_Mstar-1sigma obs0] group 1/13 (theta=0.00000, phi=0.00000) stream shell_0…
    shell_0 folded in (17s)
[L1_m9_Mstar-1sigma obs0] group 1/13 (theta=0.00000, phi=0.00000) stream shell_1…
    shell_1 folded in (66s)
  group 1: no rotation (identity)
  checkpoint saved after group 1 (83s)
[L1_m9_Mstar-1sigma obs0] group 2/13 (theta=3.26758, phi=1.41519) stream shell_2…
    shell_2 folded in (84s)
[L1_m9_Mstar-1sigma obs0] group 2/13 (theta=3.26758, phi=1.41519) stream shell_3…
    shell_3 folded in (109s)
[L1_m9_Mstar-1sigma obs0] group 2/13 (theta=3.26758, phi=1.41519) stream shell_4…
    shell_4 folded in (45s)
  group 2: map2alm + rotate_alm (accumulate)…
  group 2: alm folded (1268s)
  checkpoint saved after group 2 (1506s)
[L1_m9_Mstar-1sigma obs0] group 3/13 (theta=1.51290, phi=0.80580) stream shell_5…
    shell_5 folded in (40s)
[L1_m9_Mstar-1sigma obs0] group 3/13 (theta=1.51290, phi=0.80580) stream shell_6…
    shell_6 folded in (48s)
  group 3: map2alm + rotate_alm (accumulate)…
  group 3: alm folded (1302s)
  checkpoint saved after group 3 (1392s)
[L1_m9_Mstar-1sigma obs0] group 4/13 (theta=3.13886, phi=0.71831) stream shell_7…
    shell_7 folded in (89s)
[L1_m9_Mstar-1sigma obs0] group 4/13 (theta=3.13886, phi=0.71831) stream shell_8…
    shell_8 folded in (50s)
[L1_m9_Mstar-1sigma obs0] group 4/13 (theta=3.13886, phi=0.71831) stream shell_9…
    shell_9 folded in (96s)
  group 4: map2alm + rotate_alm (accumulate)…
  group 4: alm folded (1269s)
  checkpoint saved after group 4 (1505s)
[L1_m9_Mstar-1sigma obs0] group 5/13 (theta=2.17061, phi=1.77537) stream shell_10…
    shell_10 folded in (53s)
[L1_m9_Mstar-1sigma obs0] group 5/13 (theta=2.17061, phi=1.77537) stream shell_11…
    shell_11 folded in (65s)
[L1_m9_Mstar-1sigma obs0] group 5/13 (theta=2.17061, phi=1.77537) stream shell_12…
    shell_12 folded in (108s)
[L1_m9_Mstar-1sigma obs0] group 5/13 (theta=2.17061, phi=1.77537) stream shell_13…
    shell_13 folded in (77s)
  group 5: map2alm + rotate_alm (accumulate)…
  group 5: alm folded (1272s)
  checkpoint saved after group 5 (1577s)
[L1_m9_Mstar-1sigma obs0] group 6/13 (theta=4.59421, phi=0.62435) stream shell_14…
    shell_14 folded in (79s)
[L1_m9_Mstar-1sigma obs0] group 6/13 (theta=4.59421, phi=0.62435) stream shell_15…
    shell_15 folded in (111s)
[L1_m9_Mstar-1sigma obs0] group 6/13 (theta=4.59421, phi=0.62435) stream shell_16…
    shell_16 folded in (61s)
  group 6: map2alm + rotate_alm (accumulate)…
  group 6: alm folded (1264s)
  checkpoint saved after group 6 (1516s)
[L1_m9_Mstar-1sigma obs0] group 7/13 (theta=1.14274, phi=2.14077) stream shell_17…
    shell_17 folded in (45s)
[L1_m9_Mstar-1sigma obs0] group 7/13 (theta=1.14274, phi=2.14077) stream shell_18…
    shell_18 folded in (116s)
[L1_m9_Mstar-1sigma obs0] group 7/13 (theta=1.14274, phi=2.14077) stream shell_19…
    shell_19 folded in (117s)
[L1_m9_Mstar-1sigma obs0] group 7/13 (theta=1.14274, phi=2.14077) stream shell_20…
    shell_20 folded in (67s)
  group 7: map2alm + rotate_alm (accumulate)…
  group 7: alm folded (1264s)
  checkpoint saved after group 7 (1610s)
[L1_m9_Mstar-1sigma obs0] group 8/13 (theta=2.02717, phi=0.49841) stream shell_21…
    shell_21 folded in (71s)
[L1_m9_Mstar-1sigma obs0] group 8/13 (theta=2.02717, phi=0.49841) stream shell_22…
    shell_22 folded in (41s)
[L1_m9_Mstar-1sigma obs0] group 8/13 (theta=2.02717, phi=0.49841) stream shell_23…
    shell_23 folded in (143s)
[L1_m9_Mstar-1sigma obs0] group 8/13 (theta=2.02717, phi=0.49841) stream shell_24…
    shell_24 folded in (87s)
  group 8: map2alm + rotate_alm (accumulate)…
  group 8: alm folded (1274s)
  checkpoint saved after group 8 (1617s)
[L1_m9_Mstar-1sigma obs0] group 9/13 (theta=2.77675, phi=2.01363) stream shell_25…
    shell_25 folded in (89s)
[L1_m9_Mstar-1sigma obs0] group 9/13 (theta=2.77675, phi=2.01363) stream shell_26…
    shell_26 folded in (83s)
[L1_m9_Mstar-1sigma obs0] group 9/13 (theta=2.77675, phi=2.01363) stream shell_27…
    shell_27 folded in (107s)
[L1_m9_Mstar-1sigma obs0] group 9/13 (theta=2.77675, phi=2.01363) stream shell_28…
    shell_28 folded in (119s)
[L1_m9_Mstar-1sigma obs0] group 9/13 (theta=2.77675, phi=2.01363) stream shell_29…
    shell_29 folded in (88s)
  group 9: map2alm + rotate_alm (accumulate)…
  group 9: alm folded (1270s)
  checkpoint saved after group 9 (1757s)
[L1_m9_Mstar-1sigma obs0] group 10/13 (theta=0.83245, phi=2.25357) stream shell_30…
    shell_30 folded in (115s)
[L1_m9_Mstar-1sigma obs0] group 10/13 (theta=0.83245, phi=2.25357) stream shell_31…
    shell_31 folded in (136s)
[L1_m9_Mstar-1sigma obs0] group 10/13 (theta=0.83245, phi=2.25357) stream shell_32…
    shell_32 folded in (75s)
[L1_m9_Mstar-1sigma obs0] group 10/13 (theta=0.83245, phi=2.25357) stream shell_33…
    shell_33 folded in (64s)
[L1_m9_Mstar-1sigma obs0] group 10/13 (theta=0.83245, phi=2.25357) stream shell_34…
    shell_34 folded in (45s)
[L1_m9_Mstar-1sigma obs0] group 10/13 (theta=0.83245, phi=2.25357) stream shell_35…
    shell_35 folded in (65s)
  group 10: map2alm + rotate_alm (accumulate)…
  group 10: alm folded (1265s)
  checkpoint saved after group 10 (1765s)
[L1_m9_Mstar-1sigma obs0] group 11/13 (theta=4.95779, phi=1.85187) stream shell_36…
    shell_36 folded in (101s)
[L1_m9_Mstar-1sigma obs0] group 11/13 (theta=4.95779, phi=1.85187) stream shell_37…
    shell_37 folded in (94s)
[L1_m9_Mstar-1sigma obs0] group 11/13 (theta=4.95779, phi=1.85187) stream shell_38…
    shell_38 folded in (94s)
[L1_m9_Mstar-1sigma obs0] group 11/13 (theta=4.95779, phi=1.85187) stream shell_39…
    shell_39 folded in (143s)
[L1_m9_Mstar-1sigma obs0] group 11/13 (theta=4.95779, phi=1.85187) stream shell_40…
    shell_40 folded in (66s)
[L1_m9_Mstar-1sigma obs0] group 11/13 (theta=4.95779, phi=1.85187) stream shell_41…
    shell_41 folded in (78s)
[L1_m9_Mstar-1sigma obs0] group 11/13 (theta=4.95779, phi=1.85187) stream shell_42…
    shell_42 folded in (152s)
  group 11: map2alm + rotate_alm (accumulate)…
  group 11: alm folded (1283s)
  checkpoint saved after group 11 (2013s)
[L1_m9_Mstar-1sigma obs0] group 12/13 (theta=2.52360, phi=1.36014) stream shell_43…
    shell_43 folded in (29s)
[L1_m9_Mstar-1sigma obs0] group 12/13 (theta=2.52360, phi=1.36014) stream shell_44…
    shell_44 folded in (133s)
[L1_m9_Mstar-1sigma obs0] group 12/13 (theta=2.52360, phi=1.36014) stream shell_45…
    shell_45 folded in (153s)
[L1_m9_Mstar-1sigma obs0] group 12/13 (theta=2.52360, phi=1.36014) stream shell_46…
    shell_46 folded in (98s)
[L1_m9_Mstar-1sigma obs0] group 12/13 (theta=2.52360, phi=1.36014) stream shell_47…
    shell_47 folded in (131s)
[L1_m9_Mstar-1sigma obs0] group 12/13 (theta=2.52360, phi=1.36014) stream shell_48…
    shell_48 folded in (70s)
[L1_m9_Mstar-1sigma obs0] group 12/13 (theta=2.52360, phi=1.36014) stream shell_49…
    shell_49 folded in (62s)
[L1_m9_Mstar-1sigma obs0] group 12/13 (theta=2.52360, phi=1.36014) stream shell_50…
    shell_50 folded in (129s)
  group 12: map2alm + rotate_alm (accumulate)…
  group 12: alm folded (1283s)
  checkpoint saved after group 12 (2089s)
[L1_m9_Mstar-1sigma obs0] group 13/13 (theta=2.69302, phi=2.35895) stream shell_51…
    shell_51 folded in (87s)
[L1_m9_Mstar-1sigma obs0] group 13/13 (theta=2.69302, phi=2.35895) stream shell_52…
    shell_52 folded in (126s)
[L1_m9_Mstar-1sigma obs0] group 13/13 (theta=2.69302, phi=2.35895) stream shell_53…
    shell_53 folded in (69s)
[L1_m9_Mstar-1sigma obs0] group 13/13 (theta=2.69302, phi=2.35895) stream shell_54…
    shell_54 folded in (79s)
[L1_m9_Mstar-1sigma obs0] group 13/13 (theta=2.69302, phi=2.35895) stream shell_55…
    shell_55 folded in (120s)
[L1_m9_Mstar-1sigma obs0] group 13/13 (theta=2.69302, phi=2.35895) stream shell_56…
    shell_56 folded in (50s)
[L1_m9_Mstar-1sigma obs0] group 13/13 (theta=2.69302, phi=2.35895) stream shell_57…
    shell_57 folded in (99s)
[L1_m9_Mstar-1sigma obs0] group 13/13 (theta=2.69302, phi=2.35895) stream shell_58…
    shell_58 folded in (145s)
[L1_m9_Mstar-1sigma obs0] group 13/13 (theta=2.69302, phi=2.35895) stream shell_59…
    shell_59 folded in (103s)
  group 13: map2alm + rotate_alm (accumulate)…
  group 13: alm folded (1248s)
  checkpoint saved after group 13 (2127s)
synthesising final map (single alm2map)…
  alm2map done (3s)

Wrote /rds/rds-lxu/flamingo/L1_m9/maps/y_unlensed_Mstar-1sigma_lc0_nside4096.fits  mean(y)=1.586e-06  NSIDE=4096 (RING)
Build complete. Checkpoint files can be deleted: /scratch/scratch-lxu/flamingo_map_build/ckpt_alm_L1_m9_Mstar-1sigma_lc0_nside4096.npy /scratch/scratch-lxu/flamingo_map_build/ckpt_yident_L1_m9_Mstar-1sigma_lc0_nside4096.npy /scratch/scratch-lxu/flamingo_map_build/ckpt_meta_L1_m9_Mstar-1sigma_lc0_nside4096.json
=== building Mstar-1sigma_fgas-4sigma -> /rds/rds-lxu/flamingo/L1_m9/maps/y_unlensed_Mstar-1sigma_fgas-4sigma_lc0_nside4096.fits ===
variant=Mstar-1sigma_fgas-4sigma parent=L1_m9 lc0 shell_max=60 -> 13 angle-groups; NSIDE=4096, NPIX=201,326,592, lmax=12287 (alm-accumulation: one alm2map at the end)
[L1_m9_Mstar-1sigma_fgas-4sigma obs0] group 1/13 (theta=0.00000, phi=0.00000) stream shell_0…
    shell_0 folded in (80s)
[L1_m9_Mstar-1sigma_fgas-4sigma obs0] group 1/13 (theta=0.00000, phi=0.00000) stream shell_1…
    shell_1 folded in (58s)
  group 1: no rotation (identity)
  checkpoint saved after group 1 (139s)
[L1_m9_Mstar-1sigma_fgas-4sigma obs0] group 2/13 (theta=3.26758, phi=1.41519) stream shell_2…
    shell_2 folded in (104s)
[L1_m9_Mstar-1sigma_fgas-4sigma obs0] group 2/13 (theta=3.26758, phi=1.41519) stream shell_3…
    shell_3 folded in (28s)
[L1_m9_Mstar-1sigma_fgas-4sigma obs0] group 2/13 (theta=3.26758, phi=1.41519) stream shell_4…
    shell_4 folded in (97s)
  group 2: map2alm + rotate_alm (accumulate)…
  group 2: alm folded (1259s)
  checkpoint saved after group 2 (1489s)
[L1_m9_Mstar-1sigma_fgas-4sigma obs0] group 3/13 (theta=1.51290, phi=0.80580) stream shell_5…
    shell_5 folded in (41s)
[L1_m9_Mstar-1sigma_fgas-4sigma obs0] group 3/13 (theta=1.51290, phi=0.80580) stream shell_6…
    shell_6 folded in (115s)
  group 3: map2alm + rotate_alm (accumulate)…
  group 3: alm folded (1275s)
  checkpoint saved after group 3 (1431s)
[L1_m9_Mstar-1sigma_fgas-4sigma obs0] group 4/13 (theta=3.13886, phi=0.71831) stream shell_7…
    shell_7 folded in (50s)
[L1_m9_Mstar-1sigma_fgas-4sigma obs0] group 4/13 (theta=3.13886, phi=0.71831) stream shell_8…
    shell_8 folded in (129s)
[L1_m9_Mstar-1sigma_fgas-4sigma obs0] group 4/13 (theta=3.13886, phi=0.71831) stream shell_9…
    shell_9 folded in (98s)
  group 4: map2alm + rotate_alm (accumulate)…
  group 4: alm folded (1266s)
  checkpoint saved after group 4 (1545s)
[L1_m9_Mstar-1sigma_fgas-4sigma obs0] group 5/13 (theta=2.17061, phi=1.77537) stream shell_10…
    shell_10 folded in (148s)
[L1_m9_Mstar-1sigma_fgas-4sigma obs0] group 5/13 (theta=2.17061, phi=1.77537) stream shell_11…
    shell_11 folded in (61s)
[L1_m9_Mstar-1sigma_fgas-4sigma obs0] group 5/13 (theta=2.17061, phi=1.77537) stream shell_12…
    shell_12 folded in (56s)
[L1_m9_Mstar-1sigma_fgas-4sigma obs0] group 5/13 (theta=2.17061, phi=1.77537) stream shell_13…
    shell_13 folded in (54s)
  group 5: map2alm + rotate_alm (accumulate)…
  group 5: alm folded (1278s)
  checkpoint saved after group 5 (1598s)
[L1_m9_Mstar-1sigma_fgas-4sigma obs0] group 6/13 (theta=4.59421, phi=0.62435) stream shell_14…
    shell_14 folded in (41s)
[L1_m9_Mstar-1sigma_fgas-4sigma obs0] group 6/13 (theta=4.59421, phi=0.62435) stream shell_15…
    shell_15 folded in (155s)
[L1_m9_Mstar-1sigma_fgas-4sigma obs0] group 6/13 (theta=4.59421, phi=0.62435) stream shell_16…
    shell_16 folded in (128s)
  group 6: map2alm + rotate_alm (accumulate)…
  group 6: alm folded (1274s)
  checkpoint saved after group 6 (1599s)
[L1_m9_Mstar-1sigma_fgas-4sigma obs0] group 7/13 (theta=1.14274, phi=2.14077) stream shell_17…
    shell_17 folded in (71s)
[L1_m9_Mstar-1sigma_fgas-4sigma obs0] group 7/13 (theta=1.14274, phi=2.14077) stream shell_18…
    shell_18 folded in (42s)
[L1_m9_Mstar-1sigma_fgas-4sigma obs0] group 7/13 (theta=1.14274, phi=2.14077) stream shell_19…
    shell_19 folded in (147s)
[L1_m9_Mstar-1sigma_fgas-4sigma obs0] group 7/13 (theta=1.14274, phi=2.14077) stream shell_20…
    shell_20 folded in (65s)
  group 7: map2alm + rotate_alm (accumulate)…
  group 7: alm folded (1294s)
  checkpoint saved after group 7 (1620s)
[L1_m9_Mstar-1sigma_fgas-4sigma obs0] group 8/13 (theta=2.02717, phi=0.49841) stream shell_21…
    shell_21 folded in (84s)
[L1_m9_Mstar-1sigma_fgas-4sigma obs0] group 8/13 (theta=2.02717, phi=0.49841) stream shell_22…
    shell_22 folded in (107s)
[L1_m9_Mstar-1sigma_fgas-4sigma obs0] group 8/13 (theta=2.02717, phi=0.49841) stream shell_23…
    shell_23 folded in (51s)
[L1_m9_Mstar-1sigma_fgas-4sigma obs0] group 8/13 (theta=2.02717, phi=0.49841) stream shell_24…
    shell_24 folded in (110s)
  group 8: map2alm + rotate_alm (accumulate)…
  group 8: alm folded (1260s)
  checkpoint saved after group 8 (1614s)
[L1_m9_Mstar-1sigma_fgas-4sigma obs0] group 9/13 (theta=2.77675, phi=2.01363) stream shell_25…
    shell_25 folded in (46s)
[L1_m9_Mstar-1sigma_fgas-4sigma obs0] group 9/13 (theta=2.77675, phi=2.01363) stream shell_26…
    shell_26 folded in (71s)
[L1_m9_Mstar-1sigma_fgas-4sigma obs0] group 9/13 (theta=2.77675, phi=2.01363) stream shell_27…
    shell_27 folded in (76s)
[L1_m9_Mstar-1sigma_fgas-4sigma obs0] group 9/13 (theta=2.77675, phi=2.01363) stream shell_28…
    shell_28 folded in (36s)
[L1_m9_Mstar-1sigma_fgas-4sigma obs0] group 9/13 (theta=2.77675, phi=2.01363) stream shell_29…
    shell_29 folded in (56s)
  group 9: map2alm + rotate_alm (accumulate)…
  group 9: alm folded (1273s)
  checkpoint saved after group 9 (1560s)
[L1_m9_Mstar-1sigma_fgas-4sigma obs0] group 10/13 (theta=0.83245, phi=2.25357) stream shell_30…
    shell_30 folded in (60s)
[L1_m9_Mstar-1sigma_fgas-4sigma obs0] group 10/13 (theta=0.83245, phi=2.25357) stream shell_31…
    shell_31 folded in (130s)
[L1_m9_Mstar-1sigma_fgas-4sigma obs0] group 10/13 (theta=0.83245, phi=2.25357) stream shell_32…
    shell_32 folded in (153s)
[L1_m9_Mstar-1sigma_fgas-4sigma obs0] group 10/13 (theta=0.83245, phi=2.25357) stream shell_33…
    shell_33 folded in (133s)
[L1_m9_Mstar-1sigma_fgas-4sigma obs0] group 10/13 (theta=0.83245, phi=2.25357) stream shell_34…
    shell_34 folded in (75s)
[L1_m9_Mstar-1sigma_fgas-4sigma obs0] group 10/13 (theta=0.83245, phi=2.25357) stream shell_35…
    shell_35 folded in (65s)
  group 10: map2alm + rotate_alm (accumulate)…
  group 10: alm folded (1278s)
  checkpoint saved after group 10 (1896s)
[L1_m9_Mstar-1sigma_fgas-4sigma obs0] group 11/13 (theta=4.95779, phi=1.85187) stream shell_36…
    shell_36 folded in (20s)
[L1_m9_Mstar-1sigma_fgas-4sigma obs0] group 11/13 (theta=4.95779, phi=1.85187) stream shell_37…
    shell_37 folded in (61s)
[L1_m9_Mstar-1sigma_fgas-4sigma obs0] group 11/13 (theta=4.95779, phi=1.85187) stream shell_38…
    shell_38 folded in (49s)
[L1_m9_Mstar-1sigma_fgas-4sigma obs0] group 11/13 (theta=4.95779, phi=1.85187) stream shell_39…
    shell_39 folded in (59s)
[L1_m9_Mstar-1sigma_fgas-4sigma obs0] group 11/13 (theta=4.95779, phi=1.85187) stream shell_40…
    shell_40 folded in (60s)
[L1_m9_Mstar-1sigma_fgas-4sigma obs0] group 11/13 (theta=4.95779, phi=1.85187) stream shell_41…
    shell_41 folded in (57s)
[L1_m9_Mstar-1sigma_fgas-4sigma obs0] group 11/13 (theta=4.95779, phi=1.85187) stream shell_42…
    shell_42 folded in (48s)
  group 11: map2alm + rotate_alm (accumulate)…
  group 11: alm folded (1266s)
  checkpoint saved after group 11 (1621s)
[L1_m9_Mstar-1sigma_fgas-4sigma obs0] group 12/13 (theta=2.52360, phi=1.36014) stream shell_43…
    shell_43 folded in (32s)
[L1_m9_Mstar-1sigma_fgas-4sigma obs0] group 12/13 (theta=2.52360, phi=1.36014) stream shell_44…
    shell_44 folded in (62s)
[L1_m9_Mstar-1sigma_fgas-4sigma obs0] group 12/13 (theta=2.52360, phi=1.36014) stream shell_45…
    shell_45 folded in (73s)
[L1_m9_Mstar-1sigma_fgas-4sigma obs0] group 12/13 (theta=2.52360, phi=1.36014) stream shell_46…
    shell_46 folded in (64s)
[L1_m9_Mstar-1sigma_fgas-4sigma obs0] group 12/13 (theta=2.52360, phi=1.36014) stream shell_47…
    shell_47 folded in (113s)
[L1_m9_Mstar-1sigma_fgas-4sigma obs0] group 12/13 (theta=2.52360, phi=1.36014) stream shell_48…
    shell_48 folded in (56s)
[L1_m9_Mstar-1sigma_fgas-4sigma obs0] group 12/13 (theta=2.52360, phi=1.36014) stream shell_49…
    shell_49 folded in (56s)
[L1_m9_Mstar-1sigma_fgas-4sigma obs0] group 12/13 (theta=2.52360, phi=1.36014) stream shell_50…
    shell_50 folded in (94s)
  group 12: map2alm + rotate_alm (accumulate)…
  group 12: alm folded (1272s)
  checkpoint saved after group 12 (1820s)
[L1_m9_Mstar-1sigma_fgas-4sigma obs0] group 13/13 (theta=2.69302, phi=2.35895) stream shell_51…
    shell_51 folded in (26s)
[L1_m9_Mstar-1sigma_fgas-4sigma obs0] group 13/13 (theta=2.69302, phi=2.35895) stream shell_52…
    shell_52 folded in (52s)
[L1_m9_Mstar-1sigma_fgas-4sigma obs0] group 13/13 (theta=2.69302, phi=2.35895) stream shell_53…
    shell_53 folded in (57s)
[L1_m9_Mstar-1sigma_fgas-4sigma obs0] group 13/13 (theta=2.69302, phi=2.35895) stream shell_54…
    shell_54 folded in (52s)
[L1_m9_Mstar-1sigma_fgas-4sigma obs0] group 13/13 (theta=2.69302, phi=2.35895) stream shell_55…
    shell_55 folded in (68s)
[L1_m9_Mstar-1sigma_fgas-4sigma obs0] group 13/13 (theta=2.69302, phi=2.35895) stream shell_56…
    shell_56 folded in (59s)
[L1_m9_Mstar-1sigma_fgas-4sigma obs0] group 13/13 (theta=2.69302, phi=2.35895) stream shell_57…
    shell_57 folded in (53s)
[L1_m9_Mstar-1sigma_fgas-4sigma obs0] group 13/13 (theta=2.69302, phi=2.35895) stream shell_58…
    shell_58 folded in (59s)
[L1_m9_Mstar-1sigma_fgas-4sigma obs0] group 13/13 (theta=2.69302, phi=2.35895) stream shell_59…
    shell_59 folded in (63s)
  group 13: map2alm + rotate_alm (accumulate)…
  group 13: alm folded (1275s)
  checkpoint saved after group 13 (1763s)
synthesising final map (single alm2map)…
  alm2map done (3s)

Wrote /rds/rds-lxu/flamingo/L1_m9/maps/y_unlensed_Mstar-1sigma_fgas-4sigma_lc0_nside4096.fits  mean(y)=1.702e-06  NSIDE=4096 (RING)
Build complete. Checkpoint files can be deleted: /scratch/scratch-lxu/flamingo_map_build/ckpt_alm_L1_m9_Mstar-1sigma_fgas-4sigma_lc0_nside4096.npy /scratch/scratch-lxu/flamingo_map_build/ckpt_yident_L1_m9_Mstar-1sigma_fgas-4sigma_lc0_nside4096.npy /scratch/scratch-lxu/flamingo_map_build/ckpt_meta_L1_m9_Mstar-1sigma_fgas-4sigma_lc0_nside4096.json
=== building Jet -> /rds/rds-lxu/flamingo/L1_m9/maps/y_unlensed_Jet_lc0_nside4096.fits ===
variant=Jet parent=L1_m9 lc0 shell_max=60 -> 13 angle-groups; NSIDE=4096, NPIX=201,326,592, lmax=12287 (alm-accumulation: one alm2map at the end)
[L1_m9_Jet obs0] group 1/13 (theta=0.00000, phi=0.00000) stream shell_0…
    shell_0 folded in (17s)
[L1_m9_Jet obs0] group 1/13 (theta=0.00000, phi=0.00000) stream shell_1…
    shell_1 folded in (104s)
  group 1: no rotation (identity)
  checkpoint saved after group 1 (122s)
[L1_m9_Jet obs0] group 2/13 (theta=3.26758, phi=1.41519) stream shell_2…
    shell_2 folded in (18s)
[L1_m9_Jet obs0] group 2/13 (theta=3.26758, phi=1.41519) stream shell_3…
    shell_3 folded in (61s)
[L1_m9_Jet obs0] group 2/13 (theta=3.26758, phi=1.41519) stream shell_4…
    shell_4 folded in (28s)
  group 2: map2alm + rotate_alm (accumulate)…
  group 2: alm folded (1287s)
  checkpoint saved after group 2 (1395s)
[L1_m9_Jet obs0] group 3/13 (theta=1.51290, phi=0.80580) stream shell_5…
    shell_5 folded in (18s)
[L1_m9_Jet obs0] group 3/13 (theta=1.51290, phi=0.80580) stream shell_6…
    shell_6 folded in (48s)
  group 3: map2alm + rotate_alm (accumulate)…
  group 3: alm folded (1273s)
  checkpoint saved after group 3 (1340s)
[L1_m9_Jet obs0] group 4/13 (theta=3.13886, phi=0.71831) stream shell_7…
    shell_7 folded in (17s)
[L1_m9_Jet obs0] group 4/13 (theta=3.13886, phi=0.71831) stream shell_8…
    shell_8 folded in (17s)
[L1_m9_Jet obs0] group 4/13 (theta=3.13886, phi=0.71831) stream shell_9…
    shell_9 folded in (17s)
  group 4: map2alm + rotate_alm (accumulate)…
  group 4: alm folded (1271s)
  checkpoint saved after group 4 (1323s)
[L1_m9_Jet obs0] group 5/13 (theta=2.17061, phi=1.77537) stream shell_10…
    shell_10 folded in (17s)
[L1_m9_Jet obs0] group 5/13 (theta=2.17061, phi=1.77537) stream shell_11…
    shell_11 folded in (17s)
[L1_m9_Jet obs0] group 5/13 (theta=2.17061, phi=1.77537) stream shell_12…
    shell_12 folded in (17s)
[L1_m9_Jet obs0] group 5/13 (theta=2.17061, phi=1.77537) stream shell_13…
    shell_13 folded in (17s)
  group 5: map2alm + rotate_alm (accumulate)…
  group 5: alm folded (1279s)
  checkpoint saved after group 5 (1347s)
[L1_m9_Jet obs0] group 6/13 (theta=4.59421, phi=0.62435) stream shell_14…
    shell_14 folded in (17s)
[L1_m9_Jet obs0] group 6/13 (theta=4.59421, phi=0.62435) stream shell_15…
    shell_15 folded in (17s)
[L1_m9_Jet obs0] group 6/13 (theta=4.59421, phi=0.62435) stream shell_16…
    shell_16 folded in (17s)
  group 6: map2alm + rotate_alm (accumulate)…
  group 6: alm folded (1275s)
  checkpoint saved after group 6 (1327s)
[L1_m9_Jet obs0] group 7/13 (theta=1.14274, phi=2.14077) stream shell_17…
    shell_17 folded in (17s)
[L1_m9_Jet obs0] group 7/13 (theta=1.14274, phi=2.14077) stream shell_18…
    shell_18 folded in (17s)
[L1_m9_Jet obs0] group 7/13 (theta=1.14274, phi=2.14077) stream shell_19…
    shell_19 folded in (17s)
[L1_m9_Jet obs0] group 7/13 (theta=1.14274, phi=2.14077) stream shell_20…
    shell_20 folded in (17s)
  group 7: map2alm + rotate_alm (accumulate)…
  group 7: alm folded (1262s)
  checkpoint saved after group 7 (1331s)
[L1_m9_Jet obs0] group 8/13 (theta=2.02717, phi=0.49841) stream shell_21…
    shell_21 folded in (17s)
[L1_m9_Jet obs0] group 8/13 (theta=2.02717, phi=0.49841) stream shell_22…
    shell_22 folded in (17s)
[L1_m9_Jet obs0] group 8/13 (theta=2.02717, phi=0.49841) stream shell_23…
    shell_23 folded in (17s)
[L1_m9_Jet obs0] group 8/13 (theta=2.02717, phi=0.49841) stream shell_24…
    shell_24 folded in (17s)
  group 8: map2alm + rotate_alm (accumulate)…
  group 8: alm folded (1259s)
  checkpoint saved after group 8 (1328s)
[L1_m9_Jet obs0] group 9/13 (theta=2.77675, phi=2.01363) stream shell_25…
    shell_25 folded in (17s)
[L1_m9_Jet obs0] group 9/13 (theta=2.77675, phi=2.01363) stream shell_26…
    shell_26 folded in (17s)
[L1_m9_Jet obs0] group 9/13 (theta=2.77675, phi=2.01363) stream shell_27…
    shell_27 folded in (17s)
[L1_m9_Jet obs0] group 9/13 (theta=2.77675, phi=2.01363) stream shell_28…
    shell_28 folded in (17s)
[L1_m9_Jet obs0] group 9/13 (theta=2.77675, phi=2.01363) stream shell_29…
    shell_29 folded in (17s)
  group 9: map2alm + rotate_alm (accumulate)…
  group 9: alm folded (1264s)
  checkpoint saved after group 9 (1350s)
[L1_m9_Jet obs0] group 10/13 (theta=0.83245, phi=2.25357) stream shell_30…
    shell_30 folded in (17s)
[L1_m9_Jet obs0] group 10/13 (theta=0.83245, phi=2.25357) stream shell_31…
    shell_31 folded in (17s)
[L1_m9_Jet obs0] group 10/13 (theta=0.83245, phi=2.25357) stream shell_32…
    shell_32 folded in (17s)
[L1_m9_Jet obs0] group 10/13 (theta=0.83245, phi=2.25357) stream shell_33…
    shell_33 folded in (17s)
[L1_m9_Jet obs0] group 10/13 (theta=0.83245, phi=2.25357) stream shell_34…
    shell_34 folded in (17s)
[L1_m9_Jet obs0] group 10/13 (theta=0.83245, phi=2.25357) stream shell_35…
    shell_35 folded in (17s)
  group 10: map2alm + rotate_alm (accumulate)…
  group 10: alm folded (1263s)
  checkpoint saved after group 10 (1367s)
[L1_m9_Jet obs0] group 11/13 (theta=4.95779, phi=1.85187) stream shell_36…
    shell_36 folded in (17s)
[L1_m9_Jet obs0] group 11/13 (theta=4.95779, phi=1.85187) stream shell_37…
    shell_37 folded in (17s)
[L1_m9_Jet obs0] group 11/13 (theta=4.95779, phi=1.85187) stream shell_38…
    shell_38 folded in (17s)
[L1_m9_Jet obs0] group 11/13 (theta=4.95779, phi=1.85187) stream shell_39…
    shell_39 folded in (17s)
[L1_m9_Jet obs0] group 11/13 (theta=4.95779, phi=1.85187) stream shell_40…
    shell_40 folded in (17s)
[L1_m9_Jet obs0] group 11/13 (theta=4.95779, phi=1.85187) stream shell_41…
    shell_41 folded in (17s)
[L1_m9_Jet obs0] group 11/13 (theta=4.95779, phi=1.85187) stream shell_42…
    shell_42 folded in (17s)
  group 11: map2alm + rotate_alm (accumulate)…
  group 11: alm folded (1258s)
  checkpoint saved after group 11 (1378s)
[L1_m9_Jet obs0] group 12/13 (theta=2.52360, phi=1.36014) stream shell_43…
    shell_43 folded in (17s)
[L1_m9_Jet obs0] group 12/13 (theta=2.52360, phi=1.36014) stream shell_44…
    shell_44 folded in (17s)
[L1_m9_Jet obs0] group 12/13 (theta=2.52360, phi=1.36014) stream shell_45…
    shell_45 folded in (17s)
[L1_m9_Jet obs0] group 12/13 (theta=2.52360, phi=1.36014) stream shell_46…
    shell_46 folded in (17s)
[L1_m9_Jet obs0] group 12/13 (theta=2.52360, phi=1.36014) stream shell_47…
    shell_47 folded in (17s)
[L1_m9_Jet obs0] group 12/13 (theta=2.52360, phi=1.36014) stream shell_48…
    shell_48 folded in (17s)
[L1_m9_Jet obs0] group 12/13 (theta=2.52360, phi=1.36014) stream shell_49…
    shell_49 folded in (17s)
[L1_m9_Jet obs0] group 12/13 (theta=2.52360, phi=1.36014) stream shell_50…
    shell_50 folded in (17s)
  group 12: map2alm + rotate_alm (accumulate)…
  group 12: alm folded (1270s)
  checkpoint saved after group 12 (1408s)
[L1_m9_Jet obs0] group 13/13 (theta=2.69302, phi=2.35895) stream shell_51…
    shell_51 folded in (17s)
[L1_m9_Jet obs0] group 13/13 (theta=2.69302, phi=2.35895) stream shell_52…
    shell_52 folded in (17s)
[L1_m9_Jet obs0] group 13/13 (theta=2.69302, phi=2.35895) stream shell_53…
    shell_53 folded in (17s)
[L1_m9_Jet obs0] group 13/13 (theta=2.69302, phi=2.35895) stream shell_54…
    shell_54 folded in (17s)
[L1_m9_Jet obs0] group 13/13 (theta=2.69302, phi=2.35895) stream shell_55…
    shell_55 folded in (17s)
[L1_m9_Jet obs0] group 13/13 (theta=2.69302, phi=2.35895) stream shell_56…
    shell_56 folded in (17s)
[L1_m9_Jet obs0] group 13/13 (theta=2.69302, phi=2.35895) stream shell_57…
    shell_57 folded in (17s)
[L1_m9_Jet obs0] group 13/13 (theta=2.69302, phi=2.35895) stream shell_58…
    shell_58 folded in (17s)
[L1_m9_Jet obs0] group 13/13 (theta=2.69302, phi=2.35895) stream shell_59…
    shell_59 folded in (17s)
  group 13: map2alm + rotate_alm (accumulate)…
  group 13: alm folded (1269s)
  checkpoint saved after group 13 (1423s)
synthesising final map (single alm2map)…
  alm2map done (3s)

Wrote /rds/rds-lxu/flamingo/L1_m9/maps/y_unlensed_Jet_lc0_nside4096.fits  mean(y)=1.400e-06  NSIDE=4096 (RING)
Build complete. Checkpoint files can be deleted: /scratch/scratch-lxu/flamingo_map_build/ckpt_alm_L1_m9_Jet_lc0_nside4096.npy /scratch/scratch-lxu/flamingo_map_build/ckpt_yident_L1_m9_Jet_lc0_nside4096.npy /scratch/scratch-lxu/flamingo_map_build/ckpt_meta_L1_m9_Jet_lc0_nside4096.json
=== building Jet_fgas-4sigma -> /rds/rds-lxu/flamingo/L1_m9/maps/y_unlensed_Jet_fgas-4sigma_lc0_nside4096.fits ===
variant=Jet_fgas-4sigma parent=L1_m9 lc0 shell_max=60 -> 13 angle-groups; NSIDE=4096, NPIX=201,326,592, lmax=12287 (alm-accumulation: one alm2map at the end)
[L1_m9_Jet_fgas-4sigma obs0] group 1/13 (theta=0.00000, phi=0.00000) stream shell_0…
    shell_0 folded in (17s)
[L1_m9_Jet_fgas-4sigma obs0] group 1/13 (theta=0.00000, phi=0.00000) stream shell_1…
    shell_1 folded in (17s)
  group 1: no rotation (identity)
  checkpoint saved after group 1 (35s)
[L1_m9_Jet_fgas-4sigma obs0] group 2/13 (theta=3.26758, phi=1.41519) stream shell_2…
    shell_2 folded in (17s)
[L1_m9_Jet_fgas-4sigma obs0] group 2/13 (theta=3.26758, phi=1.41519) stream shell_3…
    shell_3 folded in (17s)
[L1_m9_Jet_fgas-4sigma obs0] group 2/13 (theta=3.26758, phi=1.41519) stream shell_4…
    shell_4 folded in (17s)
  group 2: map2alm + rotate_alm (accumulate)…
  group 2: alm folded (1278s)
  checkpoint saved after group 2 (1330s)
[L1_m9_Jet_fgas-4sigma obs0] group 3/13 (theta=1.51290, phi=0.80580) stream shell_5…
    shell_5 folded in (17s)
[L1_m9_Jet_fgas-4sigma obs0] group 3/13 (theta=1.51290, phi=0.80580) stream shell_6…
    shell_6 folded in (17s)
  group 3: map2alm + rotate_alm (accumulate)…
  group 3: alm folded (1288s)
  checkpoint saved after group 3 (1323s)
[L1_m9_Jet_fgas-4sigma obs0] group 4/13 (theta=3.13886, phi=0.71831) stream shell_7…
    shell_7 folded in (17s)
[L1_m9_Jet_fgas-4sigma obs0] group 4/13 (theta=3.13886, phi=0.71831) stream shell_8…
    shell_8 folded in (17s)
[L1_m9_Jet_fgas-4sigma obs0] group 4/13 (theta=3.13886, phi=0.71831) stream shell_9…
    shell_9 folded in (17s)
  group 4: map2alm + rotate_alm (accumulate)…
  group 4: alm folded (1262s)
  checkpoint saved after group 4 (1313s)
[L1_m9_Jet_fgas-4sigma obs0] group 5/13 (theta=2.17061, phi=1.77537) stream shell_10…
    shell_10 folded in (17s)
[L1_m9_Jet_fgas-4sigma obs0] group 5/13 (theta=2.17061, phi=1.77537) stream shell_11…
    shell_11 folded in (17s)
[L1_m9_Jet_fgas-4sigma obs0] group 5/13 (theta=2.17061, phi=1.77537) stream shell_12…
    shell_12 folded in (17s)
[L1_m9_Jet_fgas-4sigma obs0] group 5/13 (theta=2.17061, phi=1.77537) stream shell_13…
    shell_13 folded in (17s)
  group 5: map2alm + rotate_alm (accumulate)…
  group 5: alm folded (1280s)
  checkpoint saved after group 5 (1348s)
[L1_m9_Jet_fgas-4sigma obs0] group 6/13 (theta=4.59421, phi=0.62435) stream shell_14…
    shell_14 folded in (17s)
[L1_m9_Jet_fgas-4sigma obs0] group 6/13 (theta=4.59421, phi=0.62435) stream shell_15…
    shell_15 folded in (17s)
[L1_m9_Jet_fgas-4sigma obs0] group 6/13 (theta=4.59421, phi=0.62435) stream shell_16…
    shell_16 folded in (17s)
  group 6: map2alm + rotate_alm (accumulate)…
  group 6: alm folded (1260s)
  checkpoint saved after group 6 (1311s)
[L1_m9_Jet_fgas-4sigma obs0] group 7/13 (theta=1.14274, phi=2.14077) stream shell_17…
    shell_17 folded in (17s)
[L1_m9_Jet_fgas-4sigma obs0] group 7/13 (theta=1.14274, phi=2.14077) stream shell_18…
    shell_18 folded in (17s)
[L1_m9_Jet_fgas-4sigma obs0] group 7/13 (theta=1.14274, phi=2.14077) stream shell_19…
    shell_19 folded in (17s)
[L1_m9_Jet_fgas-4sigma obs0] group 7/13 (theta=1.14274, phi=2.14077) stream shell_20…
    shell_20 folded in (17s)
  group 7: map2alm + rotate_alm (accumulate)…
  group 7: alm folded (1272s)
  checkpoint saved after group 7 (1340s)
[L1_m9_Jet_fgas-4sigma obs0] group 8/13 (theta=2.02717, phi=0.49841) stream shell_21…
    shell_21 folded in (17s)
[L1_m9_Jet_fgas-4sigma obs0] group 8/13 (theta=2.02717, phi=0.49841) stream shell_22…
    shell_22 folded in (17s)
[L1_m9_Jet_fgas-4sigma obs0] group 8/13 (theta=2.02717, phi=0.49841) stream shell_23…
    shell_23 folded in (16s)
[L1_m9_Jet_fgas-4sigma obs0] group 8/13 (theta=2.02717, phi=0.49841) stream shell_24…
    shell_24 folded in (17s)
  group 8: map2alm + rotate_alm (accumulate)…
  group 8: alm folded (1269s)
  checkpoint saved after group 8 (1337s)
[L1_m9_Jet_fgas-4sigma obs0] group 9/13 (theta=2.77675, phi=2.01363) stream shell_25…
    shell_25 folded in (17s)
[L1_m9_Jet_fgas-4sigma obs0] group 9/13 (theta=2.77675, phi=2.01363) stream shell_26…
    shell_26 folded in (17s)
[L1_m9_Jet_fgas-4sigma obs0] group 9/13 (theta=2.77675, phi=2.01363) stream shell_27…
    shell_27 folded in (17s)
[L1_m9_Jet_fgas-4sigma obs0] group 9/13 (theta=2.77675, phi=2.01363) stream shell_28…
    shell_28 folded in (17s)
[L1_m9_Jet_fgas-4sigma obs0] group 9/13 (theta=2.77675, phi=2.01363) stream shell_29…
    shell_29 folded in (17s)
  group 9: map2alm + rotate_alm (accumulate)…
  group 9: alm folded (1263s)
  checkpoint saved after group 9 (1348s)
[L1_m9_Jet_fgas-4sigma obs0] group 10/13 (theta=0.83245, phi=2.25357) stream shell_30…
    shell_30 folded in (17s)
[L1_m9_Jet_fgas-4sigma obs0] group 10/13 (theta=0.83245, phi=2.25357) stream shell_31…
    shell_31 folded in (17s)
[L1_m9_Jet_fgas-4sigma obs0] group 10/13 (theta=0.83245, phi=2.25357) stream shell_32…
    shell_32 folded in (17s)
[L1_m9_Jet_fgas-4sigma obs0] group 10/13 (theta=0.83245, phi=2.25357) stream shell_33…
    shell_33 folded in (17s)
[L1_m9_Jet_fgas-4sigma obs0] group 10/13 (theta=0.83245, phi=2.25357) stream shell_34…
    shell_34 folded in (17s)
[L1_m9_Jet_fgas-4sigma obs0] group 10/13 (theta=0.83245, phi=2.25357) stream shell_35…
    shell_35 folded in (17s)
  group 10: map2alm + rotate_alm (accumulate)…
  group 10: alm folded (1274s)
  checkpoint saved after group 10 (1376s)
[L1_m9_Jet_fgas-4sigma obs0] group 11/13 (theta=4.95779, phi=1.85187) stream shell_36…
    shell_36 folded in (17s)
[L1_m9_Jet_fgas-4sigma obs0] group 11/13 (theta=4.95779, phi=1.85187) stream shell_37…
    shell_37 folded in (17s)
[L1_m9_Jet_fgas-4sigma obs0] group 11/13 (theta=4.95779, phi=1.85187) stream shell_38…
    shell_38 folded in (17s)
[L1_m9_Jet_fgas-4sigma obs0] group 11/13 (theta=4.95779, phi=1.85187) stream shell_39…
    shell_39 folded in (17s)
[L1_m9_Jet_fgas-4sigma obs0] group 11/13 (theta=4.95779, phi=1.85187) stream shell_40…
    shell_40 folded in (17s)
[L1_m9_Jet_fgas-4sigma obs0] group 11/13 (theta=4.95779, phi=1.85187) stream shell_41…
    shell_41 folded in (17s)
[L1_m9_Jet_fgas-4sigma obs0] group 11/13 (theta=4.95779, phi=1.85187) stream shell_42…
    shell_42 folded in (17s)
  group 11: map2alm + rotate_alm (accumulate)…
  group 11: alm folded (1298s)
  checkpoint saved after group 11 (1416s)
[L1_m9_Jet_fgas-4sigma obs0] group 12/13 (theta=2.52360, phi=1.36014) stream shell_43…
    shell_43 folded in (17s)
[L1_m9_Jet_fgas-4sigma obs0] group 12/13 (theta=2.52360, phi=1.36014) stream shell_44…
    shell_44 folded in (17s)
[L1_m9_Jet_fgas-4sigma obs0] group 12/13 (theta=2.52360, phi=1.36014) stream shell_45…
    shell_45 folded in (17s)
[L1_m9_Jet_fgas-4sigma obs0] group 12/13 (theta=2.52360, phi=1.36014) stream shell_46…
    shell_46 folded in (17s)
[L1_m9_Jet_fgas-4sigma obs0] group 12/13 (theta=2.52360, phi=1.36014) stream shell_47…
    shell_47 folded in (16s)
[L1_m9_Jet_fgas-4sigma obs0] group 12/13 (theta=2.52360, phi=1.36014) stream shell_48…
    shell_48 folded in (16s)
[L1_m9_Jet_fgas-4sigma obs0] group 12/13 (theta=2.52360, phi=1.36014) stream shell_49…
    shell_49 folded in (17s)
[L1_m9_Jet_fgas-4sigma obs0] group 12/13 (theta=2.52360, phi=1.36014) stream shell_50…
    shell_50 folded in (17s)
  group 12: map2alm + rotate_alm (accumulate)…
  group 12: alm folded (1301s)
  checkpoint saved after group 12 (1435s)
[L1_m9_Jet_fgas-4sigma obs0] group 13/13 (theta=2.69302, phi=2.35895) stream shell_51…
    shell_51 folded in (17s)
[L1_m9_Jet_fgas-4sigma obs0] group 13/13 (theta=2.69302, phi=2.35895) stream shell_52…
    shell_52 folded in (17s)
[L1_m9_Jet_fgas-4sigma obs0] group 13/13 (theta=2.69302, phi=2.35895) stream shell_53…
    shell_53 folded in (17s)
[L1_m9_Jet_fgas-4sigma obs0] group 13/13 (theta=2.69302, phi=2.35895) stream shell_54…
    shell_54 folded in (17s)
[L1_m9_Jet_fgas-4sigma obs0] group 13/13 (theta=2.69302, phi=2.35895) stream shell_55…
    shell_55 folded in (17s)
[L1_m9_Jet_fgas-4sigma obs0] group 13/13 (theta=2.69302, phi=2.35895) stream shell_56…
    shell_56 folded in (17s)
[L1_m9_Jet_fgas-4sigma obs0] group 13/13 (theta=2.69302, phi=2.35895) stream shell_57…
    shell_57 folded in (17s)
[L1_m9_Jet_fgas-4sigma obs0] group 13/13 (theta=2.69302, phi=2.35895) stream shell_58…
    shell_58 folded in (17s)
[L1_m9_Jet_fgas-4sigma obs0] group 13/13 (theta=2.69302, phi=2.35895) stream shell_59…
    shell_59 folded in (17s)
  group 13: map2alm + rotate_alm (accumulate)…
  group 13: alm folded (1296s)
  checkpoint saved after group 13 (1448s)
synthesising final map (single alm2map)…
  alm2map done (3s)

Wrote /rds/rds-lxu/flamingo/L1_m9/maps/y_unlensed_Jet_fgas-4sigma_lc0_nside4096.fits  mean(y)=1.853e-06  NSIDE=4096 (RING)
Build complete. Checkpoint files can be deleted: /scratch/scratch-lxu/flamingo_map_build/ckpt_alm_L1_m9_Jet_fgas-4sigma_lc0_nside4096.npy /scratch/scratch-lxu/flamingo_map_build/ckpt_yident_L1_m9_Jet_fgas-4sigma_lc0_nside4096.npy /scratch/scratch-lxu/flamingo_map_build/ckpt_meta_L1_m9_Jet_fgas-4sigma_lc0_nside4096.json
All L1_m9 y-maps done.
