=== building fgas+2sigma -> /rds/rds-lxu/flamingo/L1_m9/maps/y_unlensed_fgas+2sigma_lc0_nside4096.fits ===
variant=fgas+2sigma parent=L1_m9 lc0 shell_max=60 -> 13 angle-groups; NSIDE=4096, NPIX=201,326,592
[L1_m9_fgas+2sigma obs0] group 1/13 (theta=0.00000, phi=0.00000) stream shell_0…
    shell_0 folded in (27s)
[L1_m9_fgas+2sigma obs0] group 1/13 (theta=0.00000, phi=0.00000) stream shell_1…
    shell_1 folded in (31s)
  group 1: no rotation (identity)
  checkpoint saved after group 1 (61s, mean(y)=8.319e-08)
[L1_m9_fgas+2sigma obs0] group 2/13 (theta=3.26758, phi=1.41519) stream shell_2…
    shell_2 folded in (35s)
[L1_m9_fgas+2sigma obs0] group 2/13 (theta=3.26758, phi=1.41519) stream shell_3…
    shell_3 folded in (34s)
[L1_m9_fgas+2sigma obs0] group 2/13 (theta=3.26758, phi=1.41519) stream shell_4…
    shell_4 folded in (34s)
  group 2: rotating summed map once (alm)…
  group 2: rotated (1746s)
  checkpoint saved after group 2 (1851s, mean(y)=2.249e-07)
[L1_m9_fgas+2sigma obs0] group 3/13 (theta=1.51290, phi=0.80580) stream shell_5…
    shell_5 folded in (31s)
[L1_m9_fgas+2sigma obs0] group 3/13 (theta=1.51290, phi=0.80580) stream shell_6…
    shell_6 folded in (29s)
  group 3: rotating summed map once (alm)…
