=== building L1_m9 -> /rds/rds-lxu/flamingo/L1_m9/maps/y_unlensed_L1_m9_lc0_nside4096.fits ===
variant=L1_m9 parent=L1_m9 lc0 shell_max=60 -> 13 angle-groups; NSIDE=4096, NPIX=201,326,592
[L1_m9_L1_m9 obs0] group 1/13 (theta=0.00000, phi=0.00000) stream shell_0…
    shell_0 folded in (24s)
[L1_m9_L1_m9 obs0] group 1/13 (theta=0.00000, phi=0.00000) stream shell_1…
    shell_1 folded in (25s)
  group 1: no rotation (identity)
  checkpoint saved after group 1 (50s, mean(y)=8.314e-08)
[L1_m9_L1_m9 obs0] group 2/13 (theta=3.26758, phi=1.41519) stream shell_2…
    shell_2 folded in (21s)
[L1_m9_L1_m9 obs0] group 2/13 (theta=3.26758, phi=1.41519) stream shell_3…
    shell_3 folded in (22s)
[L1_m9_L1_m9 obs0] group 2/13 (theta=3.26758, phi=1.41519) stream shell_4…
    shell_4 folded in (24s)
  group 2: rotating summed map once (alm)…
  group 2: rotated (976s)
  checkpoint saved after group 2 (1043s, mean(y)=2.253e-07)
[L1_m9_L1_m9 obs0] group 3/13 (theta=1.51290, phi=0.80580) stream shell_5…
    shell_5 folded in (26s)
[L1_m9_L1_m9 obs0] group 3/13 (theta=1.51290, phi=0.80580) stream shell_6…
    shell_6 folded in (25s)
  group 3: rotating summed map once (alm)…
  group 3: rotated (959s)
  checkpoint saved after group 3 (1010s, mean(y)=3.213e-07)
[L1_m9_L1_m9 obs0] group 4/13 (theta=3.13886, phi=0.71831) stream shell_7…
    shell_7 folded in (31s)
[L1_m9_L1_m9 obs0] group 4/13 (theta=3.13886, phi=0.71831) stream shell_8…
    shell_8 folded in (31s)
[L1_m9_L1_m9 obs0] group 4/13 (theta=3.13886, phi=0.71831) stream shell_9…
    shell_9 folded in (31s)
  group 4: rotating summed map once (alm)…
  group 4: rotated (1382s)
  checkpoint saved after group 4 (1476s, mean(y)=4.631e-07)
[L1_m9_L1_m9 obs0] group 5/13 (theta=2.17061, phi=1.77537) stream shell_10…
    shell_10 folded in (27s)
[L1_m9_L1_m9 obs0] group 5/13 (theta=2.17061, phi=1.77537) stream shell_11…
    shell_11 folded in (30s)
[L1_m9_L1_m9 obs0] group 5/13 (theta=2.17061, phi=1.77537) stream shell_12…
    shell_12 folded in (30s)
[L1_m9_L1_m9 obs0] group 5/13 (theta=2.17061, phi=1.77537) stream shell_13…
    shell_13 folded in (30s)
  group 5: rotating summed map once (alm)…
  group 5: rotated (1138s)
  checkpoint saved after group 5 (1258s, mean(y)=6.401e-07)
[L1_m9_L1_m9 obs0] group 6/13 (theta=4.59421, phi=0.62435) stream shell_14…
    shell_14 folded in (34s)
[L1_m9_L1_m9 obs0] group 6/13 (theta=4.59421, phi=0.62435) stream shell_15…
    shell_15 folded in (34s)
[L1_m9_L1_m9 obs0] group 6/13 (theta=4.59421, phi=0.62435) stream shell_16…
    shell_16 folded in (33s)
  group 6: rotating summed map once (alm)…
  group 6: rotated (1822s)
  checkpoint saved after group 6 (1925s, mean(y)=7.615e-07)
[L1_m9_L1_m9 obs0] group 7/13 (theta=1.14274, phi=2.14077) stream shell_17…
    shell_17 folded in (31s)
[L1_m9_L1_m9 obs0] group 7/13 (theta=1.14274, phi=2.14077) stream shell_18…
    shell_18 folded in (31s)
[L1_m9_L1_m9 obs0] group 7/13 (theta=1.14274, phi=2.14077) stream shell_19…
    shell_19 folded in (33s)
[L1_m9_L1_m9 obs0] group 7/13 (theta=1.14274, phi=2.14077) stream shell_20…
    shell_20 folded in (33s)
  group 7: rotating summed map once (alm)…
Terminated
