2026-06-29T17:05:59+01:00 L1 y-maps done; starting L2 y-maps sequentially
skip lc0: already exists at /rds/rds-lxu/flamingo/L2p8_m9/lightcone0/healpix_map/y_unlensed_L2p8_m9_lc0.fits
=== building L2p8_m9 lc1 y-map -> /rds/rds-lxu/flamingo/L2p8_m9/lightcone1/healpix_map/y_unlensed_L2p8_m9_lc1.fits ===
variant=L2p8_m9 parent=None lc1 shell_max=60 -> 5 angle-groups; NSIDE=4096, NPIX=201,326,592, lmax=12287 (alm-accumulation: one alm2map at the end)
[L2p8_m9 obs1] group 1/5 (theta=0.00000, phi=0.00000) stream shell_0…
    shell_0 folded in (17s)
[L2p8_m9 obs1] group 1/5 (theta=0.00000, phi=0.00000) stream shell_1…
    shell_1 folded in (17s)
[L2p8_m9 obs1] group 1/5 (theta=0.00000, phi=0.00000) stream shell_2…
    shell_2 folded in (16s)
[L2p8_m9 obs1] group 1/5 (theta=0.00000, phi=0.00000) stream shell_3…
    shell_3 folded in (17s)
[L2p8_m9 obs1] group 1/5 (theta=0.00000, phi=0.00000) stream shell_4…
    shell_4 folded in (16s)
[L2p8_m9 obs1] group 1/5 (theta=0.00000, phi=0.00000) stream shell_5…
    shell_5 folded in (16s)
[L2p8_m9 obs1] group 1/5 (theta=0.00000, phi=0.00000) stream shell_6…
    shell_6 folded in (17s)
  group 1: no rotation (identity)
  checkpoint saved after group 1 (116s)
[L2p8_m9 obs1] group 2/5 (theta=2.11833, phi=0.96440) stream shell_7…
    shell_7 folded in (16s)
[L2p8_m9 obs1] group 2/5 (theta=2.11833, phi=0.96440) stream shell_8…
    shell_8 folded in (17s)
[L2p8_m9 obs1] group 2/5 (theta=2.11833, phi=0.96440) stream shell_9…
    shell_9 folded in (17s)
[L2p8_m9 obs1] group 2/5 (theta=2.11833, phi=0.96440) stream shell_10…
    shell_10 folded in (17s)
[L2p8_m9 obs1] group 2/5 (theta=2.11833, phi=0.96440) stream shell_11…
    shell_11 folded in (17s)
[L2p8_m9 obs1] group 2/5 (theta=2.11833, phi=0.96440) stream shell_12…
    shell_12 folded in (16s)
[L2p8_m9 obs1] group 2/5 (theta=2.11833, phi=0.96440) stream shell_13…
    shell_13 folded in (17s)
[L2p8_m9 obs1] group 2/5 (theta=2.11833, phi=0.96440) stream shell_14…
    shell_14 folded in (17s)
[L2p8_m9 obs1] group 2/5 (theta=2.11833, phi=0.96440) stream shell_15…
    shell_15 folded in (16s)
  group 2: map2alm + rotate_alm (accumulate)…
  group 2: alm folded (1309s)
  checkpoint saved after group 2 (1459s)
[L2p8_m9 obs1] group 3/5 (theta=1.29071, phi=1.74842) stream shell_16…
    shell_16 folded in (17s)
[L2p8_m9 obs1] group 3/5 (theta=1.29071, phi=1.74842) stream shell_17…
    shell_17 folded in (17s)
[L2p8_m9 obs1] group 3/5 (theta=1.29071, phi=1.74842) stream shell_18…
    shell_18 folded in (17s)
[L2p8_m9 obs1] group 3/5 (theta=1.29071, phi=1.74842) stream shell_19…
    shell_19 folded in (17s)
[L2p8_m9 obs1] group 3/5 (theta=1.29071, phi=1.74842) stream shell_20…
    shell_20 folded in (17s)
[L2p8_m9 obs1] group 3/5 (theta=1.29071, phi=1.74842) stream shell_21…
    shell_21 folded in (17s)
[L2p8_m9 obs1] group 3/5 (theta=1.29071, phi=1.74842) stream shell_22…
    shell_22 folded in (17s)
[L2p8_m9 obs1] group 3/5 (theta=1.29071, phi=1.74842) stream shell_23…
    shell_23 folded in (17s)
[L2p8_m9 obs1] group 3/5 (theta=1.29071, phi=1.74842) stream shell_24…
    shell_24 folded in (17s)
[L2p8_m9 obs1] group 3/5 (theta=1.29071, phi=1.74842) stream shell_25…
    shell_25 folded in (17s)
[L2p8_m9 obs1] group 3/5 (theta=1.29071, phi=1.74842) stream shell_26…
    shell_26 folded in (17s)
  group 3: map2alm + rotate_alm (accumulate)…
  group 3: alm folded (1311s)
  checkpoint saved after group 3 (1496s)
[L2p8_m9 obs1] group 4/5 (theta=5.69218, phi=0.56259) stream shell_27…
    shell_27 folded in (17s)
[L2p8_m9 obs1] group 4/5 (theta=5.69218, phi=0.56259) stream shell_28…
    shell_28 folded in (17s)
[L2p8_m9 obs1] group 4/5 (theta=5.69218, phi=0.56259) stream shell_29…
    shell_29 folded in (17s)
[L2p8_m9 obs1] group 4/5 (theta=5.69218, phi=0.56259) stream shell_30…
    shell_30 folded in (17s)
[L2p8_m9 obs1] group 4/5 (theta=5.69218, phi=0.56259) stream shell_31…
    shell_31 folded in (17s)
[L2p8_m9 obs1] group 4/5 (theta=5.69218, phi=0.56259) stream shell_32…
    shell_32 folded in (17s)
[L2p8_m9 obs1] group 4/5 (theta=5.69218, phi=0.56259) stream shell_33…
    shell_33 folded in (17s)
[L2p8_m9 obs1] group 4/5 (theta=5.69218, phi=0.56259) stream shell_34…
    shell_34 folded in (17s)
[L2p8_m9 obs1] group 4/5 (theta=5.69218, phi=0.56259) stream shell_35…
    shell_35 folded in (17s)
[L2p8_m9 obs1] group 4/5 (theta=5.69218, phi=0.56259) stream shell_36…
    shell_36 folded in (17s)
[L2p8_m9 obs1] group 4/5 (theta=5.69218, phi=0.56259) stream shell_37…
    shell_37 folded in (17s)
[L2p8_m9 obs1] group 4/5 (theta=5.69218, phi=0.56259) stream shell_38…
    shell_38 folded in (17s)
[L2p8_m9 obs1] group 4/5 (theta=5.69218, phi=0.56259) stream shell_39…
    shell_39 folded in (17s)
[L2p8_m9 obs1] group 4/5 (theta=5.69218, phi=0.56259) stream shell_40…
    shell_40 folded in (17s)
[L2p8_m9 obs1] group 4/5 (theta=5.69218, phi=0.56259) stream shell_41…
    shell_41 folded in (17s)
[L2p8_m9 obs1] group 4/5 (theta=5.69218, phi=0.56259) stream shell_42…
    shell_42 folded in (17s)
[L2p8_m9 obs1] group 4/5 (theta=5.69218, phi=0.56259) stream shell_43…
    shell_43 folded in (17s)
  group 4: map2alm + rotate_alm (accumulate)…
  group 4: alm folded (1309s)
  checkpoint saved after group 4 (1594s)
[L2p8_m9 obs1] group 5/5 (theta=3.79737, phi=1.45462) stream shell_44…
    shell_44 folded in (17s)
[L2p8_m9 obs1] group 5/5 (theta=3.79737, phi=1.45462) stream shell_45…
    shell_45 folded in (17s)
[L2p8_m9 obs1] group 5/5 (theta=3.79737, phi=1.45462) stream shell_46…
    shell_46 folded in (17s)
[L2p8_m9 obs1] group 5/5 (theta=3.79737, phi=1.45462) stream shell_47…
    shell_47 folded in (17s)
[L2p8_m9 obs1] group 5/5 (theta=3.79737, phi=1.45462) stream shell_48…
    shell_48 folded in (17s)
[L2p8_m9 obs1] group 5/5 (theta=3.79737, phi=1.45462) stream shell_49…
    shell_49 folded in (17s)
[L2p8_m9 obs1] group 5/5 (theta=3.79737, phi=1.45462) stream shell_50…
    shell_50 folded in (17s)
[L2p8_m9 obs1] group 5/5 (theta=3.79737, phi=1.45462) stream shell_51…
    shell_51 folded in (16s)
[L2p8_m9 obs1] group 5/5 (theta=3.79737, phi=1.45462) stream shell_52…
    shell_52 folded in (17s)
[L2p8_m9 obs1] group 5/5 (theta=3.79737, phi=1.45462) stream shell_53…
    shell_53 folded in (17s)
[L2p8_m9 obs1] group 5/5 (theta=3.79737, phi=1.45462) stream shell_54…
    shell_54 folded in (17s)
[L2p8_m9 obs1] group 5/5 (theta=3.79737, phi=1.45462) stream shell_55…
    shell_55 folded in (17s)
[L2p8_m9 obs1] group 5/5 (theta=3.79737, phi=1.45462) stream shell_56…
    shell_56 folded in (17s)
[L2p8_m9 obs1] group 5/5 (theta=3.79737, phi=1.45462) stream shell_57…
    shell_57 folded in (17s)
[L2p8_m9 obs1] group 5/5 (theta=3.79737, phi=1.45462) stream shell_58…
    shell_58 folded in (17s)
[L2p8_m9 obs1] group 5/5 (theta=3.79737, phi=1.45462) stream shell_59…
    shell_59 folded in (16s)
  group 5: map2alm + rotate_alm (accumulate)…
  group 5: alm folded (1293s)
  checkpoint saved after group 5 (1561s)
synthesising final map (single alm2map)…
  alm2map done (3s)

Wrote /rds/rds-lxu/flamingo/L2p8_m9/lightcone1/healpix_map/y_unlensed_L2p8_m9_lc1.fits  mean(y)=1.531e-06  NSIDE=4096 (RING)
Build complete. Checkpoint files can be deleted: /scratch/scratch-lxu/flamingo_map_build/ckpt_alm_L2p8_m9_lc1_nside4096.npy /scratch/scratch-lxu/flamingo_map_build/ckpt_yident_L2p8_m9_lc1_nside4096.npy /scratch/scratch-lxu/flamingo_map_build/ckpt_meta_L2p8_m9_lc1_nside4096.json
=== building L2p8_m9 lc2 y-map -> /rds/rds-lxu/flamingo/L2p8_m9/lightcone2/healpix_map/y_unlensed_L2p8_m9_lc2.fits ===
variant=L2p8_m9 parent=None lc2 shell_max=60 -> 5 angle-groups; NSIDE=4096, NPIX=201,326,592, lmax=12287 (alm-accumulation: one alm2map at the end)
[L2p8_m9 obs2] group 1/5 (theta=0.00000, phi=0.00000) stream shell_0…
    shell_0 folded in (17s)
[L2p8_m9 obs2] group 1/5 (theta=0.00000, phi=0.00000) stream shell_1…
    shell_1 folded in (17s)
[L2p8_m9 obs2] group 1/5 (theta=0.00000, phi=0.00000) stream shell_2…
    shell_2 folded in (17s)
[L2p8_m9 obs2] group 1/5 (theta=0.00000, phi=0.00000) stream shell_3…
    shell_3 folded in (17s)
[L2p8_m9 obs2] group 1/5 (theta=0.00000, phi=0.00000) stream shell_4…
    shell_4 folded in (17s)
[L2p8_m9 obs2] group 1/5 (theta=0.00000, phi=0.00000) stream shell_5…
    shell_5 folded in (17s)
[L2p8_m9 obs2] group 1/5 (theta=0.00000, phi=0.00000) stream shell_6…
    shell_6 folded in (17s)
  group 1: no rotation (identity)
  checkpoint saved after group 1 (118s)
[L2p8_m9 obs2] group 2/5 (theta=2.11833, phi=0.96440) stream shell_7…
    shell_7 folded in (17s)
[L2p8_m9 obs2] group 2/5 (theta=2.11833, phi=0.96440) stream shell_8…
    shell_8 folded in (17s)
[L2p8_m9 obs2] group 2/5 (theta=2.11833, phi=0.96440) stream shell_9…
    shell_9 folded in (17s)
[L2p8_m9 obs2] group 2/5 (theta=2.11833, phi=0.96440) stream shell_10…
    shell_10 folded in (17s)
[L2p8_m9 obs2] group 2/5 (theta=2.11833, phi=0.96440) stream shell_11…
    shell_11 folded in (17s)
[L2p8_m9 obs2] group 2/5 (theta=2.11833, phi=0.96440) stream shell_12…
    shell_12 folded in (17s)
[L2p8_m9 obs2] group 2/5 (theta=2.11833, phi=0.96440) stream shell_13…
    shell_13 folded in (17s)
[L2p8_m9 obs2] group 2/5 (theta=2.11833, phi=0.96440) stream shell_14…
    shell_14 folded in (17s)
[L2p8_m9 obs2] group 2/5 (theta=2.11833, phi=0.96440) stream shell_15…
    shell_15 folded in (17s)
  group 2: map2alm + rotate_alm (accumulate)…
  group 2: alm folded (1301s)
  checkpoint saved after group 2 (1452s)
[L2p8_m9 obs2] group 3/5 (theta=1.29071, phi=1.74842) stream shell_16…
    shell_16 folded in (17s)
[L2p8_m9 obs2] group 3/5 (theta=1.29071, phi=1.74842) stream shell_17…
    shell_17 folded in (17s)
[L2p8_m9 obs2] group 3/5 (theta=1.29071, phi=1.74842) stream shell_18…
    shell_18 folded in (17s)
[L2p8_m9 obs2] group 3/5 (theta=1.29071, phi=1.74842) stream shell_19…
    shell_19 folded in (17s)
[L2p8_m9 obs2] group 3/5 (theta=1.29071, phi=1.74842) stream shell_20…
    shell_20 folded in (17s)
[L2p8_m9 obs2] group 3/5 (theta=1.29071, phi=1.74842) stream shell_21…
    shell_21 folded in (17s)
[L2p8_m9 obs2] group 3/5 (theta=1.29071, phi=1.74842) stream shell_22…
    shell_22 folded in (17s)
[L2p8_m9 obs2] group 3/5 (theta=1.29071, phi=1.74842) stream shell_23…
    shell_23 folded in (16s)
[L2p8_m9 obs2] group 3/5 (theta=1.29071, phi=1.74842) stream shell_24…
    shell_24 folded in (17s)
[L2p8_m9 obs2] group 3/5 (theta=1.29071, phi=1.74842) stream shell_25…
    shell_25 folded in (17s)
[L2p8_m9 obs2] group 3/5 (theta=1.29071, phi=1.74842) stream shell_26…
    shell_26 folded in (17s)
  group 3: map2alm + rotate_alm (accumulate)…
  group 3: alm folded (1313s)
  checkpoint saved after group 3 (1497s)
[L2p8_m9 obs2] group 4/5 (theta=5.69218, phi=0.56259) stream shell_27…
    shell_27 folded in (17s)
[L2p8_m9 obs2] group 4/5 (theta=5.69218, phi=0.56259) stream shell_28…
    shell_28 folded in (17s)
[L2p8_m9 obs2] group 4/5 (theta=5.69218, phi=0.56259) stream shell_29…
    shell_29 folded in (16s)
[L2p8_m9 obs2] group 4/5 (theta=5.69218, phi=0.56259) stream shell_30…
    shell_30 folded in (17s)
[L2p8_m9 obs2] group 4/5 (theta=5.69218, phi=0.56259) stream shell_31…
    shell_31 folded in (17s)
[L2p8_m9 obs2] group 4/5 (theta=5.69218, phi=0.56259) stream shell_32…
    shell_32 folded in (17s)
[L2p8_m9 obs2] group 4/5 (theta=5.69218, phi=0.56259) stream shell_33…
    shell_33 folded in (17s)
[L2p8_m9 obs2] group 4/5 (theta=5.69218, phi=0.56259) stream shell_34…
    shell_34 folded in (17s)
[L2p8_m9 obs2] group 4/5 (theta=5.69218, phi=0.56259) stream shell_35…
    shell_35 folded in (17s)
[L2p8_m9 obs2] group 4/5 (theta=5.69218, phi=0.56259) stream shell_36…
    shell_36 folded in (17s)
[L2p8_m9 obs2] group 4/5 (theta=5.69218, phi=0.56259) stream shell_37…
    shell_37 folded in (16s)
[L2p8_m9 obs2] group 4/5 (theta=5.69218, phi=0.56259) stream shell_38…
    shell_38 folded in (17s)
[L2p8_m9 obs2] group 4/5 (theta=5.69218, phi=0.56259) stream shell_39…
    shell_39 folded in (17s)
[L2p8_m9 obs2] group 4/5 (theta=5.69218, phi=0.56259) stream shell_40…
    shell_40 folded in (17s)
[L2p8_m9 obs2] group 4/5 (theta=5.69218, phi=0.56259) stream shell_41…
    shell_41 folded in (17s)
[L2p8_m9 obs2] group 4/5 (theta=5.69218, phi=0.56259) stream shell_42…
    shell_42 folded in (17s)
[L2p8_m9 obs2] group 4/5 (theta=5.69218, phi=0.56259) stream shell_43…
    shell_43 folded in (17s)
  group 4: map2alm + rotate_alm (accumulate)…
  group 4: alm folded (1282s)
  checkpoint saved after group 4 (1566s)
[L2p8_m9 obs2] group 5/5 (theta=3.79737, phi=1.45462) stream shell_44…
    shell_44 folded in (17s)
[L2p8_m9 obs2] group 5/5 (theta=3.79737, phi=1.45462) stream shell_45…
    shell_45 folded in (17s)
[L2p8_m9 obs2] group 5/5 (theta=3.79737, phi=1.45462) stream shell_46…
    shell_46 folded in (17s)
[L2p8_m9 obs2] group 5/5 (theta=3.79737, phi=1.45462) stream shell_47…
    shell_47 folded in (17s)
[L2p8_m9 obs2] group 5/5 (theta=3.79737, phi=1.45462) stream shell_48…
    shell_48 folded in (17s)
[L2p8_m9 obs2] group 5/5 (theta=3.79737, phi=1.45462) stream shell_49…
    shell_49 folded in (17s)
[L2p8_m9 obs2] group 5/5 (theta=3.79737, phi=1.45462) stream shell_50…
    shell_50 folded in (17s)
[L2p8_m9 obs2] group 5/5 (theta=3.79737, phi=1.45462) stream shell_51…
    shell_51 folded in (16s)
[L2p8_m9 obs2] group 5/5 (theta=3.79737, phi=1.45462) stream shell_52…
    shell_52 folded in (17s)
[L2p8_m9 obs2] group 5/5 (theta=3.79737, phi=1.45462) stream shell_53…
    shell_53 folded in (17s)
[L2p8_m9 obs2] group 5/5 (theta=3.79737, phi=1.45462) stream shell_54…
    shell_54 folded in (17s)
[L2p8_m9 obs2] group 5/5 (theta=3.79737, phi=1.45462) stream shell_55…
    shell_55 folded in (17s)
[L2p8_m9 obs2] group 5/5 (theta=3.79737, phi=1.45462) stream shell_56…
    shell_56 folded in (17s)
[L2p8_m9 obs2] group 5/5 (theta=3.79737, phi=1.45462) stream shell_57…
    shell_57 folded in (17s)
[L2p8_m9 obs2] group 5/5 (theta=3.79737, phi=1.45462) stream shell_58…
    shell_58 folded in (17s)
[L2p8_m9 obs2] group 5/5 (theta=3.79737, phi=1.45462) stream shell_59…
    shell_59 folded in (16s)
  group 5: map2alm + rotate_alm (accumulate)…
  group 5: alm folded (1279s)
  checkpoint saved after group 5 (1547s)
synthesising final map (single alm2map)…
  alm2map done (3s)

Wrote /rds/rds-lxu/flamingo/L2p8_m9/lightcone2/healpix_map/y_unlensed_L2p8_m9_lc2.fits  mean(y)=1.521e-06  NSIDE=4096 (RING)
Build complete. Checkpoint files can be deleted: /scratch/scratch-lxu/flamingo_map_build/ckpt_alm_L2p8_m9_lc2_nside4096.npy /scratch/scratch-lxu/flamingo_map_build/ckpt_yident_L2p8_m9_lc2_nside4096.npy /scratch/scratch-lxu/flamingo_map_build/ckpt_meta_L2p8_m9_lc2_nside4096.json
=== building L2p8_m9 lc3 y-map -> /rds/rds-lxu/flamingo/L2p8_m9/lightcone3/healpix_map/y_unlensed_L2p8_m9_lc3.fits ===
variant=L2p8_m9 parent=None lc3 shell_max=60 -> 5 angle-groups; NSIDE=4096, NPIX=201,326,592, lmax=12287 (alm-accumulation: one alm2map at the end)
[L2p8_m9 obs3] group 1/5 (theta=0.00000, phi=0.00000) stream shell_0…
    shell_0 folded in (17s)
[L2p8_m9 obs3] group 1/5 (theta=0.00000, phi=0.00000) stream shell_1…
    shell_1 folded in (17s)
[L2p8_m9 obs3] group 1/5 (theta=0.00000, phi=0.00000) stream shell_2…
    shell_2 folded in (17s)
[L2p8_m9 obs3] group 1/5 (theta=0.00000, phi=0.00000) stream shell_3…
    shell_3 folded in (17s)
[L2p8_m9 obs3] group 1/5 (theta=0.00000, phi=0.00000) stream shell_4…
    shell_4 folded in (17s)
[L2p8_m9 obs3] group 1/5 (theta=0.00000, phi=0.00000) stream shell_5…
    shell_5 folded in (17s)
[L2p8_m9 obs3] group 1/5 (theta=0.00000, phi=0.00000) stream shell_6…
    shell_6 folded in (17s)
  group 1: no rotation (identity)
  checkpoint saved after group 1 (118s)
[L2p8_m9 obs3] group 2/5 (theta=2.11833, phi=0.96440) stream shell_7…
    shell_7 folded in (17s)
[L2p8_m9 obs3] group 2/5 (theta=2.11833, phi=0.96440) stream shell_8…
    shell_8 folded in (17s)
[L2p8_m9 obs3] group 2/5 (theta=2.11833, phi=0.96440) stream shell_9…
    shell_9 folded in (17s)
[L2p8_m9 obs3] group 2/5 (theta=2.11833, phi=0.96440) stream shell_10…
    shell_10 folded in (17s)
[L2p8_m9 obs3] group 2/5 (theta=2.11833, phi=0.96440) stream shell_11…
    shell_11 folded in (17s)
[L2p8_m9 obs3] group 2/5 (theta=2.11833, phi=0.96440) stream shell_12…
    shell_12 folded in (17s)
[L2p8_m9 obs3] group 2/5 (theta=2.11833, phi=0.96440) stream shell_13…
    shell_13 folded in (17s)
[L2p8_m9 obs3] group 2/5 (theta=2.11833, phi=0.96440) stream shell_14…
    shell_14 folded in (17s)
[L2p8_m9 obs3] group 2/5 (theta=2.11833, phi=0.96440) stream shell_15…
    shell_15 folded in (17s)
  group 2: map2alm + rotate_alm (accumulate)…
  group 2: alm folded (1304s)
  checkpoint saved after group 2 (1456s)
[L2p8_m9 obs3] group 3/5 (theta=1.29071, phi=1.74842) stream shell_16…
    shell_16 folded in (17s)
[L2p8_m9 obs3] group 3/5 (theta=1.29071, phi=1.74842) stream shell_17…
    shell_17 folded in (17s)
[L2p8_m9 obs3] group 3/5 (theta=1.29071, phi=1.74842) stream shell_18…
    shell_18 folded in (17s)
[L2p8_m9 obs3] group 3/5 (theta=1.29071, phi=1.74842) stream shell_19…
    shell_19 folded in (17s)
[L2p8_m9 obs3] group 3/5 (theta=1.29071, phi=1.74842) stream shell_20…
    shell_20 folded in (17s)
[L2p8_m9 obs3] group 3/5 (theta=1.29071, phi=1.74842) stream shell_21…
    shell_21 folded in (17s)
[L2p8_m9 obs3] group 3/5 (theta=1.29071, phi=1.74842) stream shell_22…
    shell_22 folded in (17s)
[L2p8_m9 obs3] group 3/5 (theta=1.29071, phi=1.74842) stream shell_23…
    shell_23 folded in (17s)
[L2p8_m9 obs3] group 3/5 (theta=1.29071, phi=1.74842) stream shell_24…
    shell_24 folded in (17s)
[L2p8_m9 obs3] group 3/5 (theta=1.29071, phi=1.74842) stream shell_25…
    shell_25 folded in (17s)
[L2p8_m9 obs3] group 3/5 (theta=1.29071, phi=1.74842) stream shell_26…
    shell_26 folded in (17s)
  group 3: map2alm + rotate_alm (accumulate)…
  group 3: alm folded (1264s)
  checkpoint saved after group 3 (1449s)
[L2p8_m9 obs3] group 4/5 (theta=5.69218, phi=0.56259) stream shell_27…
    shell_27 folded in (17s)
[L2p8_m9 obs3] group 4/5 (theta=5.69218, phi=0.56259) stream shell_28…
    shell_28 folded in (17s)
[L2p8_m9 obs3] group 4/5 (theta=5.69218, phi=0.56259) stream shell_29…
    shell_29 folded in (16s)
[L2p8_m9 obs3] group 4/5 (theta=5.69218, phi=0.56259) stream shell_30…
    shell_30 folded in (17s)
[L2p8_m9 obs3] group 4/5 (theta=5.69218, phi=0.56259) stream shell_31…
    shell_31 folded in (16s)
[L2p8_m9 obs3] group 4/5 (theta=5.69218, phi=0.56259) stream shell_32…
    shell_32 folded in (16s)
[L2p8_m9 obs3] group 4/5 (theta=5.69218, phi=0.56259) stream shell_33…
    shell_33 folded in (17s)
[L2p8_m9 obs3] group 4/5 (theta=5.69218, phi=0.56259) stream shell_34…
    shell_34 folded in (16s)
[L2p8_m9 obs3] group 4/5 (theta=5.69218, phi=0.56259) stream shell_35…
    shell_35 folded in (17s)
[L2p8_m9 obs3] group 4/5 (theta=5.69218, phi=0.56259) stream shell_36…
    shell_36 folded in (16s)
[L2p8_m9 obs3] group 4/5 (theta=5.69218, phi=0.56259) stream shell_37…
    shell_37 folded in (16s)
[L2p8_m9 obs3] group 4/5 (theta=5.69218, phi=0.56259) stream shell_38…
    shell_38 folded in (17s)
[L2p8_m9 obs3] group 4/5 (theta=5.69218, phi=0.56259) stream shell_39…
    shell_39 folded in (16s)
[L2p8_m9 obs3] group 4/5 (theta=5.69218, phi=0.56259) stream shell_40…
    shell_40 folded in (17s)
[L2p8_m9 obs3] group 4/5 (theta=5.69218, phi=0.56259) stream shell_41…
    shell_41 folded in (16s)
[L2p8_m9 obs3] group 4/5 (theta=5.69218, phi=0.56259) stream shell_42…
    shell_42 folded in (16s)
[L2p8_m9 obs3] group 4/5 (theta=5.69218, phi=0.56259) stream shell_43…
    shell_43 folded in (17s)
  group 4: map2alm + rotate_alm (accumulate)…
  group 4: alm folded (1279s)
  checkpoint saved after group 4 (1561s)
[L2p8_m9 obs3] group 5/5 (theta=3.79737, phi=1.45462) stream shell_44…
    shell_44 folded in (17s)
[L2p8_m9 obs3] group 5/5 (theta=3.79737, phi=1.45462) stream shell_45…
    shell_45 folded in (17s)
[L2p8_m9 obs3] group 5/5 (theta=3.79737, phi=1.45462) stream shell_46…
    shell_46 folded in (17s)
[L2p8_m9 obs3] group 5/5 (theta=3.79737, phi=1.45462) stream shell_47…
    shell_47 folded in (17s)
[L2p8_m9 obs3] group 5/5 (theta=3.79737, phi=1.45462) stream shell_48…
    shell_48 folded in (17s)
[L2p8_m9 obs3] group 5/5 (theta=3.79737, phi=1.45462) stream shell_49…
    shell_49 folded in (17s)
[L2p8_m9 obs3] group 5/5 (theta=3.79737, phi=1.45462) stream shell_50…
    shell_50 folded in (17s)
[L2p8_m9 obs3] group 5/5 (theta=3.79737, phi=1.45462) stream shell_51…
    shell_51 folded in (17s)
[L2p8_m9 obs3] group 5/5 (theta=3.79737, phi=1.45462) stream shell_52…
    shell_52 folded in (17s)
[L2p8_m9 obs3] group 5/5 (theta=3.79737, phi=1.45462) stream shell_53…
    shell_53 folded in (17s)
[L2p8_m9 obs3] group 5/5 (theta=3.79737, phi=1.45462) stream shell_54…
    shell_54 folded in (17s)
[L2p8_m9 obs3] group 5/5 (theta=3.79737, phi=1.45462) stream shell_55…
    shell_55 folded in (17s)
[L2p8_m9 obs3] group 5/5 (theta=3.79737, phi=1.45462) stream shell_56…
    shell_56 folded in (16s)
[L2p8_m9 obs3] group 5/5 (theta=3.79737, phi=1.45462) stream shell_57…
    shell_57 folded in (16s)
[L2p8_m9 obs3] group 5/5 (theta=3.79737, phi=1.45462) stream shell_58…
    shell_58 folded in (17s)
[L2p8_m9 obs3] group 5/5 (theta=3.79737, phi=1.45462) stream shell_59…
    shell_59 folded in (17s)
  group 5: map2alm + rotate_alm (accumulate)…
  group 5: alm folded (1293s)
  checkpoint saved after group 5 (1562s)
synthesising final map (single alm2map)…
  alm2map done (3s)

Wrote /rds/rds-lxu/flamingo/L2p8_m9/lightcone3/healpix_map/y_unlensed_L2p8_m9_lc3.fits  mean(y)=1.518e-06  NSIDE=4096 (RING)
Build complete. Checkpoint files can be deleted: /scratch/scratch-lxu/flamingo_map_build/ckpt_alm_L2p8_m9_lc3_nside4096.npy /scratch/scratch-lxu/flamingo_map_build/ckpt_yident_L2p8_m9_lc3_nside4096.npy /scratch/scratch-lxu/flamingo_map_build/ckpt_meta_L2p8_m9_lc3_nside4096.json
=== building L2p8_m9 lc4 y-map -> /rds/rds-lxu/flamingo/L2p8_m9/lightcone4/healpix_map/y_unlensed_L2p8_m9_lc4.fits ===
variant=L2p8_m9 parent=None lc4 shell_max=60 -> 5 angle-groups; NSIDE=4096, NPIX=201,326,592, lmax=12287 (alm-accumulation: one alm2map at the end)
[L2p8_m9 obs4] group 1/5 (theta=0.00000, phi=0.00000) stream shell_0…
    shell_0 folded in (17s)
[L2p8_m9 obs4] group 1/5 (theta=0.00000, phi=0.00000) stream shell_1…
    shell_1 folded in (17s)
[L2p8_m9 obs4] group 1/5 (theta=0.00000, phi=0.00000) stream shell_2…
    shell_2 folded in (17s)
[L2p8_m9 obs4] group 1/5 (theta=0.00000, phi=0.00000) stream shell_3…
    shell_3 folded in (17s)
[L2p8_m9 obs4] group 1/5 (theta=0.00000, phi=0.00000) stream shell_4…
    shell_4 folded in (16s)
[L2p8_m9 obs4] group 1/5 (theta=0.00000, phi=0.00000) stream shell_5…
    shell_5 folded in (17s)
[L2p8_m9 obs4] group 1/5 (theta=0.00000, phi=0.00000) stream shell_6…
    shell_6 folded in (17s)
  group 1: no rotation (identity)
  checkpoint saved after group 1 (117s)
[L2p8_m9 obs4] group 2/5 (theta=2.11833, phi=0.96440) stream shell_7…
    shell_7 folded in (16s)
[L2p8_m9 obs4] group 2/5 (theta=2.11833, phi=0.96440) stream shell_8…
    shell_8 folded in (17s)
[L2p8_m9 obs4] group 2/5 (theta=2.11833, phi=0.96440) stream shell_9…
    shell_9 folded in (17s)
[L2p8_m9 obs4] group 2/5 (theta=2.11833, phi=0.96440) stream shell_10…
    shell_10 folded in (17s)
[L2p8_m9 obs4] group 2/5 (theta=2.11833, phi=0.96440) stream shell_11…
    shell_11 folded in (17s)
[L2p8_m9 obs4] group 2/5 (theta=2.11833, phi=0.96440) stream shell_12…
    shell_12 folded in (16s)
[L2p8_m9 obs4] group 2/5 (theta=2.11833, phi=0.96440) stream shell_13…
    shell_13 folded in (17s)
[L2p8_m9 obs4] group 2/5 (theta=2.11833, phi=0.96440) stream shell_14…
    shell_14 folded in (17s)
[L2p8_m9 obs4] group 2/5 (theta=2.11833, phi=0.96440) stream shell_15…
    shell_15 folded in (17s)
  group 2: map2alm + rotate_alm (accumulate)…
  group 2: alm folded (1288s)
  checkpoint saved after group 2 (1439s)
[L2p8_m9 obs4] group 3/5 (theta=1.29071, phi=1.74842) stream shell_16…
    shell_16 folded in (17s)
[L2p8_m9 obs4] group 3/5 (theta=1.29071, phi=1.74842) stream shell_17…
    shell_17 folded in (17s)
[L2p8_m9 obs4] group 3/5 (theta=1.29071, phi=1.74842) stream shell_18…
    shell_18 folded in (17s)
[L2p8_m9 obs4] group 3/5 (theta=1.29071, phi=1.74842) stream shell_19…
    shell_19 folded in (17s)
[L2p8_m9 obs4] group 3/5 (theta=1.29071, phi=1.74842) stream shell_20…
    shell_20 folded in (17s)
[L2p8_m9 obs4] group 3/5 (theta=1.29071, phi=1.74842) stream shell_21…
    shell_21 folded in (17s)
[L2p8_m9 obs4] group 3/5 (theta=1.29071, phi=1.74842) stream shell_22…
    shell_22 folded in (17s)
[L2p8_m9 obs4] group 3/5 (theta=1.29071, phi=1.74842) stream shell_23…
    shell_23 folded in (17s)
[L2p8_m9 obs4] group 3/5 (theta=1.29071, phi=1.74842) stream shell_24…
    shell_24 folded in (17s)
[L2p8_m9 obs4] group 3/5 (theta=1.29071, phi=1.74842) stream shell_25…
    shell_25 folded in (17s)
[L2p8_m9 obs4] group 3/5 (theta=1.29071, phi=1.74842) stream shell_26…
    shell_26 folded in (17s)
  group 3: map2alm + rotate_alm (accumulate)…
  group 3: alm folded (1310s)
  checkpoint saved after group 3 (1495s)
[L2p8_m9 obs4] group 4/5 (theta=5.69218, phi=0.56259) stream shell_27…
    shell_27 folded in (17s)
[L2p8_m9 obs4] group 4/5 (theta=5.69218, phi=0.56259) stream shell_28…
    shell_28 folded in (17s)
[L2p8_m9 obs4] group 4/5 (theta=5.69218, phi=0.56259) stream shell_29…
    shell_29 folded in (17s)
[L2p8_m9 obs4] group 4/5 (theta=5.69218, phi=0.56259) stream shell_30…
    shell_30 folded in (17s)
[L2p8_m9 obs4] group 4/5 (theta=5.69218, phi=0.56259) stream shell_31…
    shell_31 folded in (17s)
[L2p8_m9 obs4] group 4/5 (theta=5.69218, phi=0.56259) stream shell_32…
    shell_32 folded in (17s)
[L2p8_m9 obs4] group 4/5 (theta=5.69218, phi=0.56259) stream shell_33…
    shell_33 folded in (17s)
[L2p8_m9 obs4] group 4/5 (theta=5.69218, phi=0.56259) stream shell_34…
    shell_34 folded in (17s)
[L2p8_m9 obs4] group 4/5 (theta=5.69218, phi=0.56259) stream shell_35…
    shell_35 folded in (17s)
[L2p8_m9 obs4] group 4/5 (theta=5.69218, phi=0.56259) stream shell_36…
    shell_36 folded in (17s)
[L2p8_m9 obs4] group 4/5 (theta=5.69218, phi=0.56259) stream shell_37…
    shell_37 folded in (17s)
[L2p8_m9 obs4] group 4/5 (theta=5.69218, phi=0.56259) stream shell_38…
    shell_38 folded in (17s)
[L2p8_m9 obs4] group 4/5 (theta=5.69218, phi=0.56259) stream shell_39…
    shell_39 folded in (17s)
[L2p8_m9 obs4] group 4/5 (theta=5.69218, phi=0.56259) stream shell_40…
    shell_40 folded in (17s)
[L2p8_m9 obs4] group 4/5 (theta=5.69218, phi=0.56259) stream shell_41…
    shell_41 folded in (17s)
[L2p8_m9 obs4] group 4/5 (theta=5.69218, phi=0.56259) stream shell_42…
    shell_42 folded in (17s)
[L2p8_m9 obs4] group 4/5 (theta=5.69218, phi=0.56259) stream shell_43…
    shell_43 folded in (17s)
  group 4: map2alm + rotate_alm (accumulate)…
  group 4: alm folded (1328s)
  checkpoint saved after group 4 (1614s)
[L2p8_m9 obs4] group 5/5 (theta=3.79737, phi=1.45462) stream shell_44…
    shell_44 folded in (17s)
[L2p8_m9 obs4] group 5/5 (theta=3.79737, phi=1.45462) stream shell_45…
    shell_45 folded in (17s)
[L2p8_m9 obs4] group 5/5 (theta=3.79737, phi=1.45462) stream shell_46…
    shell_46 folded in (17s)
[L2p8_m9 obs4] group 5/5 (theta=3.79737, phi=1.45462) stream shell_47…
    shell_47 folded in (17s)
[L2p8_m9 obs4] group 5/5 (theta=3.79737, phi=1.45462) stream shell_48…
    shell_48 folded in (17s)
[L2p8_m9 obs4] group 5/5 (theta=3.79737, phi=1.45462) stream shell_49…
    shell_49 folded in (17s)
[L2p8_m9 obs4] group 5/5 (theta=3.79737, phi=1.45462) stream shell_50…
    shell_50 folded in (17s)
[L2p8_m9 obs4] group 5/5 (theta=3.79737, phi=1.45462) stream shell_51…
    shell_51 folded in (17s)
[L2p8_m9 obs4] group 5/5 (theta=3.79737, phi=1.45462) stream shell_52…
    shell_52 folded in (17s)
[L2p8_m9 obs4] group 5/5 (theta=3.79737, phi=1.45462) stream shell_53…
    shell_53 folded in (17s)
[L2p8_m9 obs4] group 5/5 (theta=3.79737, phi=1.45462) stream shell_54…
    shell_54 folded in (17s)
[L2p8_m9 obs4] group 5/5 (theta=3.79737, phi=1.45462) stream shell_55…
    shell_55 folded in (17s)
[L2p8_m9 obs4] group 5/5 (theta=3.79737, phi=1.45462) stream shell_56…
    shell_56 folded in (17s)
[L2p8_m9 obs4] group 5/5 (theta=3.79737, phi=1.45462) stream shell_57…
    shell_57 folded in (17s)
[L2p8_m9 obs4] group 5/5 (theta=3.79737, phi=1.45462) stream shell_58…
    shell_58 folded in (17s)
[L2p8_m9 obs4] group 5/5 (theta=3.79737, phi=1.45462) stream shell_59…
    shell_59 folded in (17s)
  group 5: map2alm + rotate_alm (accumulate)…
  group 5: alm folded (1309s)
  checkpoint saved after group 5 (1578s)
synthesising final map (single alm2map)…
  alm2map done (3s)

Wrote /rds/rds-lxu/flamingo/L2p8_m9/lightcone4/healpix_map/y_unlensed_L2p8_m9_lc4.fits  mean(y)=1.518e-06  NSIDE=4096 (RING)
Build complete. Checkpoint files can be deleted: /scratch/scratch-lxu/flamingo_map_build/ckpt_alm_L2p8_m9_lc4_nside4096.npy /scratch/scratch-lxu/flamingo_map_build/ckpt_yident_L2p8_m9_lc4_nside4096.npy /scratch/scratch-lxu/flamingo_map_build/ckpt_meta_L2p8_m9_lc4_nside4096.json
=== building L2p8_m9 lc5 y-map -> /rds/rds-lxu/flamingo/L2p8_m9/lightcone5/healpix_map/y_unlensed_L2p8_m9_lc5.fits ===
variant=L2p8_m9 parent=None lc5 shell_max=60 -> 5 angle-groups; NSIDE=4096, NPIX=201,326,592, lmax=12287 (alm-accumulation: one alm2map at the end)
[L2p8_m9 obs5] group 1/5 (theta=0.00000, phi=0.00000) stream shell_0…
    shell_0 folded in (17s)
[L2p8_m9 obs5] group 1/5 (theta=0.00000, phi=0.00000) stream shell_1…
    shell_1 folded in (17s)
[L2p8_m9 obs5] group 1/5 (theta=0.00000, phi=0.00000) stream shell_2…
    shell_2 folded in (16s)
[L2p8_m9 obs5] group 1/5 (theta=0.00000, phi=0.00000) stream shell_3…
    shell_3 folded in (17s)
[L2p8_m9 obs5] group 1/5 (theta=0.00000, phi=0.00000) stream shell_4…
    shell_4 folded in (17s)
[L2p8_m9 obs5] group 1/5 (theta=0.00000, phi=0.00000) stream shell_5…
    shell_5 folded in (17s)
[L2p8_m9 obs5] group 1/5 (theta=0.00000, phi=0.00000) stream shell_6…
    shell_6 folded in (17s)
  group 1: no rotation (identity)
  checkpoint saved after group 1 (119s)
[L2p8_m9 obs5] group 2/5 (theta=2.11833, phi=0.96440) stream shell_7…
    shell_7 folded in (17s)
[L2p8_m9 obs5] group 2/5 (theta=2.11833, phi=0.96440) stream shell_8…
    shell_8 folded in (16s)
[L2p8_m9 obs5] group 2/5 (theta=2.11833, phi=0.96440) stream shell_9…
    shell_9 folded in (17s)
[L2p8_m9 obs5] group 2/5 (theta=2.11833, phi=0.96440) stream shell_10…
    shell_10 folded in (17s)
[L2p8_m9 obs5] group 2/5 (theta=2.11833, phi=0.96440) stream shell_11…
    shell_11 folded in (18s)
[L2p8_m9 obs5] group 2/5 (theta=2.11833, phi=0.96440) stream shell_12…
    shell_12 folded in (17s)
[L2p8_m9 obs5] group 2/5 (theta=2.11833, phi=0.96440) stream shell_13…
    shell_13 folded in (17s)
[L2p8_m9 obs5] group 2/5 (theta=2.11833, phi=0.96440) stream shell_14…
    shell_14 folded in (17s)
[L2p8_m9 obs5] group 2/5 (theta=2.11833, phi=0.96440) stream shell_15…
    shell_15 folded in (17s)
  group 2: map2alm + rotate_alm (accumulate)…
  group 2: alm folded (1301s)
  checkpoint saved after group 2 (1454s)
[L2p8_m9 obs5] group 3/5 (theta=1.29071, phi=1.74842) stream shell_16…
    shell_16 folded in (17s)
[L2p8_m9 obs5] group 3/5 (theta=1.29071, phi=1.74842) stream shell_17…
    shell_17 folded in (17s)
[L2p8_m9 obs5] group 3/5 (theta=1.29071, phi=1.74842) stream shell_18…
    shell_18 folded in (16s)
[L2p8_m9 obs5] group 3/5 (theta=1.29071, phi=1.74842) stream shell_19…
    shell_19 folded in (17s)
[L2p8_m9 obs5] group 3/5 (theta=1.29071, phi=1.74842) stream shell_20…
    shell_20 folded in (17s)
[L2p8_m9 obs5] group 3/5 (theta=1.29071, phi=1.74842) stream shell_21…
    shell_21 folded in (16s)
[L2p8_m9 obs5] group 3/5 (theta=1.29071, phi=1.74842) stream shell_22…
    shell_22 folded in (17s)
[L2p8_m9 obs5] group 3/5 (theta=1.29071, phi=1.74842) stream shell_23…
    shell_23 folded in (17s)
[L2p8_m9 obs5] group 3/5 (theta=1.29071, phi=1.74842) stream shell_24…
    shell_24 folded in (17s)
[L2p8_m9 obs5] group 3/5 (theta=1.29071, phi=1.74842) stream shell_25…
    shell_25 folded in (17s)
[L2p8_m9 obs5] group 3/5 (theta=1.29071, phi=1.74842) stream shell_26…
    shell_26 folded in (17s)
  group 3: map2alm + rotate_alm (accumulate)…
  group 3: alm folded (1298s)
  checkpoint saved after group 3 (1484s)
[L2p8_m9 obs5] group 4/5 (theta=5.69218, phi=0.56259) stream shell_27…
    shell_27 folded in (17s)
[L2p8_m9 obs5] group 4/5 (theta=5.69218, phi=0.56259) stream shell_28…
    shell_28 folded in (17s)
[L2p8_m9 obs5] group 4/5 (theta=5.69218, phi=0.56259) stream shell_29…
    shell_29 folded in (17s)
[L2p8_m9 obs5] group 4/5 (theta=5.69218, phi=0.56259) stream shell_30…
    shell_30 folded in (17s)
[L2p8_m9 obs5] group 4/5 (theta=5.69218, phi=0.56259) stream shell_31…
    shell_31 folded in (17s)
[L2p8_m9 obs5] group 4/5 (theta=5.69218, phi=0.56259) stream shell_32…
    shell_32 folded in (17s)
[L2p8_m9 obs5] group 4/5 (theta=5.69218, phi=0.56259) stream shell_33…
    shell_33 folded in (17s)
[L2p8_m9 obs5] group 4/5 (theta=5.69218, phi=0.56259) stream shell_34…
    shell_34 folded in (17s)
[L2p8_m9 obs5] group 4/5 (theta=5.69218, phi=0.56259) stream shell_35…
    shell_35 folded in (17s)
[L2p8_m9 obs5] group 4/5 (theta=5.69218, phi=0.56259) stream shell_36…
    shell_36 folded in (17s)
[L2p8_m9 obs5] group 4/5 (theta=5.69218, phi=0.56259) stream shell_37…
    shell_37 folded in (17s)
[L2p8_m9 obs5] group 4/5 (theta=5.69218, phi=0.56259) stream shell_38…
    shell_38 folded in (17s)
[L2p8_m9 obs5] group 4/5 (theta=5.69218, phi=0.56259) stream shell_39…
    shell_39 folded in (17s)
[L2p8_m9 obs5] group 4/5 (theta=5.69218, phi=0.56259) stream shell_40…
    shell_40 folded in (17s)
[L2p8_m9 obs5] group 4/5 (theta=5.69218, phi=0.56259) stream shell_41…
    shell_41 folded in (17s)
[L2p8_m9 obs5] group 4/5 (theta=5.69218, phi=0.56259) stream shell_42…
    shell_42 folded in (17s)
[L2p8_m9 obs5] group 4/5 (theta=5.69218, phi=0.56259) stream shell_43…
    shell_43 folded in (17s)
  group 4: map2alm + rotate_alm (accumulate)…
  group 4: alm folded (1295s)
  checkpoint saved after group 4 (1581s)
[L2p8_m9 obs5] group 5/5 (theta=3.79737, phi=1.45462) stream shell_44…
    shell_44 folded in (17s)
[L2p8_m9 obs5] group 5/5 (theta=3.79737, phi=1.45462) stream shell_45…
    shell_45 folded in (17s)
[L2p8_m9 obs5] group 5/5 (theta=3.79737, phi=1.45462) stream shell_46…
    shell_46 folded in (17s)
[L2p8_m9 obs5] group 5/5 (theta=3.79737, phi=1.45462) stream shell_47…
    shell_47 folded in (18s)
[L2p8_m9 obs5] group 5/5 (theta=3.79737, phi=1.45462) stream shell_48…
    shell_48 folded in (17s)
[L2p8_m9 obs5] group 5/5 (theta=3.79737, phi=1.45462) stream shell_49…
    shell_49 folded in (17s)
[L2p8_m9 obs5] group 5/5 (theta=3.79737, phi=1.45462) stream shell_50…
    shell_50 folded in (17s)
[L2p8_m9 obs5] group 5/5 (theta=3.79737, phi=1.45462) stream shell_51…
    shell_51 folded in (19s)
[L2p8_m9 obs5] group 5/5 (theta=3.79737, phi=1.45462) stream shell_52…
    shell_52 folded in (29s)
[L2p8_m9 obs5] group 5/5 (theta=3.79737, phi=1.45462) stream shell_53…
    shell_53 folded in (40s)
[L2p8_m9 obs5] group 5/5 (theta=3.79737, phi=1.45462) stream shell_54…
    shell_54 folded in (17s)
[L2p8_m9 obs5] group 5/5 (theta=3.79737, phi=1.45462) stream shell_55…
    shell_55 folded in (17s)
[L2p8_m9 obs5] group 5/5 (theta=3.79737, phi=1.45462) stream shell_56…
    shell_56 folded in (17s)
[L2p8_m9 obs5] group 5/5 (theta=3.79737, phi=1.45462) stream shell_57…
    shell_57 folded in (17s)
[L2p8_m9 obs5] group 5/5 (theta=3.79737, phi=1.45462) stream shell_58…
    shell_58 folded in (17s)
[L2p8_m9 obs5] group 5/5 (theta=3.79737, phi=1.45462) stream shell_59…
    shell_59 folded in (17s)
  group 5: map2alm + rotate_alm (accumulate)…
  group 5: alm folded (1258s)
  checkpoint saved after group 5 (1566s)
synthesising final map (single alm2map)…
  alm2map done (3s)

Wrote /rds/rds-lxu/flamingo/L2p8_m9/lightcone5/healpix_map/y_unlensed_L2p8_m9_lc5.fits  mean(y)=1.517e-06  NSIDE=4096 (RING)
Build complete. Checkpoint files can be deleted: /scratch/scratch-lxu/flamingo_map_build/ckpt_alm_L2p8_m9_lc5_nside4096.npy /scratch/scratch-lxu/flamingo_map_build/ckpt_yident_L2p8_m9_lc5_nside4096.npy /scratch/scratch-lxu/flamingo_map_build/ckpt_meta_L2p8_m9_lc5_nside4096.json
=== building L2p8_m9 lc6 y-map -> /rds/rds-lxu/flamingo/L2p8_m9/lightcone6/healpix_map/y_unlensed_L2p8_m9_lc6.fits ===
variant=L2p8_m9 parent=None lc6 shell_max=60 -> 5 angle-groups; NSIDE=4096, NPIX=201,326,592, lmax=12287 (alm-accumulation: one alm2map at the end)
[L2p8_m9 obs6] group 1/5 (theta=0.00000, phi=0.00000) stream shell_0…
    shell_0 folded in (17s)
[L2p8_m9 obs6] group 1/5 (theta=0.00000, phi=0.00000) stream shell_1…
    shell_1 folded in (17s)
[L2p8_m9 obs6] group 1/5 (theta=0.00000, phi=0.00000) stream shell_2…
    shell_2 folded in (16s)
[L2p8_m9 obs6] group 1/5 (theta=0.00000, phi=0.00000) stream shell_3…
    shell_3 folded in (17s)
[L2p8_m9 obs6] group 1/5 (theta=0.00000, phi=0.00000) stream shell_4…
    shell_4 folded in (17s)
[L2p8_m9 obs6] group 1/5 (theta=0.00000, phi=0.00000) stream shell_5…
    shell_5 folded in (17s)
[L2p8_m9 obs6] group 1/5 (theta=0.00000, phi=0.00000) stream shell_6…
    shell_6 folded in (17s)
  group 1: no rotation (identity)
  checkpoint saved after group 1 (118s)
[L2p8_m9 obs6] group 2/5 (theta=2.11833, phi=0.96440) stream shell_7…
    shell_7 folded in (17s)
[L2p8_m9 obs6] group 2/5 (theta=2.11833, phi=0.96440) stream shell_8…
    shell_8 folded in (16s)
[L2p8_m9 obs6] group 2/5 (theta=2.11833, phi=0.96440) stream shell_9…
    shell_9 folded in (17s)
[L2p8_m9 obs6] group 2/5 (theta=2.11833, phi=0.96440) stream shell_10…
    shell_10 folded in (16s)
[L2p8_m9 obs6] group 2/5 (theta=2.11833, phi=0.96440) stream shell_11…
    shell_11 folded in (17s)
[L2p8_m9 obs6] group 2/5 (theta=2.11833, phi=0.96440) stream shell_12…
    shell_12 folded in (17s)
[L2p8_m9 obs6] group 2/5 (theta=2.11833, phi=0.96440) stream shell_13…
    shell_13 folded in (16s)
[L2p8_m9 obs6] group 2/5 (theta=2.11833, phi=0.96440) stream shell_14…
    shell_14 folded in (17s)
[L2p8_m9 obs6] group 2/5 (theta=2.11833, phi=0.96440) stream shell_15…
    shell_15 folded in (16s)
  group 2: map2alm + rotate_alm (accumulate)…
  group 2: alm folded (1266s)
  checkpoint saved after group 2 (1416s)
[L2p8_m9 obs6] group 3/5 (theta=1.29071, phi=1.74842) stream shell_16…
    shell_16 folded in (17s)
[L2p8_m9 obs6] group 3/5 (theta=1.29071, phi=1.74842) stream shell_17…
    shell_17 folded in (17s)
[L2p8_m9 obs6] group 3/5 (theta=1.29071, phi=1.74842) stream shell_18…
    shell_18 folded in (17s)
[L2p8_m9 obs6] group 3/5 (theta=1.29071, phi=1.74842) stream shell_19…
    shell_19 folded in (17s)
[L2p8_m9 obs6] group 3/5 (theta=1.29071, phi=1.74842) stream shell_20…
    shell_20 folded in (17s)
[L2p8_m9 obs6] group 3/5 (theta=1.29071, phi=1.74842) stream shell_21…
    shell_21 folded in (16s)
[L2p8_m9 obs6] group 3/5 (theta=1.29071, phi=1.74842) stream shell_22…
    shell_22 folded in (17s)
[L2p8_m9 obs6] group 3/5 (theta=1.29071, phi=1.74842) stream shell_23…
    shell_23 folded in (16s)
[L2p8_m9 obs6] group 3/5 (theta=1.29071, phi=1.74842) stream shell_24…
    shell_24 folded in (17s)
[L2p8_m9 obs6] group 3/5 (theta=1.29071, phi=1.74842) stream shell_25…
    shell_25 folded in (17s)
[L2p8_m9 obs6] group 3/5 (theta=1.29071, phi=1.74842) stream shell_26…
    shell_26 folded in (16s)
  group 3: map2alm + rotate_alm (accumulate)…
  group 3: alm folded (1256s)
  checkpoint saved after group 3 (1441s)
[L2p8_m9 obs6] group 4/5 (theta=5.69218, phi=0.56259) stream shell_27…
    shell_27 folded in (17s)
[L2p8_m9 obs6] group 4/5 (theta=5.69218, phi=0.56259) stream shell_28…
    shell_28 folded in (16s)
[L2p8_m9 obs6] group 4/5 (theta=5.69218, phi=0.56259) stream shell_29…
    shell_29 folded in (16s)
[L2p8_m9 obs6] group 4/5 (theta=5.69218, phi=0.56259) stream shell_30…
    shell_30 folded in (17s)
[L2p8_m9 obs6] group 4/5 (theta=5.69218, phi=0.56259) stream shell_31…
    shell_31 folded in (16s)
[L2p8_m9 obs6] group 4/5 (theta=5.69218, phi=0.56259) stream shell_32…
    shell_32 folded in (16s)
[L2p8_m9 obs6] group 4/5 (theta=5.69218, phi=0.56259) stream shell_33…
    shell_33 folded in (16s)
[L2p8_m9 obs6] group 4/5 (theta=5.69218, phi=0.56259) stream shell_34…
    shell_34 folded in (16s)
[L2p8_m9 obs6] group 4/5 (theta=5.69218, phi=0.56259) stream shell_35…
    shell_35 folded in (17s)
[L2p8_m9 obs6] group 4/5 (theta=5.69218, phi=0.56259) stream shell_36…
    shell_36 folded in (16s)
[L2p8_m9 obs6] group 4/5 (theta=5.69218, phi=0.56259) stream shell_37…
    shell_37 folded in (16s)
[L2p8_m9 obs6] group 4/5 (theta=5.69218, phi=0.56259) stream shell_38…
    shell_38 folded in (16s)
[L2p8_m9 obs6] group 4/5 (theta=5.69218, phi=0.56259) stream shell_39…
    shell_39 folded in (16s)
[L2p8_m9 obs6] group 4/5 (theta=5.69218, phi=0.56259) stream shell_40…
    shell_40 folded in (17s)
[L2p8_m9 obs6] group 4/5 (theta=5.69218, phi=0.56259) stream shell_41…
    shell_41 folded in (16s)
[L2p8_m9 obs6] group 4/5 (theta=5.69218, phi=0.56259) stream shell_42…
    shell_42 folded in (16s)
[L2p8_m9 obs6] group 4/5 (theta=5.69218, phi=0.56259) stream shell_43…
    shell_43 folded in (17s)
  group 4: map2alm + rotate_alm (accumulate)…
  group 4: alm folded (1268s)
  checkpoint saved after group 4 (1548s)
[L2p8_m9 obs6] group 5/5 (theta=3.79737, phi=1.45462) stream shell_44…
    shell_44 folded in (17s)
[L2p8_m9 obs6] group 5/5 (theta=3.79737, phi=1.45462) stream shell_45…
    shell_45 folded in (17s)
[L2p8_m9 obs6] group 5/5 (theta=3.79737, phi=1.45462) stream shell_46…
    shell_46 folded in (16s)
[L2p8_m9 obs6] group 5/5 (theta=3.79737, phi=1.45462) stream shell_47…
    shell_47 folded in (17s)
[L2p8_m9 obs6] group 5/5 (theta=3.79737, phi=1.45462) stream shell_48…
    shell_48 folded in (17s)
[L2p8_m9 obs6] group 5/5 (theta=3.79737, phi=1.45462) stream shell_49…
    shell_49 folded in (17s)
[L2p8_m9 obs6] group 5/5 (theta=3.79737, phi=1.45462) stream shell_50…
    shell_50 folded in (17s)
[L2p8_m9 obs6] group 5/5 (theta=3.79737, phi=1.45462) stream shell_51…
    shell_51 folded in (17s)
[L2p8_m9 obs6] group 5/5 (theta=3.79737, phi=1.45462) stream shell_52…
    shell_52 folded in (17s)
[L2p8_m9 obs6] group 5/5 (theta=3.79737, phi=1.45462) stream shell_53…
    shell_53 folded in (17s)
[L2p8_m9 obs6] group 5/5 (theta=3.79737, phi=1.45462) stream shell_54…
    shell_54 folded in (16s)
[L2p8_m9 obs6] group 5/5 (theta=3.79737, phi=1.45462) stream shell_55…
    shell_55 folded in (17s)
[L2p8_m9 obs6] group 5/5 (theta=3.79737, phi=1.45462) stream shell_56…
    shell_56 folded in (17s)
[L2p8_m9 obs6] group 5/5 (theta=3.79737, phi=1.45462) stream shell_57…
    shell_57 folded in (17s)
[L2p8_m9 obs6] group 5/5 (theta=3.79737, phi=1.45462) stream shell_58…
    shell_58 folded in (17s)
[L2p8_m9 obs6] group 5/5 (theta=3.79737, phi=1.45462) stream shell_59…
    shell_59 folded in (17s)
  group 5: map2alm + rotate_alm (accumulate)…
  group 5: alm folded (1252s)
  checkpoint saved after group 5 (1520s)
synthesising final map (single alm2map)…
  alm2map done (3s)

Wrote /rds/rds-lxu/flamingo/L2p8_m9/lightcone6/healpix_map/y_unlensed_L2p8_m9_lc6.fits  mean(y)=1.525e-06  NSIDE=4096 (RING)
Build complete. Checkpoint files can be deleted: /scratch/scratch-lxu/flamingo_map_build/ckpt_alm_L2p8_m9_lc6_nside4096.npy /scratch/scratch-lxu/flamingo_map_build/ckpt_yident_L2p8_m9_lc6_nside4096.npy /scratch/scratch-lxu/flamingo_map_build/ckpt_meta_L2p8_m9_lc6_nside4096.json
=== building L2p8_m9 lc7 y-map -> /rds/rds-lxu/flamingo/L2p8_m9/lightcone7/healpix_map/y_unlensed_L2p8_m9_lc7.fits ===
variant=L2p8_m9 parent=None lc7 shell_max=60 -> 5 angle-groups; NSIDE=4096, NPIX=201,326,592, lmax=12287 (alm-accumulation: one alm2map at the end)
[L2p8_m9 obs7] group 1/5 (theta=0.00000, phi=0.00000) stream shell_0…
    shell_0 folded in (17s)
[L2p8_m9 obs7] group 1/5 (theta=0.00000, phi=0.00000) stream shell_1…
    shell_1 folded in (17s)
[L2p8_m9 obs7] group 1/5 (theta=0.00000, phi=0.00000) stream shell_2…
    shell_2 folded in (17s)
[L2p8_m9 obs7] group 1/5 (theta=0.00000, phi=0.00000) stream shell_3…
    shell_3 folded in (17s)
[L2p8_m9 obs7] group 1/5 (theta=0.00000, phi=0.00000) stream shell_4…
    shell_4 folded in (17s)
[L2p8_m9 obs7] group 1/5 (theta=0.00000, phi=0.00000) stream shell_5…
    shell_5 folded in (16s)
[L2p8_m9 obs7] group 1/5 (theta=0.00000, phi=0.00000) stream shell_6…
    shell_6 folded in (17s)
  group 1: no rotation (identity)
  checkpoint saved after group 1 (118s)
[L2p8_m9 obs7] group 2/5 (theta=2.11833, phi=0.96440) stream shell_7…
    shell_7 folded in (17s)
[L2p8_m9 obs7] group 2/5 (theta=2.11833, phi=0.96440) stream shell_8…
    shell_8 folded in (17s)
[L2p8_m9 obs7] group 2/5 (theta=2.11833, phi=0.96440) stream shell_9…
    shell_9 folded in (17s)
[L2p8_m9 obs7] group 2/5 (theta=2.11833, phi=0.96440) stream shell_10…
    shell_10 folded in (17s)
[L2p8_m9 obs7] group 2/5 (theta=2.11833, phi=0.96440) stream shell_11…
    shell_11 folded in (17s)
[L2p8_m9 obs7] group 2/5 (theta=2.11833, phi=0.96440) stream shell_12…
    shell_12 folded in (17s)
[L2p8_m9 obs7] group 2/5 (theta=2.11833, phi=0.96440) stream shell_13…
    shell_13 folded in (16s)
[L2p8_m9 obs7] group 2/5 (theta=2.11833, phi=0.96440) stream shell_14…
    shell_14 folded in (17s)
[L2p8_m9 obs7] group 2/5 (theta=2.11833, phi=0.96440) stream shell_15…
    shell_15 folded in (17s)
  group 2: map2alm + rotate_alm (accumulate)…
  group 2: alm folded (1266s)
  checkpoint saved after group 2 (1418s)
[L2p8_m9 obs7] group 3/5 (theta=1.29071, phi=1.74842) stream shell_16…
    shell_16 folded in (17s)
[L2p8_m9 obs7] group 3/5 (theta=1.29071, phi=1.74842) stream shell_17…
    shell_17 folded in (17s)
[L2p8_m9 obs7] group 3/5 (theta=1.29071, phi=1.74842) stream shell_18…
    shell_18 folded in (17s)
[L2p8_m9 obs7] group 3/5 (theta=1.29071, phi=1.74842) stream shell_19…
    shell_19 folded in (17s)
[L2p8_m9 obs7] group 3/5 (theta=1.29071, phi=1.74842) stream shell_20…
    shell_20 folded in (17s)
[L2p8_m9 obs7] group 3/5 (theta=1.29071, phi=1.74842) stream shell_21…
    shell_21 folded in (16s)
[L2p8_m9 obs7] group 3/5 (theta=1.29071, phi=1.74842) stream shell_22…
    shell_22 folded in (17s)
[L2p8_m9 obs7] group 3/5 (theta=1.29071, phi=1.74842) stream shell_23…
    shell_23 folded in (16s)
[L2p8_m9 obs7] group 3/5 (theta=1.29071, phi=1.74842) stream shell_24…
    shell_24 folded in (17s)
[L2p8_m9 obs7] group 3/5 (theta=1.29071, phi=1.74842) stream shell_25…
    shell_25 folded in (17s)
[L2p8_m9 obs7] group 3/5 (theta=1.29071, phi=1.74842) stream shell_26…
    shell_26 folded in (17s)
  group 3: map2alm + rotate_alm (accumulate)…
  group 3: alm folded (1261s)
  checkpoint saved after group 3 (1446s)
[L2p8_m9 obs7] group 4/5 (theta=5.69218, phi=0.56259) stream shell_27…
    shell_27 folded in (17s)
[L2p8_m9 obs7] group 4/5 (theta=5.69218, phi=0.56259) stream shell_28…
    shell_28 folded in (17s)
[L2p8_m9 obs7] group 4/5 (theta=5.69218, phi=0.56259) stream shell_29…
    shell_29 folded in (17s)
[L2p8_m9 obs7] group 4/5 (theta=5.69218, phi=0.56259) stream shell_30…
    shell_30 folded in (17s)
[L2p8_m9 obs7] group 4/5 (theta=5.69218, phi=0.56259) stream shell_31…
    shell_31 folded in (17s)
[L2p8_m9 obs7] group 4/5 (theta=5.69218, phi=0.56259) stream shell_32…
    shell_32 folded in (17s)
[L2p8_m9 obs7] group 4/5 (theta=5.69218, phi=0.56259) stream shell_33…
    shell_33 folded in (17s)
[L2p8_m9 obs7] group 4/5 (theta=5.69218, phi=0.56259) stream shell_34…
    shell_34 folded in (17s)
[L2p8_m9 obs7] group 4/5 (theta=5.69218, phi=0.56259) stream shell_35…
    shell_35 folded in (17s)
[L2p8_m9 obs7] group 4/5 (theta=5.69218, phi=0.56259) stream shell_36…
    shell_36 folded in (17s)
[L2p8_m9 obs7] group 4/5 (theta=5.69218, phi=0.56259) stream shell_37…
    shell_37 folded in (17s)
[L2p8_m9 obs7] group 4/5 (theta=5.69218, phi=0.56259) stream shell_38…
    shell_38 folded in (17s)
[L2p8_m9 obs7] group 4/5 (theta=5.69218, phi=0.56259) stream shell_39…
    shell_39 folded in (17s)
[L2p8_m9 obs7] group 4/5 (theta=5.69218, phi=0.56259) stream shell_40…
    shell_40 folded in (17s)
[L2p8_m9 obs7] group 4/5 (theta=5.69218, phi=0.56259) stream shell_41…
    shell_41 folded in (17s)
[L2p8_m9 obs7] group 4/5 (theta=5.69218, phi=0.56259) stream shell_42…
    shell_42 folded in (17s)
[L2p8_m9 obs7] group 4/5 (theta=5.69218, phi=0.56259) stream shell_43…
    shell_43 folded in (17s)
  group 4: map2alm + rotate_alm (accumulate)…
  group 4: alm folded (1252s)
  checkpoint saved after group 4 (1538s)
[L2p8_m9 obs7] group 5/5 (theta=3.79737, phi=1.45462) stream shell_44…
    shell_44 folded in (18s)
[L2p8_m9 obs7] group 5/5 (theta=3.79737, phi=1.45462) stream shell_45…
    shell_45 folded in (19s)
[L2p8_m9 obs7] group 5/5 (theta=3.79737, phi=1.45462) stream shell_46…
    shell_46 folded in (18s)
[L2p8_m9 obs7] group 5/5 (theta=3.79737, phi=1.45462) stream shell_47…
    shell_47 folded in (18s)
[L2p8_m9 obs7] group 5/5 (theta=3.79737, phi=1.45462) stream shell_48…
    shell_48 folded in (19s)
[L2p8_m9 obs7] group 5/5 (theta=3.79737, phi=1.45462) stream shell_49…
    shell_49 folded in (18s)
[L2p8_m9 obs7] group 5/5 (theta=3.79737, phi=1.45462) stream shell_50…
    shell_50 folded in (17s)
[L2p8_m9 obs7] group 5/5 (theta=3.79737, phi=1.45462) stream shell_51…
    shell_51 folded in (17s)
[L2p8_m9 obs7] group 5/5 (theta=3.79737, phi=1.45462) stream shell_52…
    shell_52 folded in (17s)
[L2p8_m9 obs7] group 5/5 (theta=3.79737, phi=1.45462) stream shell_53…
    shell_53 folded in (17s)
[L2p8_m9 obs7] group 5/5 (theta=3.79737, phi=1.45462) stream shell_54…
    shell_54 folded in (17s)
[L2p8_m9 obs7] group 5/5 (theta=3.79737, phi=1.45462) stream shell_55…
    shell_55 folded in (18s)
[L2p8_m9 obs7] group 5/5 (theta=3.79737, phi=1.45462) stream shell_56…
    shell_56 folded in (17s)
[L2p8_m9 obs7] group 5/5 (theta=3.79737, phi=1.45462) stream shell_57…
    shell_57 folded in (17s)
[L2p8_m9 obs7] group 5/5 (theta=3.79737, phi=1.45462) stream shell_58…
    shell_58 folded in (17s)
[L2p8_m9 obs7] group 5/5 (theta=3.79737, phi=1.45462) stream shell_59…
    shell_59 folded in (18s)
  group 5: map2alm + rotate_alm (accumulate)…
  group 5: alm folded (1260s)
  checkpoint saved after group 5 (1545s)
synthesising final map (single alm2map)…
  alm2map done (3s)

Wrote /rds/rds-lxu/flamingo/L2p8_m9/lightcone7/healpix_map/y_unlensed_L2p8_m9_lc7.fits  mean(y)=1.508e-06  NSIDE=4096 (RING)
Build complete. Checkpoint files can be deleted: /scratch/scratch-lxu/flamingo_map_build/ckpt_alm_L2p8_m9_lc7_nside4096.npy /scratch/scratch-lxu/flamingo_map_build/ckpt_yident_L2p8_m9_lc7_nside4096.npy /scratch/scratch-lxu/flamingo_map_build/ckpt_meta_L2p8_m9_lc7_nside4096.json
All L2p8_m9 y-maps done.
